TN:
SF:C:/amttp/contracts/AMTTPCore.sol
DA:1,0
DA:37,2665
DA:84,2
DA:85,2
DA:86,1
DA:136,26
DA:137,4
DA:140,7
DA:141,1
DA:144,1
DA:145,2
DA:148,1
DA:151,1
DA:154,0
DA:155,0
DA:183,56
DA:184,8
DA:185,4
DA:188,7
DA:189,6
DA:190,4
DA:206,1
DA:208,2
DA:210,1
DA:211,1
DA:215,4
DA:216,1
DA:227,0
DA:230,0
DA:231,0
DA:235,0
DA:236,0
DA:238,0
DA:240,0
DA:245,0
DA:247,0
DA:250,1
DA:251,0
DA:255,0
DA:258,1
DA:261,0
DA:262,2
DA:265,0
DA:268,0
DA:269,0
DA:271,0
DA:276,0
DA:277,0
DA:278,0
DA:279,0
DA:281,0
DA:292,0
DA:293,0
DA:304,0
DA:306,0
DA:313,0
DA:316,0
DA:317,0
DA:338,3
DA:339,8
DA:340,1
DA:342,4
DA:343,1
DA:345,4
DA:346,4
DA:348,0
DA:350,0
DA:351,0
DA:352,0
DA:354,0
DA:355,0
DA:361,0
DA:362,0
DA:365,0
DA:369,0
DA:371,0
DA:382,0
DA:384,0
DA:385,1
DA:386,0
DA:388,0
DA:406,8
DA:407,4
DA:408,4
DA:409,4
DA:410,4
DA:411,5
DA:412,1
DA:413,4
DA:416,6
DA:417,0
DA:418,0
DA:419,0
DA:421,0
DA:422,3
DA:423,2
DA:425,0
DA:426,0
DA:427,0
DA:429,0
DA:431,0
DA:435,0
DA:444,0
DA:445,0
DA:466,0
DA:468,0
DA:469,0
DA:471,0
DA:472,0
DA:476,0
DA:478,0
DA:479,0
DA:480,0
DA:482,0
DA:486,0
DA:487,0
DA:502,0
DA:503,0
DA:509,0
DA:516,0
DA:518,0
DA:521,0
DA:522,0
DA:523,0
DA:524,0
DA:544,0
DA:545,0
DA:547,0
DA:549,0
DA:551,0
DA:552,0
DA:555,10
DA:557,0
DA:558,0
DA:559,0
DA:562,0
DA:564,0
DA:565,0
DA:566,0
DA:567,0
DA:570,0
DA:572,0
DA:573,0
DA:584,7
DA:589,12
DA:591,0
DA:598,0
DA:599,0
DA:604,0
DA:605,0
DA:609,0
DA:614,0
DA:616,0
DA:619,0
DA:622,0
DA:625,0
DA:626,0
DA:627,0
DA:628,0
DA:629,0
DA:632,0
DA:633,0
DA:636,0
DA:637,0
DA:638,0
DA:639,0
DA:641,0
DA:642,0
DA:645,0
DA:648,0
DA:649,0
DA:650,0
DA:651,0
DA:660,0
DA:668,0
DA:669,0
DA:672,0
DA:673,0
DA:692,1
DA:695,1
DA:701,4
DA:716,0
DA:724,0
DA:725,0
DA:729,0
DA:731,0
DA:732,0
end_of_record

SF:C:/amttp/contracts/interfaces/IAMTTP.sol
end_of_record

SF:C:/amttp/contracts/interfaces/IAMTTPCoreZkNAF.sol
end_of_record

SF:C:/amttp/contracts/test/EchidnaAMTTPCore.sol
DA:9,1239
DA:13,4
DA:24,433
DA:28,1
DA:31,75
DA:32,1
DA:33,0
DA:34,0
DA:40,1
DA:41,1
DA:42,1
DA:44,6
DA:47,0
DA:51,32
DA:54,16
DA:57,29
DA:59,2
DA:60,30
DA:78,0
DA:79,0
DA:80,0
DA:85,0
DA:98,0
DA:101,0
DA:104,0
DA:105,0
DA:106,0
DA:107,0
DA:108,0
DA:117,4
DA:124,4
DA:143,0
DA:150,5
DA:156,2
DA:158,0
DA:160,2
DA:161,10
DA:162,0
DA:163,0
DA:164,0
DA:167,0
DA:168,0
DA:170,0
DA:174,0
DA:176,0
DA:178,0
DA:184,2
DA:186,7
DA:188,0
DA:191,0
DA:193,0
DA:194,0
DA:195,0
DA:197,0
DA:202,1
DA:204,10
DA:207,0
DA:209,0
DA:211,0
DA:217,10
DA:220,14
DA:222,0
DA:225,0
DA:227,0
DA:228,0
DA:229,0
DA:247,0
DA:250,0
DA:251,0
DA:252,0
DA:254,0
DA:256,0
DA:259,0
DA:260,0
DA:262,0
DA:282,0
DA:294,0
DA:307,0
end_of_record

SF:C:/amttp/node_modules/@openzeppelin/contracts/interfaces/IERC1967.sol
DA:27,55
end_of_record

SF:C:/amttp/node_modules/@openzeppelin/contracts/interfaces/draft-IERC1822.sol
end_of_record

SF:C:/amttp/node_modules/@openzeppelin/contracts/proxy/ERC1967/ERC1967Proxy.sol
end_of_record

SF:C:/amttp/node_modules/@openzeppelin/contracts/proxy/ERC1967/ERC1967Upgrade.sol
DA:24,3
DA:46,0
DA:60,0
DA:61,0
DA:71,0
DA:81,0
DA:83,0
DA:84,0
DA:89,0
DA:92,0
end_of_record

SF:C:/amttp/node_modules/@openzeppelin/contracts/proxy/Proxy.sol
end_of_record

SF:C:/amttp/node_modules/@openzeppelin/contracts/proxy/beacon/IBeacon.sol
DA:17,76
end_of_record

SF:C:/amttp/node_modules/@openzeppelin/contracts/token/ERC20/ERC20.sol
DA:30,4
DA:43,6
DA:45,10
DA:49,0
DA:62,3
DA:123,0
end_of_record

SF:C:/amttp/node_modules/@openzeppelin/contracts/token/ERC20/IERC20.sol
DA:41,2
DA:48,8
DA:58,2
DA:59,2
DA:71,0
DA:73,0
DA:79,0
end_of_record

SF:C:/amttp/node_modules/@openzeppelin/contracts/token/ERC20/extensions/IERC20Metadata.sol
DA:29,26
end_of_record

SF:C:/amttp/node_modules/@openzeppelin/contracts/token/ERC20/extensions/IERC20Permit.sol
DA:7,0
DA:35,2
DA:91,0
end_of_record

SF:C:/amttp/node_modules/@openzeppelin/contracts/token/ERC20/utils/SafeERC20.sol
DA:26,4
end_of_record

SF:C:/amttp/node_modules/@openzeppelin/contracts/utils/Address.sol
DA:40,0
end_of_record

SF:C:/amttp/node_modules/@openzeppelin/contracts/utils/Context.sol
end_of_record

SF:C:/amttp/node_modules/@openzeppelin/contracts/utils/StorageSlot.sol
end_of_record

SF:C:/amttp/node_modules/@openzeppelin/contracts/utils/Strings.sol
DA:21,220
end_of_record

SF:C:/amttp/node_modules/@openzeppelin/contracts/utils/cryptography/ECDSA.sol
DA:31,11
DA:49,2
DA:55,16
end_of_record

SF:C:/amttp/node_modules/@openzeppelin/contracts/utils/math/Math.sol
DA:40,14
end_of_record

SF:C:/amttp/node_modules/@openzeppelin/contracts/utils/math/SignedMath.sol
end_of_record

SF:C:/amttp/node_modules/@openzeppelin/contracts-upgradeable/access/OwnableUpgradeable.sol
DA:49,0
DA:64,1
DA:71,1
DA:96,106
end_of_record

SF:C:/amttp/node_modules/@openzeppelin/contracts-upgradeable/interfaces/IERC1967Upgradeable.sol
end_of_record

SF:C:/amttp/node_modules/@openzeppelin/contracts-upgradeable/interfaces/draft-IERC1822Upgradeable.sol
end_of_record

SF:C:/amttp/node_modules/@openzeppelin/contracts-upgradeable/proxy/ERC1967/ERC1967UpgradeUpgradeable.sol
end_of_record

SF:C:/amttp/node_modules/@openzeppelin/contracts-upgradeable/proxy/beacon/IBeaconUpgradeable.sol
DA:17,0
end_of_record

SF:C:/amttp/node_modules/@openzeppelin/contracts-upgradeable/proxy/utils/Initializable.sol
DA:9,0
DA:38,5
DA:138,0
DA:167,24
end_of_record

SF:C:/amttp/node_modules/@openzeppelin/contracts-upgradeable/proxy/utils/UUPSUpgradeable.sol
DA:15,12
end_of_record

SF:C:/amttp/node_modules/@openzeppelin/contracts-upgradeable/security/PausableUpgradeable.sol
DA:47,0
end_of_record

SF:C:/amttp/node_modules/@openzeppelin/contracts-upgradeable/security/ReentrancyGuardUpgradeable.sol
DA:8,0
end_of_record

SF:C:/amttp/node_modules/@openzeppelin/contracts-upgradeable/utils/AddressUpgradeable.sol
DA:15,0
DA:19,0
DA:22,0
DA:23,0
DA:24,0
DA:26,0
DA:27,0
DA:28,0
DA:29,0
DA:55,0
DA:57,0
DA:62,0
DA:65,0
DA:67,0
DA:89,0
DA:90,0
DA:123,0
DA:149,0
DA:150,0
DA:151,0
DA:158,0
DA:159,0
DA:160,0
DA:161,0
DA:186,0
end_of_record

SF:C:/amttp/node_modules/@openzeppelin/contracts-upgradeable/utils/ContextUpgradeable.sol
DA:8,0
end_of_record

SF:C:/amttp/node_modules/@openzeppelin/contracts-upgradeable/utils/StorageSlotUpgradeable.sol
DA:5,0
end_of_record

