TN:
SF:C:/amttp/contracts/AMTTPBiconomyModule.sol
DA:1,0
DA:19,0
DA:24,0
DA:25,0
DA:26,0
DA:76,0
DA:79,0
DA:83,0
DA:85,0
DA:87,0
DA:89,0
DA:91,0
DA:97,0
DA:98,0
DA:100,0
DA:133,0
DA:136,0
DA:139,0
DA:140,0
DA:152,0
DA:155,0
DA:158,0
DA:159,0
DA:161,0
DA:163,0
DA:164,0
DA:166,0
DA:169,0
DA:171,0
DA:172,0
DA:173,0
DA:174,0
DA:182,0
DA:183,0
DA:185,0
DA:186,0
DA:189,0
DA:200,0
DA:203,0
DA:204,0
DA:205,0
DA:206,0
DA:209,0
DA:211,0
DA:215,0
DA:216,0
DA:218,0
DA:220,0
DA:221,0
DA:223,0
DA:225,0
DA:227,0
DA:229,0
DA:234,0
DA:236,0
DA:239,0
DA:241,0
DA:245,0
DA:257,0
DA:260,0
DA:261,0
DA:262,0
DA:263,0
DA:264,0
DA:265,0
DA:267,0
DA:268,0
DA:269,0
DA:270,0
DA:272,0
DA:275,0
DA:276,0
DA:294,0
DA:295,0
DA:298,0
DA:300,0
DA:301,0
DA:303,0
DA:305,0
DA:310,0
DA:312,0
DA:314,0
DA:315,0
DA:319,0
DA:320,0
DA:323,0
DA:324,0
DA:331,0
DA:339,0
DA:340,0
DA:341,0
DA:345,0
DA:350,0
DA:351,0
DA:360,0
DA:362,0
DA:366,0
DA:369,0
DA:373,0
DA:375,0
DA:377,0
DA:392,0
DA:402,0
DA:410,0
DA:418,0
DA:420,0
DA:424,0
DA:427,0
DA:428,0
DA:429,0
DA:433,0
DA:434,0
DA:435,0
DA:437,0
DA:443,0
DA:444,0
DA:446,0
DA:453,0
DA:454,0
DA:455,0
DA:456,0
DA:458,0
DA:459,0
DA:466,0
DA:470,0
DA:471,0
DA:472,0
DA:473,0
DA:482,0
DA:484,0
DA:489,0
DA:490,0
DA:491,0
DA:492,0
DA:494,0
DA:495,0
DA:498,0
DA:499,0
DA:506,0
DA:508,0
DA:511,0
DA:512,0
DA:513,0
DA:514,0
DA:516,0
DA:518,0
DA:521,0
DA:527,0
DA:531,0
DA:538,0
DA:541,0
DA:545,0
DA:546,0
DA:557,0
DA:558,0
DA:560,0
DA:564,0
DA:566,0
DA:568,0
DA:571,0
DA:575,0
DA:578,0
DA:581,0
DA:585,0
DA:586,0
DA:587,0
DA:592,0
DA:594,0
DA:597,0
DA:602,0
DA:605,0
DA:606,0
DA:609,0
DA:615,0
DA:617,0
DA:623,0
DA:624,0
DA:625,0
DA:626,0
DA:627,0
DA:629,0
DA:632,0
DA:635,0
end_of_record

SF:C:/amttp/contracts/AMTTPCore.sol
DA:36,3075
DA:81,2
DA:82,2
DA:83,4
DA:133,26
DA:135,4
DA:137,7
DA:138,1
DA:141,1
DA:142,2
DA:145,1
DA:148,1
DA:173,56
DA:174,8
DA:175,4
DA:179,13
DA:180,4
DA:198,3
DA:200,1
DA:201,1
DA:205,4
DA:206,1
DA:217,0
DA:220,0
DA:222,0
DA:225,0
DA:227,0
DA:230,0
DA:234,0
DA:236,0
DA:239,1
DA:240,0
DA:244,0
DA:246,0
DA:250,0
DA:262,0
DA:266,0
DA:272,0
DA:274,0
DA:275,0
DA:297,5
DA:299,4
DA:300,3
DA:302,5
DA:304,4
DA:305,4
DA:306,0
DA:307,0
DA:312,0
DA:313,0
DA:318,0
DA:320,0
DA:331,0
DA:334,0
DA:335,1
DA:336,0
DA:338,0
DA:355,4
DA:356,4
DA:357,4
DA:358,4
DA:359,4
DA:360,4
DA:361,5
DA:362,2
DA:363,4
DA:365,7
DA:366,8
DA:367,0
DA:368,13
DA:369,2
DA:370,2
DA:372,4
DA:373,50
DA:384,1
DA:404,0
DA:406,0
DA:407,0
DA:408,0
DA:410,0
DA:411,0
DA:416,0
DA:418,0
DA:419,0
DA:420,0
DA:424,0
DA:425,0
DA:426,0
DA:427,0
DA:441,0
DA:447,0
DA:448,0
DA:449,0
DA:455,0
DA:459,0
DA:461,0
DA:462,0
DA:463,0
DA:465,0
DA:467,0
DA:483,0
DA:486,0
DA:489,0
DA:490,0
DA:491,0
DA:493,5
DA:495,5
DA:497,0
DA:499,0
DA:500,0
DA:503,0
DA:504,0
DA:506,0
DA:507,0
DA:508,0
DA:510,0
DA:511,0
DA:512,0
DA:523,6
DA:527,17
DA:528,1
DA:529,0
DA:531,0
DA:533,4
DA:539,6
DA:541,0
DA:542,0
DA:545,0
DA:549,0
DA:551,0
DA:554,0
DA:555,0
DA:556,0
DA:557,4
DA:558,9
DA:559,1
DA:561,3
DA:562,0
DA:563,0
DA:567,0
DA:570,0
DA:571,0
DA:572,0
DA:573,0
DA:577,0
DA:578,0
DA:582,0
DA:585,0
DA:590,0
DA:592,0
DA:598,0
DA:602,0
DA:603,0
DA:623,1
DA:628,1
DA:630,3
DA:632,1
end_of_record

SF:C:/amttp/contracts/AMTTPCoreSecure.sol
DA:49,0
DA:104,0
DA:105,0
DA:106,0
DA:108,0
DA:178,0
DA:181,0
DA:182,0
DA:186,0
DA:187,0
DA:188,0
DA:190,0
DA:193,0
DA:196,0
DA:199,0
DA:202,0
DA:204,0
DA:206,0
DA:207,0
DA:208,0
DA:213,0
DA:216,0
DA:219,0
DA:222,0
DA:223,0
DA:224,0
DA:225,0
DA:295,0
DA:296,0
DA:297,0
DA:298,0
DA:299,0
DA:318,0
DA:319,0
DA:322,0
DA:323,0
DA:324,0
DA:326,0
DA:328,0
DA:331,0
DA:334,0
DA:335,0
DA:349,0
DA:354,0
DA:355,0
DA:363,0
DA:364,0
DA:365,0
DA:366,0
DA:373,0
DA:374,0
DA:375,0
DA:376,0
DA:377,0
DA:378,0
DA:382,0
DA:396,0
DA:398,0
DA:399,0
DA:404,0
DA:406,0
DA:407,0
DA:412,0
DA:413,0
DA:415,0
DA:417,0
DA:422,0
DA:429,0
DA:430,0
DA:433,0
DA:435,0
DA:455,0
DA:459,0
DA:462,0
DA:471,0
DA:473,0
DA:476,0
DA:480,0
DA:481,0
DA:482,0
DA:485,0
DA:486,0
DA:490,0
DA:491,0
DA:497,0
DA:498,0
DA:499,0
DA:500,0
DA:502,0
DA:503,0
DA:505,0
DA:510,0
DA:511,0
DA:512,0
DA:513,0
DA:518,0
DA:519,0
DA:520,0
DA:522,0
DA:523,0
DA:527,0
DA:529,0
DA:530,0
DA:533,0
DA:534,0
DA:537,0
DA:555,0
DA:556,0
DA:557,0
DA:560,0
DA:563,0
DA:565,0
DA:585,0
DA:587,0
DA:590,0
DA:591,0
DA:594,0
DA:595,0
DA:596,0
DA:599,0
DA:602,0
DA:603,0
DA:612,0
DA:613,0
DA:614,0
DA:615,0
DA:616,0
DA:626,0
DA:646,0
DA:648,0
DA:649,0
DA:672,0
DA:674,0
DA:676,0
DA:677,0
DA:678,0
DA:686,0
DA:702,0
DA:706,0
DA:708,0
DA:735,0
DA:736,0
DA:738,0
DA:739,0
DA:740,0
DA:742,0
DA:743,0
DA:744,0
DA:745,0
DA:746,0
DA:747,0
DA:749,0
DA:753,0
DA:754,0
DA:756,0
DA:759,0
DA:761,0
DA:762,0
DA:765,0
DA:767,0
DA:769,0
DA:780,0
DA:781,0
DA:783,0
DA:784,0
DA:806,0
DA:807,0
DA:808,0
DA:810,0
DA:814,0
DA:815,0
DA:816,0
DA:824,0
DA:825,0
DA:826,0
DA:828,0
DA:829,0
DA:831,0
DA:836,0
DA:837,0
DA:838,0
DA:840,0
DA:842,0
DA:852,0
DA:854,0
DA:873,0
DA:874,0
DA:876,0
DA:881,0
DA:883,0
DA:884,0
DA:885,0
DA:886,0
DA:887,0
DA:900,0
DA:901,0
DA:903,0
DA:910,0
DA:911,0
DA:912,0
DA:915,0
DA:917,0
DA:918,0
DA:939,0
DA:940,0
DA:941,0
DA:943,0
DA:944,0
DA:947,0
DA:949,0
DA:964,0
DA:965,0
DA:967,0
DA:969,0
DA:973,0
DA:974,0
DA:975,0
DA:976,0
DA:978,0
DA:982,0
DA:983,0
DA:985,0
DA:986,0
DA:1004,0
DA:1005,0
DA:1006,0
DA:1007,0
DA:1008,0
DA:1012,0
DA:1015,0
DA:1017,0
DA:1018,0
DA:1019,0
DA:1020,0
DA:1021,0
DA:1022,0
DA:1023,0
DA:1043,0
DA:1049,0
DA:1050,0
DA:1054,0
DA:1056,0
DA:1061,0
DA:1062,0
DA:1068,0
DA:1069,0
DA:1072,0
DA:1073,0
DA:1075,0
DA:1076,0
DA:1078,0
DA:1079,0
DA:1080,0
DA:1081,0
DA:1087,0
DA:1088,0
DA:1089,0
DA:1094,0
DA:1095,0
DA:1096,0
DA:1098,0
DA:1100,0
DA:1102,0
DA:1104,0
DA:1105,0
DA:1106,0
DA:1107,0
DA:1108,0
DA:1109,0
DA:1111,0
DA:1112,0
DA:1121,0
DA:1122,0
DA:1123,0
DA:1127,0
DA:1129,0
DA:1137,0
DA:1138,0
DA:1146,0
DA:1150,0
DA:1152,0
DA:1153,0
DA:1158,0
DA:1173,0
DA:1178,0
DA:1183,0
DA:1186,0
DA:1188,0
DA:1189,0
DA:1195,0
DA:1197,0
DA:1226,0
DA:1227,0
DA:1228,0
DA:1229,0
DA:1230,0
DA:1232,0
DA:1233,0
DA:1240,0
DA:1241,0
DA:1242,0
DA:1263,0
end_of_record

SF:C:/amttp/contracts/AMTTPCrossChain.sol
DA:30,0
DA:44,0
DA:45,0
DA:46,0
DA:48,0
DA:50,0
DA:54,0
DA:58,0
DA:61,0
DA:64,0
DA:68,0
DA:71,0
DA:74,0
DA:77,0
DA:79,0
DA:83,0
DA:86,0
DA:91,0
DA:93,0
DA:193,0
DA:194,0
DA:195,0
DA:197,0
DA:200,0
DA:203,0
DA:222,0
DA:223,0
DA:224,0
DA:225,0
DA:226,0
DA:228,0
DA:229,0
DA:230,0
DA:233,0
DA:235,0
DA:245,0
DA:250,0
DA:251,0
DA:258,0
DA:263,0
DA:280,0
DA:281,0
DA:284,0
DA:287,0
DA:288,0
DA:290,0
DA:293,0
DA:294,0
DA:295,0
DA:296,0
DA:298,0
DA:300,0
DA:304,0
DA:305,0
DA:307,0
DA:309,0
DA:310,0
DA:312,0
DA:313,0
DA:315,0
DA:319,0
DA:321,0
DA:323,0
DA:325,0
DA:328,0
DA:347,0
DA:349,0
DA:350,0
DA:351,0
DA:353,0
DA:356,0
DA:358,0
DA:360,0
DA:361,0
DA:362,0
DA:363,0
DA:364,0
DA:365,0
DA:367,0
DA:368,0
DA:370,0
DA:374,0
DA:376,0
DA:396,0
DA:398,0
DA:399,0
DA:400,0
DA:401,0
DA:402,0
DA:407,0
DA:409,0
DA:410,0
DA:412,0
DA:438,0
DA:439,0
DA:443,0
DA:447,0
DA:449,0
DA:450,0
DA:451,0
DA:454,0
DA:458,0
DA:461,0
DA:465,0
DA:466,0
DA:467,0
DA:476,0
DA:477,0
DA:479,0
DA:480,0
DA:483,0
DA:487,0
DA:491,0
DA:494,0
DA:497,0
DA:505,0
DA:507,0
DA:512,0
DA:518,0
DA:521,0
DA:523,0
DA:533,0
DA:535,0
DA:537,0
DA:542,0
DA:543,0
DA:545,0
DA:556,0
DA:558,0
DA:569,0
DA:571,0
DA:584,0
DA:596,0
DA:612,0
DA:614,0
DA:615,0
DA:616,0
DA:617,0
DA:620,0
DA:621,0
DA:623,0
DA:631,0
DA:646,0
DA:649,0
DA:650,0
DA:654,0
DA:658,0
DA:662,0
DA:663,0
DA:664,0
DA:665,0
DA:666,0
DA:667,0
DA:691,0
DA:696,0
DA:698,0
DA:706,0
DA:712,0
DA:719,0
DA:727,0
DA:728,0
DA:729,0
DA:736,0
DA:740,0
DA:743,0
DA:744,0
DA:747,0
DA:748,0
DA:750,0
DA:751,0
DA:762,0
DA:763,0
DA:767,0
DA:769,0
DA:780,0
DA:788,0
DA:790,0
DA:799,0
DA:806,0
DA:809,0
DA:816,0
DA:822,0
DA:824,0
DA:825,0
DA:827,0
DA:828,0
end_of_record

SF:C:/amttp/contracts/AMTTPDisputeResolver.sol
DA:21,0
DA:31,0
DA:32,0
DA:35,0
DA:36,0
DA:44,0
DA:46,0
DA:48,0
DA:72,0
DA:76,0
DA:79,0
DA:82,0
DA:133,0
DA:136,0
DA:139,0
DA:158,0
DA:160,0
DA:161,0
DA:162,0
DA:164,0
DA:165,0
DA:167,0
DA:181,0
DA:190,0
DA:192,0
DA:193,0
DA:206,0
DA:208,0
DA:211,0
DA:212,0
DA:215,0
DA:216,0
DA:218,0
DA:221,0
DA:224,0
DA:227,0
DA:229,0
DA:231,0
DA:233,0
DA:235,0
DA:236,0
DA:254,0
DA:255,0
DA:256,0
DA:257,0
DA:259,0
DA:261,0
DA:264,0
DA:265,0
DA:267,0
DA:282,0
DA:288,0
DA:309,0
DA:310,0
DA:311,0
DA:313,0
DA:314,0
DA:331,0
DA:334,0
DA:335,0
DA:338,0
DA:339,0
DA:345,0
DA:348,0
DA:360,0
DA:364,0
DA:368,0
DA:370,0
DA:374,0
DA:377,0
DA:378,0
DA:379,0
DA:381,0
DA:389,0
DA:391,0
DA:392,0
DA:393,0
DA:396,0
DA:402,0
DA:404,0
DA:408,0
DA:409,0
DA:412,0
DA:413,0
DA:415,0
DA:416,0
DA:417,0
DA:419,0
DA:423,0
DA:425,0
DA:426,0
DA:429,0
DA:431,0
DA:433,0
DA:434,0
DA:435,0
DA:438,0
DA:441,0
DA:443,0
DA:445,0
DA:447,0
DA:451,0
DA:452,0
DA:454,0
DA:456,0
DA:457,0
DA:458,0
DA:461,0
DA:462,0
DA:463,0
DA:464,0
DA:467,0
DA:468,0
DA:469,0
DA:479,0
DA:494,0
DA:496,0
DA:498,0
DA:500,0
DA:501,0
DA:502,0
DA:506,0
DA:509,0
DA:511,0
DA:512,0
DA:513,0
DA:515,0
DA:517,0
DA:531,0
DA:532,0
DA:539,0
DA:549,0
DA:553,0
DA:554,0
DA:559,0
DA:560,0
DA:561,0
DA:563,0
DA:565,0
DA:566,0
DA:569,0
DA:595,0
DA:596,0
DA:602,0
DA:603,0
end_of_record

SF:C:/amttp/contracts/AMTTPNFT.sol
DA:39,0
DA:54,0
DA:55,0
DA:56,0
DA:107,0
DA:110,0
DA:112,0
DA:114,0
DA:118,0
DA:119,0
DA:122,0
DA:123,0
DA:124,0
DA:125,0
DA:151,0
DA:152,0
DA:161,0
DA:180,0
DA:181,0
DA:183,0
DA:184,0
DA:188,0
DA:199,0
DA:201,0
DA:202,0
DA:203,0
DA:205,0
DA:207,0
DA:212,0
DA:213,0
DA:216,0
DA:217,0
DA:221,0
DA:251,0
DA:253,0
DA:255,0
DA:256,0
DA:257,0
DA:259,0
DA:260,0
DA:262,0
DA:265,0
DA:266,0
DA:267,0
DA:279,0
DA:281,0
DA:282,0
DA:285,0
DA:288,0
DA:289,0
DA:295,0
DA:296,0
DA:299,0
DA:301,0
DA:302,0
DA:309,0
DA:310,0
DA:311,0
DA:312,0
DA:314,0
DA:315,0
DA:316,0
DA:318,0
DA:319,0
DA:320,0
DA:322,0
DA:328,0
DA:329,0
DA:331,0
DA:333,0
DA:337,0
DA:338,0
DA:339,0
DA:340,0
DA:345,0
DA:363,0
DA:365,0
DA:367,0
DA:368,0
DA:372,0
DA:382,0
DA:391,0
DA:393,0
DA:394,0
DA:400,0
DA:401,0
DA:404,0
DA:405,0
DA:406,0
DA:407,0
DA:408,0
DA:409,0
DA:411,0
DA:412,0
DA:415,0
DA:417,0
DA:421,0
DA:423,0
DA:424,0
DA:425,0
DA:426,0
DA:433,0
DA:434,0
DA:435,0
DA:436,0
DA:448,0
DA:449,0
DA:450,0
DA:452,0
DA:467,0
DA:469,0
DA:471,0
DA:473,0
DA:475,0
DA:477,0
DA:479,0
DA:483,0
DA:485,0
DA:486,0
DA:487,0
DA:489,0
DA:490,0
DA:492,0
DA:493,0
DA:508,0
DA:516,0
DA:520,0
DA:521,0
DA:526,0
DA:527,0
DA:533,0
DA:535,0
DA:537,0
DA:538,0
DA:542,0
DA:543,0
DA:544,0
DA:546,0
DA:549,0
DA:550,0
DA:551,0
DA:552,0
DA:554,0
DA:569,0
DA:572,0
DA:573,0
end_of_record

SF:C:/amttp/contracts/AMTTPPolicyEngine.sol
DA:13,0
DA:79,0
DA:82,0
DA:83,0
DA:84,0
DA:85,0
DA:86,0
DA:87,0
DA:90,0
DA:92,0
DA:93,0
DA:94,0
DA:96,0
DA:99,0
DA:104,0
DA:121,0
DA:130,0
DA:131,0
DA:145,0
DA:146,0
DA:147,0
DA:148,0
DA:149,0
DA:150,0
DA:151,0
DA:152,0
DA:154,0
DA:170,0
DA:171,0
DA:172,0
DA:173,0
DA:175,0
DA:176,0
DA:182,0
DA:184,0
DA:187,0
DA:188,0
DA:200,0
DA:201,0
DA:202,0
DA:206,0
DA:207,0
DA:209,0
DA:214,0
DA:224,0
DA:225,0
DA:227,0
DA:229,0
DA:233,0
DA:246,0
DA:248,0
DA:250,0
DA:252,0
DA:254,0
DA:256,0
DA:258,0
DA:259,0
DA:262,0
DA:277,0
DA:279,0
DA:282,0
DA:284,0
DA:285,0
DA:287,0
DA:288,0
DA:289,0
DA:290,0
DA:294,0
DA:299,0
DA:304,0
DA:309,0
DA:310,0
DA:312,0
DA:313,0
DA:315,0
DA:316,0
DA:320,0
DA:321,0
DA:325,0
DA:326,0
DA:328,0
DA:330,0
DA:331,0
DA:332,0
DA:336,0
DA:340,0
DA:343,0
DA:344,0
DA:347,0
DA:348,0
DA:350,0
DA:351,0
DA:354,0
DA:355,0
DA:356,0
DA:357,0
DA:360,0
DA:362,0
DA:366,0
DA:368,0
DA:369,0
DA:372,0
DA:377,0
DA:378,0
DA:380,0
DA:381,0
DA:383,0
DA:384,0
DA:385,0
DA:387,0
DA:391,0
DA:396,0
DA:398,0
DA:399,0
DA:400,0
DA:402,0
DA:403,0
DA:406,0
DA:407,0
DA:410,0
DA:413,0
DA:415,0
DA:419,0
DA:420,0
DA:422,0
DA:426,0
DA:428,0
DA:433,0
DA:435,0
DA:443,0
DA:449,0
DA:452,0
DA:456,0
DA:457,0
DA:459,0
DA:460,0
DA:468,0
DA:470,0
DA:471,0
DA:472,0
DA:475,0
DA:476,0
DA:480,0
DA:482,0
DA:483,0
DA:484,0
DA:485,0
DA:488,0
DA:495,0
DA:496,0
DA:497,0
DA:498,0
DA:501,0
DA:506,0
DA:507,0
DA:510,0
DA:511,0
DA:517,0
DA:519,0
DA:520,0
DA:522,0
DA:526,0
DA:527,0
DA:528,0
DA:531,0
DA:532,0
DA:533,0
DA:536,0
DA:542,0
DA:547,0
DA:551,0
DA:558,0
DA:563,0
DA:570,0
DA:574,0
DA:584,0
DA:585,0
DA:586,0
DA:588,0
DA:589,0
DA:598,0
DA:599,0
DA:602,0
DA:603,0
DA:604,0
DA:605,0
DA:606,0
DA:607,0
DA:612,0
DA:615,0
DA:616,0
DA:617,0
DA:626,0
DA:628,0
DA:635,0
DA:638,0
DA:642,0
DA:647,0
DA:648,0
DA:669,0
DA:670,0
DA:674,0
DA:676,0
DA:677,0
DA:686,0
end_of_record

SF:C:/amttp/contracts/AMTTPPolicyManager.sol
DA:24,0
DA:33,0
DA:35,0
DA:37,0
DA:38,0
DA:39,0
DA:42,0
DA:56,0
DA:57,0
DA:59,0
DA:66,0
DA:67,0
DA:68,0
DA:77,0
DA:78,0
DA:80,0
DA:81,0
DA:83,0
DA:91,0
DA:92,0
DA:94,0
DA:105,0
DA:107,0
DA:108,0
DA:110,0
DA:111,0
DA:112,0
DA:113,0
DA:115,0
DA:117,0
DA:118,0
DA:119,0
DA:121,0
DA:122,0
DA:123,0
DA:124,0
DA:126,0
DA:138,0
DA:149,0
DA:150,0
DA:151,0
DA:152,0
DA:154,0
end_of_record

SF:C:/amttp/contracts/AMTTPRouter.sol
DA:126,0
DA:136,0
DA:138,0
DA:140,0
DA:142,0
DA:143,0
DA:144,0
DA:145,0
DA:148,0
DA:149,0
DA:151,0
DA:181,0
DA:182,0
DA:184,0
DA:186,0
DA:199,0
DA:201,0
DA:202,0
DA:203,0
DA:204,0
DA:206,0
DA:207,0
DA:208,0
DA:223,0
DA:224,0
DA:226,0
DA:228,0
DA:232,0
DA:252,0
DA:255,0
DA:262,0
DA:263,0
DA:288,0
DA:291,0
DA:299,0
DA:300,0
DA:320,0
DA:321,0
DA:324,0
DA:332,0
DA:333,0
DA:353,0
DA:356,0
DA:358,0
DA:359,0
DA:360,0
DA:362,0
DA:365,0
DA:366,0
DA:367,0
DA:370,0
DA:371,0
DA:374,0
DA:376,0
DA:380,0
DA:382,0
DA:384,0
DA:402,0
DA:403,0
DA:406,0
DA:421,0
DA:429,0
DA:431,0
DA:444,0
DA:445,0
DA:449,0
DA:450,0
DA:451,0
DA:471,0
DA:482,0
DA:484,0
DA:485,0
DA:486,0
DA:487,0
DA:511,0
end_of_record

SF:C:/amttp/contracts/AMTTPSafeModule.sol
DA:19,0
DA:24,0
DA:25,0
DA:26,0
DA:27,0
DA:73,0
DA:76,0
DA:79,0
DA:81,0
DA:83,0
DA:85,0
DA:88,0
DA:90,0
DA:92,0
DA:95,0
DA:111,0
DA:113,0
DA:115,0
DA:123,0
DA:125,0
DA:141,0
DA:144,0
DA:146,0
DA:147,0
DA:148,0
DA:150,0
DA:151,0
DA:154,0
DA:157,0
DA:158,0
DA:159,0
DA:160,0
DA:162,0
DA:173,0
DA:178,0
DA:193,0
DA:194,0
DA:195,0
DA:196,0
DA:199,0
DA:206,0
DA:208,0
DA:212,0
DA:213,0
DA:216,0
DA:218,0
DA:223,0
DA:225,0
DA:227,0
DA:229,0
DA:230,0
DA:231,0
DA:233,0
DA:240,0
DA:252,0
DA:257,0
DA:259,0
DA:262,0
DA:265,0
DA:267,0
DA:273,0
DA:278,0
DA:279,0
DA:280,0
DA:281,0
DA:282,0
DA:283,0
DA:284,0
DA:285,0
DA:296,0
DA:297,0
DA:300,0
DA:301,0
DA:302,0
DA:303,0
DA:305,0
DA:306,0
DA:307,0
DA:309,0
DA:311,0
DA:317,0
DA:318,0
DA:319,0
DA:320,0
DA:322,0
DA:326,0
DA:327,0
DA:331,0
DA:336,0
DA:337,0
DA:338,0
DA:342,0
DA:344,0
DA:346,0
DA:348,0
DA:351,0
DA:352,0
DA:355,0
DA:359,0
DA:360,0
DA:361,0
DA:364,0
DA:367,0
DA:368,0
DA:372,0
DA:373,0
DA:375,0
DA:377,0
DA:378,0
DA:380,0
DA:384,0
DA:387,0
DA:404,0
DA:421,0
DA:427,0
DA:428,0
DA:429,0
DA:434,0
DA:436,0
DA:439,0
DA:440,0
DA:453,0
DA:457,0
DA:458,0
DA:461,0
DA:462,0
DA:463,0
DA:468,0
DA:471,0
DA:484,0
DA:485,0
DA:492,0
end_of_record

SF:C:/amttp/contracts/AMTTPStreamlined.sol
DA:25,0
DA:34,0
DA:37,0
DA:38,0
DA:39,0
DA:40,0
DA:43,0
DA:74,0
DA:76,0
DA:78,0
DA:79,0
DA:100,0
DA:102,0
DA:109,0
DA:111,0
DA:112,0
DA:118,0
DA:120,0
DA:126,0
DA:128,0
DA:137,0
DA:140,0
DA:142,0
DA:143,0
DA:144,0
DA:151,0
DA:156,0
DA:168,0
DA:173,0
DA:174,0
DA:177,0
DA:178,0
DA:182,0
DA:183,0
DA:184,0
DA:185,0
DA:186,0
DA:187,0
DA:188,0
DA:192,0
DA:194,0
DA:196,0
DA:199,0
DA:203,0
DA:205,0
DA:207,0
DA:213,0
DA:218,0
DA:221,0
DA:222,0
DA:224,0
DA:230,0
DA:232,0
DA:238,0
DA:239,0
DA:244,0
DA:245,0
DA:250,0
DA:251,0
DA:255,0
DA:256,0
DA:257,0
DA:258,0
DA:259,0
DA:260,0
DA:265,0
DA:270,0
DA:272,0
DA:273,0
DA:274,0
DA:275,0
DA:279,0
DA:285,0
DA:292,0
DA:294,0
DA:301,0
DA:302,0
DA:308,0
DA:309,0
end_of_record

SF:C:/amttp/contracts/interfaces/IAMTTP.sol
end_of_record

SF:C:/amttp/contracts/interfaces/IBiconomy.sol
end_of_record

SF:C:/amttp/contracts/interfaces/IKleros.sol
end_of_record

SF:C:/amttp/contracts/interfaces/ILayerZero.sol
end_of_record

SF:C:/amttp/contracts/interfaces/ISafe.sol
end_of_record

SF:C:/amttp/contracts/mocks/MockArbitrator.sol
DA:9,0
DA:13,0
DA:19,0
DA:22,0
DA:34,0
DA:37,0
DA:38,0
DA:42,0
DA:64,0
DA:82,0
DA:83,0
DA:84,0
DA:88,0
DA:90,0
DA:97,0
DA:104,0
DA:110,0
DA:111,0
end_of_record

SF:C:/amttp/contracts/mocks/MockERC20.sol
DA:4,1253
end_of_record

SF:C:/amttp/contracts/mocks/MockERC721.sol
DA:5,0
DA:12,0
end_of_record

SF:C:/amttp/contracts/mocks/MockLayerZeroEndpoint.sol
DA:9,0
DA:15,0
DA:16,0
DA:18,0
DA:28,0
DA:33,0
DA:67,0
DA:69,0
DA:73,0
DA:75,0
DA:76,0
DA:77,0
DA:78,0
DA:83,0
DA:85,0
DA:90,0
DA:94,0
DA:97,0
DA:117,0
DA:130,0
DA:132,0
DA:133,0
DA:135,0
DA:138,0
DA:139,0
DA:140,0
DA:141,0
DA:163,0
DA:167,0
DA:172,0
DA:197,0
DA:212,0
DA:220,0
DA:260,0
end_of_record

SF:C:/amttp/contracts/test/EchidnaAMTTPCore.sol
DA:9,1239
DA:13,4
DA:24,450
DA:28,1
DA:31,75
DA:32,1
DA:33,0
DA:34,0
DA:40,1
DA:41,1
DA:42,1
DA:44,6
DA:47,0
DA:51,32
DA:54,16
DA:57,29
DA:59,2
DA:60,30
DA:78,0
DA:79,0
DA:80,0
DA:85,0
DA:98,0
DA:101,0
DA:104,0
DA:105,0
DA:106,0
DA:107,0
DA:108,0
DA:117,4
DA:124,4
DA:143,0
DA:150,5
DA:156,2
DA:158,0
DA:160,2
DA:161,10
DA:162,0
DA:163,0
DA:164,0
DA:167,0
DA:168,0
DA:170,0
DA:174,0
DA:176,0
DA:178,0
DA:184,2
DA:186,7
DA:188,0
DA:191,0
DA:193,0
DA:194,0
DA:195,0
DA:197,0
DA:202,1
DA:204,10
DA:207,0
DA:209,0
DA:211,0
DA:217,10
DA:220,14
DA:222,0
DA:225,0
DA:227,0
DA:228,0
DA:229,0
DA:247,0
DA:250,0
DA:251,0
DA:252,0
DA:254,0
DA:256,0
DA:259,0
DA:260,0
DA:262,0
DA:282,0
DA:294,0
DA:307,0
end_of_record

SF:C:/amttp/node_modules/@openzeppelin/contracts/access/Ownable.sol
DA:43,4
DA:48,38
DA:50,0
DA:55,6
DA:56,1
DA:58,1
DA:78,0
DA:79,0
DA:84,5
end_of_record

SF:C:/amttp/node_modules/@openzeppelin/contracts/interfaces/IERC1967.sol
end_of_record

SF:C:/amttp/node_modules/@openzeppelin/contracts/interfaces/draft-IERC1822.sol
end_of_record

SF:C:/amttp/node_modules/@openzeppelin/contracts/proxy/ERC1967/ERC1967Proxy.sol
DA:19,3
DA:33,0
end_of_record

SF:C:/amttp/node_modules/@openzeppelin/contracts/proxy/ERC1967/ERC1967Upgrade.sol
end_of_record

SF:C:/amttp/node_modules/@openzeppelin/contracts/proxy/Proxy.sol
DA:87,76
end_of_record

SF:C:/amttp/node_modules/@openzeppelin/contracts/proxy/beacon/IBeacon.sol
DA:17,23
end_of_record

SF:C:/amttp/node_modules/@openzeppelin/contracts/security/Pausable.sol
DA:46,2
DA:56,8
DA:78,2
DA:79,2
DA:103,0
DA:106,0
end_of_record

SF:C:/amttp/node_modules/@openzeppelin/contracts/security/ReentrancyGuard.sol
DA:39,0
DA:42,4
DA:58,16
DA:61,2
DA:65,3
DA:74,1
end_of_record

SF:C:/amttp/node_modules/@openzeppelin/contracts/token/ERC20/ERC20.sol
DA:39,0
DA:70,0
DA:76,0
DA:80,0
DA:103,0
DA:111,0
DA:115,0
DA:129,0
DA:136,0
DA:151,0
DA:173,0
DA:189,0
DA:211,0
DA:216,0
DA:229,0
DA:231,0
DA:232,0
DA:234,0
DA:237,0
DA:251,0
DA:261,0
DA:267,0
DA:273,0
DA:275,0
DA:317,0
DA:319,0
DA:320,0
DA:322,0
DA:324,0
DA:336,0
DA:338,0
DA:340,0
DA:342,0
end_of_record

SF:C:/amttp/node_modules/@openzeppelin/contracts/token/ERC20/IERC20.sol
end_of_record

SF:C:/amttp/node_modules/@openzeppelin/contracts/token/ERC20/extensions/IERC20Metadata.sol
end_of_record

SF:C:/amttp/node_modules/@openzeppelin/contracts/token/ERC20/extensions/IERC20Permit.sol
DA:7,0
DA:35,4
DA:91,37
end_of_record

SF:C:/amttp/node_modules/@openzeppelin/contracts/token/ERC20/utils/SafeERC20.sol
DA:26,4
end_of_record

SF:C:/amttp/node_modules/@openzeppelin/contracts/token/ERC721/ERC721.sol
DA:44,0
end_of_record

SF:C:/amttp/node_modules/@openzeppelin/contracts/token/ERC721/IERC721.sol
DA:33,0
DA:42,0
DA:46,0
DA:47,0
DA:62,0
DA:68,0
end_of_record

SF:C:/amttp/node_modules/@openzeppelin/contracts/token/ERC721/IERC721Receiver.sol
end_of_record

SF:C:/amttp/node_modules/@openzeppelin/contracts/token/ERC721/extensions/IERC721Metadata.sol
end_of_record

SF:C:/amttp/node_modules/@openzeppelin/contracts/utils/Address.sol
DA:20,220
end_of_record

SF:C:/amttp/node_modules/@openzeppelin/contracts/utils/Context.sol
DA:29,29
end_of_record

SF:C:/amttp/node_modules/@openzeppelin/contracts/utils/StorageSlot.sol
DA:24,14
end_of_record

SF:C:/amttp/node_modules/@openzeppelin/contracts/utils/Strings.sol
end_of_record

SF:C:/amttp/node_modules/@openzeppelin/contracts/utils/cryptography/ECDSA.sol
DA:30,0
DA:45,0
DA:56,0
DA:62,0
end_of_record

SF:C:/amttp/node_modules/@openzeppelin/contracts/utils/introspection/ERC165.sol
DA:30,0
end_of_record

SF:C:/amttp/node_modules/@openzeppelin/contracts/utils/introspection/IERC165.sol
DA:26,103
end_of_record

SF:C:/amttp/node_modules/@openzeppelin/contracts/utils/math/Math.sol
end_of_record

SF:C:/amttp/node_modules/@openzeppelin/contracts/utils/math/SignedMath.sol
end_of_record

SF:C:/amttp/node_modules/@openzeppelin/contracts-upgradeable/access/OwnableUpgradeable.sol
end_of_record

SF:C:/amttp/node_modules/@openzeppelin/contracts-upgradeable/interfaces/IERC1967Upgradeable.sol
DA:27,11
end_of_record

SF:C:/amttp/node_modules/@openzeppelin/contracts-upgradeable/interfaces/draft-IERC1822Upgradeable.sol
DA:15,0
DA:21,0
end_of_record

SF:C:/amttp/node_modules/@openzeppelin/contracts-upgradeable/proxy/ERC1967/ERC1967UpgradeUpgradeable.sol
end_of_record

SF:C:/amttp/node_modules/@openzeppelin/contracts-upgradeable/proxy/beacon/IBeaconUpgradeable.sol
end_of_record

SF:C:/amttp/node_modules/@openzeppelin/contracts-upgradeable/proxy/utils/Initializable.sol
end_of_record

SF:C:/amttp/node_modules/@openzeppelin/contracts-upgradeable/proxy/utils/UUPSUpgradeable.sol
DA:6,0
DA:32,5
DA:113,14
end_of_record

SF:C:/amttp/node_modules/@openzeppelin/contracts-upgradeable/security/PausableUpgradeable.sol
DA:18,12
end_of_record

SF:C:/amttp/node_modules/@openzeppelin/contracts-upgradeable/security/ReentrancyGuardUpgradeable.sol
DA:30,0
end_of_record

SF:C:/amttp/node_modules/@openzeppelin/contracts-upgradeable/token/ERC20/ERC20Upgradeable.sol
DA:8,0
end_of_record

SF:C:/amttp/node_modules/@openzeppelin/contracts-upgradeable/token/ERC20/IERC20Upgradeable.sol
DA:14,0
DA:20,0
DA:22,0
DA:25,0
DA:27,0
DA:29,0
DA:30,0
DA:32,0
DA:35,0
DA:61,0
DA:64,0
DA:66,0
DA:73,0
DA:77,0
DA:78,0
DA:79,0
end_of_record

SF:C:/amttp/node_modules/@openzeppelin/contracts-upgradeable/token/ERC20/extensions/IERC20MetadataUpgradeable.sol
DA:29,0
end_of_record

SF:C:/amttp/node_modules/@openzeppelin/contracts-upgradeable/utils/AddressUpgradeable.sol
end_of_record

SF:C:/amttp/node_modules/@openzeppelin/contracts-upgradeable/utils/ContextUpgradeable.sol
DA:8,0
end_of_record

SF:C:/amttp/node_modules/@openzeppelin/contracts-upgradeable/utils/StorageSlotUpgradeable.sol
DA:5,0
end_of_record

