TN:
SF:C:\amttp\contracts\AMTTPBiconomyModule.sol
FN:134,constructor
FN:154,registerAccount
FN:185,updateAccountConfig
FN:205,validateUserOp
FN:259,validateBatch
FN:296,createSessionKey
FN:330,revokeSessionKey
FN:340,getSessionKeys
FN:347,isSessionKeyValid
FN:360,approvePaymaster
FN:368,isPaymasterApproved
FN:374,setPolicyEngine
FN:379,setMLOracle
FN:383,setRiskCacheTTL
FN:387,setTrustedForwarder
FN:392,pause
FN:396,unpause
FN:402,getSpendingInfo
FN:418,getAccountRisk
FN:433,_checkSpendingLimits
FN:453,_updateSpending
FN:475,_validateSessionKey
FN:552,_performRiskAssessment
FN:591,_calculateSimpleRisk
FN:615,_decodeCallData
FN:635,_extractSessionKey
FN:644,_isAccountOwner
FNF:27
FNH:0
FNDA:0,constructor
FNDA:0,registerAccount
FNDA:0,updateAccountConfig
FNDA:0,validateUserOp
FNDA:0,validateBatch
FNDA:0,createSessionKey
FNDA:0,revokeSessionKey
FNDA:0,getSessionKeys
FNDA:0,isSessionKeyValid
FNDA:0,approvePaymaster
FNDA:0,isPaymasterApproved
FNDA:0,setPolicyEngine
FNDA:0,setMLOracle
FNDA:0,setRiskCacheTTL
FNDA:0,setTrustedForwarder
FNDA:0,pause
FNDA:0,unpause
FNDA:0,getSpendingInfo
FNDA:0,getAccountRisk
FNDA:0,_checkSpendingLimits
FNDA:0,_updateSpending
FNDA:0,_validateSessionKey
FNDA:0,_performRiskAssessment
FNDA:0,_calculateSimpleRisk
FNDA:0,_decodeCallData
FNDA:0,_extractSessionKey
FNDA:0,_isAccountOwner
DA:139,0
DA:140,0
DA:142,0
DA:143,0
DA:144,0
DA:158,0
DA:159,0
DA:162,0
DA:168,0
DA:169,0
DA:179,0
DA:189,0
DA:190,0
DA:192,0
DA:193,0
DA:209,0
DA:211,0
DA:212,0
DA:215,0
DA:216,0
DA:217,0
DA:221,0
DA:224,0
DA:225,0
DA:226,0
DA:227,0
DA:228,0
DA:229,0
DA:235,0
DA:236,0
DA:240,0
DA:241,0
DA:243,0
DA:245,0
DA:246,0
DA:251,0
DA:253,0
DA:265,0
DA:266,0
DA:269,0
DA:270,0
DA:272,0
DA:273,0
DA:275,0
DA:276,0
DA:278,0
DA:279,0
DA:284,0
DA:285,0
DA:288,0
DA:305,0
DA:306,0
DA:307,0
DA:308,0
DA:310,0
DA:322,0
DA:324,0
DA:331,0
DA:333,0
DA:334,0
DA:341,0
DA:348,0
DA:349,0
DA:361,0
DA:362,0
DA:369,0
DA:375,0
DA:376,0
DA:380,0
DA:384,0
DA:388,0
DA:389,0
DA:393,0
DA:397,0
DA:407,0
DA:408,0
DA:410,0
DA:411,0
DA:413,0
DA:414,0
DA:423,0
DA:424,0
DA:426,0
DA:427,0
DA:428,0
DA:434,0
DA:435,0
DA:438,0
DA:439,0
DA:443,0
DA:444,0
DA:446,0
DA:447,0
DA:450,0
DA:454,0
DA:455,0
DA:456,0
DA:459,0
DA:460,0
DA:461,0
DA:465,0
DA:466,0
DA:467,0
DA:470,0
DA:471,0
DA:472,0
DA:482,0
DA:485,0
DA:486,0
DA:495,0
DA:496,0
DA:505,0
DA:506,0
DA:507,0
DA:508,0
DA:509,0
DA:513,0
DA:514,0
DA:523,0
DA:524,0
DA:525,0
DA:527,0
DA:528,0
DA:529,0
DA:530,0
DA:534,0
DA:535,0
DA:544,0
DA:558,0
DA:561,0
DA:562,0
DA:564,0
DA:565,0
DA:568,0
DA:572,0
DA:573,0
DA:581,0
DA:583,0
DA:592,0
DA:595,0
DA:596,0
DA:599,0
DA:600,0
DA:604,0
DA:605,0
DA:607,0
DA:609,0
DA:612,0
DA:621,0
DA:623,0
DA:624,0
DA:626,0
DA:628,0
DA:629,0
DA:630,0
DA:638,0
DA:639,0
DA:641,0
DA:646,0
DA:647,0
DA:649,0
LF:161
LH:0
BRDA:139,1,0,0
BRDA:139,1,1,0
BRDA:140,2,0,0
BRDA:140,2,1,0
BRDA:158,3,0,0
BRDA:158,3,1,0
BRDA:159,4,0,0
BRDA:159,4,1,0
BRDA:162,5,0,0
BRDA:162,5,1,0
BRDA:163,6,0,0
BRDA:163,6,1,0
BRDA:189,7,0,0
BRDA:189,7,1,0
BRDA:190,8,0,0
BRDA:190,8,1,0
BRDA:190,9,0,0
BRDA:190,9,1,0
BRDA:211,10,0,0
BRDA:211,10,1,0
BRDA:216,11,0,0
BRDA:216,11,1,0
BRDA:224,12,0,0
BRDA:224,12,1,0
BRDA:226,13,0,0
BRDA:226,13,1,0
BRDA:228,14,0,0
BRDA:228,14,1,0
BRDA:235,15,0,0
BRDA:235,15,1,0
BRDA:240,16,0,0
BRDA:240,16,1,0
BRDA:245,17,0,0
BRDA:245,17,1,0
BRDA:265,18,0,0
BRDA:265,18,1,0
BRDA:278,19,0,0
BRDA:278,19,1,0
BRDA:284,20,0,0
BRDA:284,20,1,0
BRDA:305,21,0,0
BRDA:305,21,1,0
BRDA:306,22,0,0
BRDA:306,22,1,0
BRDA:307,23,0,0
BRDA:307,23,1,0
BRDA:307,24,0,0
BRDA:307,24,1,0
BRDA:308,25,0,0
BRDA:308,25,1,0
BRDA:331,26,0,0
BRDA:331,26,1,0
BRDA:331,27,0,0
BRDA:331,27,1,0
BRDA:360,28,0,0
BRDA:360,28,1,0
BRDA:374,29,0,0
BRDA:374,29,1,0
BRDA:375,30,0,0
BRDA:375,30,1,0
BRDA:379,31,0,0
BRDA:379,31,1,0
BRDA:383,32,0,0
BRDA:383,32,1,0
BRDA:387,33,0,0
BRDA:387,33,1,0
BRDA:392,34,0,0
BRDA:392,34,1,0
BRDA:396,35,0,0
BRDA:396,35,1,0
BRDA:413,36,0,0
BRDA:413,36,1,0
BRDA:438,37,0,0
BRDA:438,37,1,0
BRDA:444,38,0,0
BRDA:444,38,1,0
BRDA:446,39,0,0
BRDA:446,39,1,0
BRDA:459,40,0,0
BRDA:459,40,1,0
BRDA:465,41,0,0
BRDA:465,41,1,0
BRDA:485,42,0,0
BRDA:485,42,1,0
BRDA:485,43,0,0
BRDA:485,43,1,0
BRDA:485,44,0,0
BRDA:485,44,1,0
BRDA:495,45,0,0
BRDA:495,45,1,0
BRDA:507,46,0,0
BRDA:507,46,1,0
BRDA:513,47,0,0
BRDA:513,47,1,0
BRDA:523,48,0,0
BRDA:523,48,1,0
BRDA:528,49,0,0
BRDA:528,49,1,0
BRDA:534,50,0,0
BRDA:534,50,1,0
BRDA:564,51,0,0
BRDA:564,51,1,0
BRDA:572,52,0,0
BRDA:572,52,1,0
BRDA:599,53,0,0
BRDA:599,53,1,0
BRDA:604,54,0,0
BRDA:604,54,1,0
BRDA:606,55,0,0
BRDA:606,55,1,0
BRDA:608,56,0,0
BRDA:608,56,1,0
BRDA:621,57,0,0
BRDA:621,57,1,0
BRDA:626,58,0,0
BRDA:626,58,1,0
BRDA:638,59,0,0
BRDA:638,59,1,0
BRF:118
BRH:0
end_of_record
TN:
SF:C:\amttp\contracts\AMTTPCore.sol
FN:174,onlyOracle
FN:179,onlyApprover
FN:184,swapExists
FN:194,constructor
FN:198,initialize
FN:219,setPolicyEngine
FN:225,setDisputeResolver
FN:230,setOracle
FN:234,setGlobalRiskThreshold
FN:239,setActiveModelVersion
FN:243,addApprover
FN:250,removeApprover
FN:256,setApprovalThreshold
FN:270,setUserPolicy
FN:282,setKYCStatus
FN:306,initiateSwap
FN:366,initiateSwapERC20
FN:410,completeSwap
FN:427,refundSwap
FN:447,approveSwap
FN:469,rejectSwap
FN:489,raiseDispute
FN:510,executeDisputeRuling
FN:531,_verifyOracleSignature
FN:548,_determineStatus
FN:585,_checkUserLimits
FN:602,_updateDailySpending
FN:619,_transferFunds
FN:632,getSwap
FN:636,getApprovers
FN:640,getContractStatus
FN:662,pause
FN:666,unpause
FN:670,_authorizeUpgrade
FNF:34
FNH:8
FNDA:0,onlyOracle
FNDA:0,onlyApprover
FNDA:0,swapExists
FNDA:1,constructor
FNDA:46,initialize
FNDA:35,setPolicyEngine
FNDA:0,setDisputeResolver
FNDA:0,setOracle
FNDA:0,setGlobalRiskThreshold
FNDA:0,setActiveModelVersion
FNDA:13,addApprover
FNDA:1,removeApprover
FNDA:0,setApprovalThreshold
FNDA:0,setUserPolicy
FNDA:0,setKYCStatus
FNDA:4,initiateSwap
FNDA:2,initiateSwapERC20
FNDA:0,completeSwap
FNDA:0,refundSwap
FNDA:0,approveSwap
FNDA:0,rejectSwap
FNDA:0,raiseDispute
FNDA:0,executeDisputeRuling
FNDA:6,_verifyOracleSignature
FNDA:0,_determineStatus
FNDA:0,_checkUserLimits
FNDA:0,_updateDailySpending
FNDA:0,_transferFunds
FNDA:0,getSwap
FNDA:0,getApprovers
FNDA:0,getContractStatus
FNDA:0,pause
FNDA:0,unpause
FNDA:0,_authorizeUpgrade
DA:175,0
DA:176,0
DA:180,0
DA:181,0
DA:185,0
DA:186,0
DA:195,1
DA:199,46
DA:200,46
DA:201,46
DA:202,46
DA:204,46
DA:205,46
DA:206,46
DA:207,46
DA:208,46
DA:211,46
DA:212,46
DA:220,35
DA:221,35
DA:222,35
DA:226,0
DA:227,0
DA:231,0
DA:235,0
DA:236,0
DA:240,0
DA:244,13
DA:245,13
DA:246,13
DA:247,13
DA:251,1
DA:252,1
DA:253,1
DA:257,0
DA:271,0
DA:279,0
DA:283,0
DA:284,0
DA:307,4
DA:308,4
DA:309,4
DA:310,4
DA:313,4
DA:316,0
DA:319,0
DA:320,0
DA:323,0
DA:326,0
DA:341,0
DA:343,0
DA:344,0
DA:346,0
DA:347,0
DA:350,0
DA:367,2
DA:368,2
DA:369,2
DA:370,2
DA:373,2
DA:375,0
DA:376,0
DA:378,0
DA:380,0
DA:395,0
DA:397,0
DA:399,0
DA:411,0
DA:412,0
DA:413,0
DA:414,0
DA:416,0
DA:418,0
DA:420,0
DA:428,0
DA:429,0
DA:430,0
DA:432,0
DA:434,0
DA:436,0
DA:448,0
DA:449,0
DA:450,0
DA:452,0
DA:455,0
DA:456,0
DA:459,0
DA:461,0
DA:462,0
DA:470,0
DA:471,0
DA:473,0
DA:475,0
DA:477,0
DA:478,0
DA:490,0
DA:491,0
DA:492,0
DA:493,0
DA:495,0
DA:497,0
DA:504,0
DA:511,0
DA:513,0
DA:514,0
DA:516,0
DA:517,0
DA:518,0
DA:519,0
DA:521,0
DA:522,0
DA:523,0
DA:539,6
DA:541,6
DA:542,6
DA:543,6
DA:545,6
DA:556,0
DA:557,0
DA:561,0
DA:562,0
DA:565,0
DA:567,0
DA:571,0
DA:572,0
DA:574,0
DA:578,0
DA:579,0
DA:582,0
DA:586,0
DA:588,0
DA:589,0
DA:592,0
DA:593,0
DA:594,0
DA:595,0
DA:597,0
DA:598,0
DA:603,0
DA:604,0
DA:605,0
DA:606,0
DA:609,0
DA:610,0
DA:611,0
DA:614,0
DA:615,0
DA:620,0
DA:621,0
DA:622,0
DA:624,0
DA:633,0
DA:637,0
DA:648,0
DA:663,0
DA:667,0
LF:156
LH:37
BRDA:175,1,0,0
BRDA:175,1,1,0
BRDA:180,2,0,0
BRDA:180,2,1,0
BRDA:185,3,0,0
BRDA:185,3,1,0
BRDA:198,4,0,46
BRDA:198,4,1,0
BRDA:219,5,0,35
BRDA:219,5,1,0
BRDA:225,6,0,0
BRDA:225,6,1,0
BRDA:230,7,0,0
BRDA:230,7,1,0
BRDA:234,8,0,0
BRDA:234,8,1,0
BRDA:235,9,0,0
BRDA:235,9,1,0
BRDA:239,10,0,0
BRDA:239,10,1,0
BRDA:243,11,0,13
BRDA:243,11,1,0
BRDA:244,12,0,13
BRDA:244,12,1,0
BRDA:250,13,0,1
BRDA:250,13,1,0
BRDA:251,14,0,1
BRDA:251,14,1,0
BRDA:256,15,0,0
BRDA:256,15,1,0
BRDA:270,16,0,0
BRDA:270,16,1,0
BRDA:282,17,0,0
BRDA:282,17,1,0
BRDA:306,18,0,4
BRDA:306,18,1,0
BRDA:306,19,0,4
BRDA:306,19,1,0
BRDA:307,20,0,0
BRDA:307,20,1,4
BRDA:308,21,0,0
BRDA:308,21,1,4
BRDA:309,22,0,0
BRDA:309,22,1,4
BRDA:310,23,0,0
BRDA:310,23,1,4
BRDA:313,24,0,4
BRDA:313,24,1,0
BRDA:320,25,0,0
BRDA:320,25,1,0
BRDA:346,26,0,0
BRDA:346,26,1,0
BRDA:366,27,0,2
BRDA:366,27,1,0
BRDA:366,28,0,2
BRDA:366,28,1,0
BRDA:367,29,0,0
BRDA:367,29,1,2
BRDA:368,30,0,0
BRDA:368,30,1,2
BRDA:369,31,0,0
BRDA:369,31,1,2
BRDA:370,32,0,0
BRDA:370,32,1,2
BRDA:373,33,0,2
BRDA:373,33,1,0
BRDA:376,34,0,0
BRDA:376,34,1,0
BRDA:410,35,0,0
BRDA:410,35,1,0
BRDA:410,36,0,0
BRDA:410,36,1,0
BRDA:412,37,0,0
BRDA:412,37,1,0
BRDA:413,38,0,0
BRDA:413,38,1,0
BRDA:414,39,0,0
BRDA:414,39,1,0
BRDA:427,40,0,0
BRDA:427,40,1,0
BRDA:427,41,0,0
BRDA:427,41,1,0
BRDA:429,42,0,0
BRDA:429,42,1,0
BRDA:430,43,0,0
BRDA:430,43,1,0
BRDA:447,44,0,0
BRDA:447,44,1,0
BRDA:447,45,0,0
BRDA:447,45,1,0
BRDA:449,46,0,0
BRDA:449,46,1,0
BRDA:450,47,0,0
BRDA:450,47,1,0
BRDA:461,48,0,0
BRDA:461,48,1,0
BRDA:469,49,0,0
BRDA:469,49,1,0
BRDA:469,50,0,0
BRDA:469,50,1,0
BRDA:471,51,0,0
BRDA:471,51,1,0
BRDA:489,52,0,0
BRDA:489,52,1,0
BRDA:491,53,0,0
BRDA:491,53,1,0
BRDA:492,54,0,0
BRDA:492,54,1,0
BRDA:493,55,0,0
BRDA:493,55,1,0
BRDA:511,56,0,0
BRDA:511,56,1,0
BRDA:514,57,0,0
BRDA:514,57,1,0
BRDA:516,58,0,0
BRDA:516,58,1,0
BRDA:539,59,0,0
BRDA:539,59,1,6
BRDA:556,60,0,0
BRDA:556,60,1,0
BRDA:561,61,0,0
BRDA:561,61,1,0
BRDA:563,62,0,0
BRDA:563,62,1,0
BRDA:563,63,0,0
BRDA:563,63,1,0
BRDA:571,64,0,0
BRDA:571,64,1,0
BRDA:573,65,0,0
BRDA:573,65,1,0
BRDA:578,66,0,0
BRDA:578,66,1,0
BRDA:588,67,0,0
BRDA:588,67,1,0
BRDA:589,68,0,0
BRDA:589,68,1,0
BRDA:592,69,0,0
BRDA:592,69,1,0
BRDA:597,70,0,0
BRDA:597,70,1,0
BRDA:598,71,0,0
BRDA:598,71,1,0
BRDA:609,72,0,0
BRDA:609,72,1,0
BRDA:620,73,0,0
BRDA:620,73,1,0
BRDA:622,74,0,0
BRDA:622,74,1,0
BRDA:662,75,0,0
BRDA:662,75,1,0
BRDA:666,76,0,0
BRDA:666,76,1,0
BRDA:670,77,0,0
BRDA:670,77,1,0
BRF:154
BRH:21
end_of_record
TN:
SF:C:\amttp\contracts\AMTTPCoreSecure.sol
FN:298,onlyOracle
FN:303,onlyApprover
FN:308,swapExists
FN:318,constructor
FN:322,initialize
FN:354,setGovernance
FN:363,setUpgradeApprover
FN:371,queueUpgrade
FN:384,executeUpgrade
FN:402,addOracle
FN:420,removeOracle
FN:446,setOracleThreshold
FN:462,queueTimelock
FN:484,executeSetOracle
FN:511,executeSetPolicyEngine
FN:529,executeSetDisputeResolver
FN:546,cancelTimelock
FN:559,setGlobalRiskThreshold
FN:564,setActiveModelVersion
FN:568,addApprover
FN:575,removeApprover
FN:581,setApprovalThreshold
FN:593,setDailyVolumeLimit
FN:602,_checkDailyVolume
FN:626,getDailyVolumeStatus
FN:654,setProtocolFee
FN:664,setFeeRecipient
FN:676,_collectFee
FN:692,withdrawFees
FN:716,setUserPolicy
FN:728,setKYCStatus
FN:753,initiateSwap
FN:827,initiateSwapERC20
FN:885,completeSwap
FN:898,refundSwap
FN:914,approveSwap
FN:935,rejectSwap
FN:955,batchApproveSwaps
FN:993,batchSetUserPolicies
FN:1019,raiseDispute
FN:1037,executeDisputeRuling
FN:1062,_verifyMultiOracleSignatures
FN:1115,_determineStatus
FN:1149,_checkUserLimits
FN:1166,_updateDailySpending
FN:1183,_transferFunds
FN:1197,getSwap
FN:1201,getApprovers
FN:1205,getOracles
FN:1209,getTimelockItem
FN:1213,isNonceUsed
FN:1217,getContractStatus
FN:1249,healthCheck
FN:1283,pause
FN:1287,unpause
FN:1295,_authorizeUpgrade
FNF:56
FNH:11
FNDA:1,onlyOracle
FNDA:0,onlyApprover
FNDA:0,swapExists
FNDA:2,constructor
FNDA:7,initialize
FNDA:0,setGovernance
FNDA:0,setUpgradeApprover
FNDA:1,queueUpgrade
FNDA:0,executeUpgrade
FNDA:4,addOracle
FNDA:1,removeOracle
FNDA:1,setOracleThreshold
FNDA:0,queueTimelock
FNDA:0,executeSetOracle
FNDA:0,executeSetPolicyEngine
FNDA:0,executeSetDisputeResolver
FNDA:0,cancelTimelock
FNDA:0,setGlobalRiskThreshold
FNDA:0,setActiveModelVersion
FNDA:7,addApprover
FNDA:0,removeApprover
FNDA:0,setApprovalThreshold
FNDA:0,setDailyVolumeLimit
FNDA:0,_checkDailyVolume
FNDA:0,getDailyVolumeStatus
FNDA:0,setProtocolFee
FNDA:0,setFeeRecipient
FNDA:0,_collectFee
FNDA:0,withdrawFees
FNDA:1,setUserPolicy
FNDA:0,setKYCStatus
FNDA:0,initiateSwap
FNDA:0,initiateSwapERC20
FNDA:0,completeSwap
FNDA:0,refundSwap
FNDA:0,approveSwap
FNDA:0,rejectSwap
FNDA:0,batchApproveSwaps
FNDA:0,batchSetUserPolicies
FNDA:0,raiseDispute
FNDA:0,executeDisputeRuling
FNDA:0,_verifyMultiOracleSignatures
FNDA:0,_determineStatus
FNDA:0,_checkUserLimits
FNDA:0,_updateDailySpending
FNDA:0,_transferFunds
FNDA:0,getSwap
FNDA:0,getApprovers
FNDA:0,getOracles
FNDA:0,getTimelockItem
FNDA:0,isNonceUsed
FNDA:0,getContractStatus
FNDA:0,healthCheck
FNDA:1,pause
FNDA:1,unpause
FNDA:0,_authorizeUpgrade
DA:299,1
DA:300,1
DA:304,0
DA:305,0
DA:309,0
DA:310,0
DA:319,2
DA:323,7
DA:324,7
DA:325,7
DA:326,7
DA:329,7
DA:330,7
DA:331,7
DA:332,7
DA:334,7
DA:335,7
DA:336,7
DA:337,7
DA:340,7
DA:341,7
DA:343,7
DA:344,7
DA:355,0
DA:356,0
DA:357,0
DA:364,0
DA:365,0
DA:372,1
DA:373,1
DA:374,1
DA:385,0
DA:386,0
DA:387,0
DA:388,0
DA:389,0
DA:390,0
DA:391,0
DA:403,4
DA:404,4
DA:406,4
DA:407,4
DA:409,4
DA:411,4
DA:412,4
DA:421,1
DA:422,1
DA:424,1
DA:427,1
DA:428,2
DA:429,1
DA:430,1
DA:431,1
DA:435,1
DA:436,1
DA:439,1
DA:447,1
DA:449,1
DA:450,1
DA:463,0
DA:465,0
DA:466,0
DA:467,0
DA:470,0
DA:476,0
DA:485,0
DA:486,0
DA:487,0
DA:488,0
DA:491,0
DA:493,0
DA:496,0
DA:497,0
DA:498,0
DA:499,0
DA:500,0
DA:502,0
DA:505,0
DA:512,0
DA:513,0
DA:514,0
DA:515,0
DA:516,0
DA:518,0
DA:519,0
DA:520,0
DA:522,0
DA:523,0
DA:530,0
DA:531,0
DA:532,0
DA:533,0
DA:534,0
DA:536,0
DA:537,0
DA:539,0
DA:540,0
DA:547,0
DA:548,0
DA:550,0
DA:552,0
DA:560,0
DA:561,0
DA:565,0
DA:569,7
DA:570,7
DA:571,7
DA:572,7
DA:576,0
DA:577,0
DA:578,0
DA:582,0
DA:594,0
DA:595,0
DA:603,0
DA:606,0
DA:607,0
DA:608,0
DA:609,0
DA:613,0
DA:614,0
DA:615,0
DA:616,0
DA:620,0
DA:632,0
DA:633,0
DA:634,0
DA:638,0
DA:655,0
DA:656,0
DA:657,0
DA:665,0
DA:666,0
DA:667,0
DA:677,0
DA:678,0
DA:681,0
DA:682,0
DA:684,0
DA:686,0
DA:693,0
DA:695,0
DA:697,0
DA:699,0
DA:702,0
DA:717,1
DA:725,1
DA:729,0
DA:730,0
DA:754,0
DA:755,0
DA:756,0
DA:757,0
DA:760,0
DA:761,0
DA:762,0
DA:763,0
DA:766,0
DA:769,0
DA:775,0
DA:778,0
DA:780,0
DA:781,0
DA:784,0
DA:786,0
DA:801,0
DA:803,0
DA:804,0
DA:806,0
DA:807,0
DA:810,0
DA:830,0
DA:831,0
DA:832,0
DA:833,0
DA:834,0
DA:837,0
DA:838,0
DA:839,0
DA:840,0
DA:843,0
DA:846,0
DA:852,0
DA:854,0
DA:855,0
DA:857,0
DA:859,0
DA:874,0
DA:876,0
DA:878,0
DA:886,0
DA:887,0
DA:888,0
DA:889,0
DA:891,0
DA:893,0
DA:895,0
DA:899,0
DA:900,0
DA:901,0
DA:903,0
DA:905,0
DA:907,0
DA:915,0
DA:916,0
DA:917,0
DA:920,0
DA:922,0
DA:924,0
DA:925,0
DA:928,0
DA:930,0
DA:931,0
DA:936,0
DA:937,0
DA:939,0
DA:941,0
DA:943,0
DA:944,0
DA:956,0
DA:958,0
DA:959,0
DA:960,0
DA:963,0
DA:964,0
DA:965,0
DA:967,0
DA:969,0
DA:970,0
DA:973,0
DA:975,0
DA:976,0
DA:994,0
DA:995,0
DA:1002,0
DA:1003,0
DA:1011,0
DA:1020,0
DA:1021,0
DA:1022,0
DA:1023,0
DA:1025,0
DA:1027,0
DA:1034,0
DA:1038,0
DA:1040,0
DA:1041,0
DA:1043,0
DA:1044,0
DA:1045,0
DA:1046,0
DA:1048,0
DA:1049,0
DA:1050,0
DA:1072,0
DA:1073,0
DA:1077,0
DA:1085,0
DA:1086,0
DA:1088,0
DA:1089,0
DA:1092,0
DA:1095,0
DA:1096,0
DA:1097,0
DA:1098,0
DA:1099,0
DA:1102,0
DA:1104,0
DA:1105,0
DA:1106,0
DA:1109,0
DA:1112,0
DA:1122,0
DA:1123,0
DA:1127,0
DA:1128,0
DA:1131,0
DA:1133,0
DA:1136,0
DA:1137,0
DA:1139,0
DA:1142,0
DA:1143,0
DA:1146,0
DA:1150,0
DA:1152,0
DA:1153,0
DA:1156,0
DA:1157,0
DA:1158,0
DA:1159,0
DA:1161,0
DA:1162,0
DA:1167,0
DA:1168,0
DA:1169,0
DA:1170,0
DA:1173,0
DA:1174,0
DA:1175,0
DA:1178,0
DA:1179,0
DA:1184,0
DA:1185,0
DA:1186,0
DA:1189,0
DA:1198,0
DA:1202,0
DA:1206,0
DA:1210,0
DA:1214,0
DA:1226,0
DA:1260,0
DA:1261,0
DA:1262,0
DA:1266,0
DA:1284,1
DA:1288,1
DA:1296,0
LF:320
LH:51
BRDA:299,1,0,0
BRDA:299,1,1,1
BRDA:304,2,0,0
BRDA:304,2,1,0
BRDA:309,3,0,0
BRDA:309,3,1,0
BRDA:322,4,0,7
BRDA:322,4,1,0
BRDA:354,5,0,0
BRDA:354,5,1,0
BRDA:355,6,0,0
BRDA:355,6,1,0
BRDA:364,7,0,0
BRDA:364,7,1,0
BRDA:364,8,0,0
BRDA:364,8,1,0
BRDA:371,9,0,1
BRDA:371,9,1,0
BRDA:372,10,0,1
BRDA:372,10,1,0
BRDA:385,11,0,0
BRDA:385,11,1,0
BRDA:387,12,0,0
BRDA:387,12,1,0
BRDA:388,13,0,0
BRDA:388,13,1,0
BRDA:389,14,0,0
BRDA:389,14,1,0
BRDA:402,15,0,4
BRDA:402,15,1,0
BRDA:403,16,0,4
BRDA:403,16,1,0
BRDA:404,17,0,4
BRDA:404,17,1,0
BRDA:420,18,0,1
BRDA:420,18,1,0
BRDA:421,19,0,1
BRDA:421,19,1,0
BRDA:422,20,0,1
BRDA:422,20,1,0
BRDA:428,21,0,1
BRDA:428,21,1,1
BRDA:446,22,0,1
BRDA:446,22,1,0
BRDA:447,23,0,1
BRDA:447,23,1,0
BRDA:462,24,0,0
BRDA:462,24,1,0
BRDA:484,25,0,0
BRDA:484,25,1,0
BRDA:486,26,0,0
BRDA:486,26,1,0
BRDA:487,27,0,0
BRDA:487,27,1,0
BRDA:488,28,0,0
BRDA:488,28,1,0
BRDA:491,29,0,0
BRDA:491,29,1,0
BRDA:496,30,0,0
BRDA:496,30,1,0
BRDA:511,31,0,0
BRDA:511,31,1,0
BRDA:513,32,0,0
BRDA:513,32,1,0
BRDA:514,33,0,0
BRDA:514,33,1,0
BRDA:515,34,0,0
BRDA:515,34,1,0
BRDA:516,35,0,0
BRDA:516,35,1,0
BRDA:529,36,0,0
BRDA:529,36,1,0
BRDA:531,37,0,0
BRDA:531,37,1,0
BRDA:532,38,0,0
BRDA:532,38,1,0
BRDA:533,39,0,0
BRDA:533,39,1,0
BRDA:534,40,0,0
BRDA:534,40,1,0
BRDA:546,41,0,0
BRDA:546,41,1,0
BRDA:547,42,0,0
BRDA:547,42,1,0
BRDA:548,43,0,0
BRDA:548,43,1,0
BRDA:559,44,0,0
BRDA:559,44,1,0
BRDA:560,45,0,0
BRDA:560,45,1,0
BRDA:564,46,0,0
BRDA:564,46,1,0
BRDA:568,47,0,7
BRDA:568,47,1,0
BRDA:569,48,0,7
BRDA:569,48,1,0
BRDA:575,49,0,0
BRDA:575,49,1,0
BRDA:576,50,0,0
BRDA:576,50,1,0
BRDA:581,51,0,0
BRDA:581,51,1,0
BRDA:593,52,0,0
BRDA:593,52,1,0
BRDA:606,53,0,0
BRDA:606,53,1,0
BRDA:613,54,0,0
BRDA:613,54,1,0
BRDA:614,55,0,0
BRDA:614,55,1,0
BRDA:633,56,0,0
BRDA:633,56,1,0
BRDA:635,57,0,0
BRDA:635,57,1,0
BRDA:654,58,0,0
BRDA:654,58,1,0
BRDA:655,59,0,0
BRDA:655,59,1,0
BRDA:664,60,0,0
BRDA:664,60,1,0
BRDA:665,61,0,0
BRDA:665,61,1,0
BRDA:677,62,0,0
BRDA:677,62,1,0
BRDA:677,63,0,0
BRDA:677,63,1,0
BRDA:692,64,0,0
BRDA:692,64,1,0
BRDA:693,65,0,0
BRDA:693,65,1,0
BRDA:695,66,0,0
BRDA:695,66,1,0
BRDA:716,67,0,1
BRDA:716,67,1,0
BRDA:728,68,0,0
BRDA:728,68,1,0
BRDA:753,69,0,0
BRDA:753,69,1,0
BRDA:753,70,0,0
BRDA:753,70,1,0
BRDA:754,71,0,0
BRDA:754,71,1,0
BRDA:755,72,0,0
BRDA:755,72,1,0
BRDA:756,73,0,0
BRDA:756,73,1,0
BRDA:757,74,0,0
BRDA:757,74,1,0
BRDA:761,75,0,0
BRDA:761,75,1,0
BRDA:766,76,0,0
BRDA:766,76,1,0
BRDA:769,77,0,0
BRDA:769,77,1,0
BRDA:781,78,0,0
BRDA:781,78,1,0
BRDA:806,79,0,0
BRDA:806,79,1,0
BRDA:827,80,0,0
BRDA:827,80,1,0
BRDA:827,81,0,0
BRDA:827,81,1,0
BRDA:831,82,0,0
BRDA:831,82,1,0
BRDA:832,83,0,0
BRDA:832,83,1,0
BRDA:833,84,0,0
BRDA:833,84,1,0
BRDA:834,85,0,0
BRDA:834,85,1,0
BRDA:838,86,0,0
BRDA:838,86,1,0
BRDA:843,87,0,0
BRDA:843,87,1,0
BRDA:846,88,0,0
BRDA:846,88,1,0
BRDA:855,89,0,0
BRDA:855,89,1,0
BRDA:885,90,0,0
BRDA:885,90,1,0
BRDA:885,91,0,0
BRDA:885,91,1,0
BRDA:887,92,0,0
BRDA:887,92,1,0
BRDA:888,93,0,0
BRDA:888,93,1,0
BRDA:889,94,0,0
BRDA:889,94,1,0
BRDA:898,95,0,0
BRDA:898,95,1,0
BRDA:898,96,0,0
BRDA:898,96,1,0
BRDA:900,97,0,0
BRDA:900,97,1,0
BRDA:901,98,0,0
BRDA:901,98,1,0
BRDA:914,99,0,0
BRDA:914,99,1,0
BRDA:914,100,0,0
BRDA:914,100,1,0
BRDA:916,101,0,0
BRDA:916,101,1,0
BRDA:917,102,0,0
BRDA:917,102,1,0
BRDA:930,103,0,0
BRDA:930,103,1,0
BRDA:935,104,0,0
BRDA:935,104,1,0
BRDA:935,105,0,0
BRDA:935,105,1,0
BRDA:937,106,0,0
BRDA:937,106,1,0
BRDA:955,107,0,0
BRDA:955,107,1,0
BRDA:956,108,0,0
BRDA:956,108,1,0
BRDA:963,109,0,0
BRDA:963,109,1,0
BRDA:964,110,0,0
BRDA:964,110,1,0
BRDA:965,111,0,0
BRDA:965,111,1,0
BRDA:975,112,0,0
BRDA:975,112,1,0
BRDA:993,113,0,0
BRDA:993,113,1,0
BRDA:994,114,0,0
BRDA:994,114,1,0
BRDA:995,115,0,0
BRDA:995,115,1,0
BRDA:1019,116,0,0
BRDA:1019,116,1,0
BRDA:1021,117,0,0
BRDA:1021,117,1,0
BRDA:1022,118,0,0
BRDA:1022,118,1,0
BRDA:1023,119,0,0
BRDA:1023,119,1,0
BRDA:1038,120,0,0
BRDA:1038,120,1,0
BRDA:1041,121,0,0
BRDA:1041,121,1,0
BRDA:1043,122,0,0
BRDA:1043,122,1,0
BRDA:1072,123,0,0
BRDA:1072,123,1,0
BRDA:1073,124,0,0
BRDA:1073,124,1,0
BRDA:1092,125,0,0
BRDA:1092,125,1,0
BRDA:1097,126,0,0
BRDA:1097,126,1,0
BRDA:1102,127,0,0
BRDA:1102,127,1,0
BRDA:1109,128,0,0
BRDA:1109,128,1,0
BRDA:1122,129,0,0
BRDA:1122,129,1,0
BRDA:1127,130,0,0
BRDA:1127,130,1,0
BRDA:1129,131,0,0
BRDA:1129,131,1,0
BRDA:1129,132,0,0
BRDA:1129,132,1,0
BRDA:1136,133,0,0
BRDA:1136,133,1,0
BRDA:1138,134,0,0
BRDA:1138,134,1,0
BRDA:1142,135,0,0
BRDA:1142,135,1,0
BRDA:1152,136,0,0
BRDA:1152,136,1,0
BRDA:1153,137,0,0
BRDA:1153,137,1,0
BRDA:1156,138,0,0
BRDA:1156,138,1,0
BRDA:1161,139,0,0
BRDA:1161,139,1,0
BRDA:1162,140,0,0
BRDA:1162,140,1,0
BRDA:1173,141,0,0
BRDA:1173,141,1,0
BRDA:1184,142,0,0
BRDA:1184,142,1,0
BRDA:1186,143,0,0
BRDA:1186,143,1,0
BRDA:1261,144,0,0
BRDA:1261,144,1,0
BRDA:1263,145,0,0
BRDA:1263,145,1,0
BRDA:1283,146,0,1
BRDA:1283,146,1,0
BRDA:1287,147,0,1
BRDA:1287,147,1,0
BRDA:1296,148,0,0
BRDA:1296,148,1,0
BRF:296
BRH:19
end_of_record
TN:
SF:C:\amttp\contracts\AMTTPCrossChain.sol
FN:180,constructor
FN:194,initialize
FN:228,sendRiskScore
FN:287,blockAddressGlobally
FN:358,unblockAddressGlobally
FN:409,propagateDisputeResult
FN:444,lzReceive
FN:485,processMessage
FN:523,retryMessage
FN:540,_handleRiskScore
FN:567,_handleBlockAddress
FN:580,_handleUnblockAddress
FN:593,_handlePolicyUpdate
FN:607,_handleDisputeResult
FN:628,getAggregatedRiskScore
FN:649,isGloballyBlocked
FN:660,estimateRiskScoreFee
FN:685,getSupportedChains
FN:705,setTrustedRemote
FN:718,setTrustedRemotePath
FN:727,setPolicyEngine
FN:735,setMinDstGas
FN:743,setDefaultAdapterParams
FN:750,setChainRateLimit
FN:759,_enforceChainRateLimit
FN:775,pause
FN:782,unpause
FN:790,pauseChain
FN:799,unpauseChain
FN:808,isChainPaused
FN:816,_enforceChainNotPaused
FN:827,setConfig
FN:831,setSendVersion
FN:835,setReceiveVersion
FN:842,forceResumeReceive
FN:848,_initializeChainNames
FN:858,_authorizeUpgrade
FNF:37
FNH:9
FNDA:1,constructor
FNDA:5,initialize
FNDA:0,sendRiskScore
FNDA:0,blockAddressGlobally
FNDA:0,unblockAddressGlobally
FNDA:0,propagateDisputeResult
FNDA:0,lzReceive
FNDA:0,processMessage
FNDA:0,retryMessage
FNDA:0,_handleRiskScore
FNDA:0,_handleBlockAddress
FNDA:0,_handleUnblockAddress
FNDA:0,_handlePolicyUpdate
FNDA:0,_handleDisputeResult
FNDA:0,getAggregatedRiskScore
FNDA:0,isGloballyBlocked
FNDA:0,estimateRiskScoreFee
FNDA:0,getSupportedChains
FNDA:1,setTrustedRemote
FNDA:0,setTrustedRemotePath
FNDA:0,setPolicyEngine
FNDA:0,setMinDstGas
FNDA:0,setDefaultAdapterParams
FNDA:1,setChainRateLimit
FNDA:0,_enforceChainRateLimit
FNDA:1,pause
FNDA:1,unpause
FNDA:2,pauseChain
FNDA:1,unpauseChain
FNDA:0,isChainPaused
FNDA:0,_enforceChainNotPaused
FNDA:0,setConfig
FNDA:0,setSendVersion
FNDA:0,setReceiveVersion
FNDA:0,forceResumeReceive
FNDA:5,_initializeChainNames
FNDA:0,_authorizeUpgrade
DA:181,1
DA:195,5
DA:196,5
DA:197,5
DA:198,5
DA:200,5
DA:202,5
DA:203,5
DA:204,5
DA:205,5
DA:208,5
DA:211,5
DA:229,0
DA:230,0
DA:232,0
DA:233,0
DA:236,0
DA:243,0
DA:244,0
DA:245,0
DA:247,0
DA:252,0
DA:255,0
DA:258,0
DA:267,0
DA:274,0
DA:288,0
DA:290,0
DA:293,0
DA:294,0
DA:297,0
DA:304,0
DA:305,0
DA:306,0
DA:307,0
DA:309,0
DA:310,0
DA:317,0
DA:321,0
DA:324,0
DA:325,0
DA:326,0
DA:328,0
DA:329,0
DA:337,0
DA:359,0
DA:361,0
DA:364,0
DA:365,0
DA:368,0
DA:374,0
DA:375,0
DA:376,0
DA:378,0
DA:379,0
DA:387,0
DA:410,0
DA:412,0
DA:413,0
DA:416,0
DA:418,0
DA:425,0
DA:451,0
DA:455,0
DA:458,0
DA:459,0
DA:466,0
DA:472,0
DA:473,0
DA:476,0
DA:477,0
DA:491,0
DA:494,0
DA:496,0
DA:497,0
DA:499,0
DA:501,0
DA:503,0
DA:505,0
DA:507,0
DA:524,0
DA:525,0
DA:526,0
DA:529,0
DA:532,0
DA:533,0
DA:535,0
DA:545,0
DA:551,0
DA:552,0
DA:554,0
DA:557,0
DA:558,0
DA:559,0
DA:571,0
DA:576,0
DA:577,0
DA:584,0
DA:589,0
DA:590,0
DA:598,0
DA:604,0
DA:612,0
DA:617,0
DA:633,0
DA:635,0
DA:636,0
DA:637,0
DA:638,0
DA:639,0
DA:650,0
DA:665,0
DA:672,0
DA:686,0
DA:687,0
DA:688,0
DA:689,0
DA:690,0
DA:691,0
DA:692,0
DA:706,1
DA:707,1
DA:719,0
DA:720,0
DA:728,0
DA:736,0
DA:744,0
DA:751,1
DA:752,1
DA:760,0
DA:762,0
DA:763,0
DA:764,0
DA:765,0
DA:766,0
DA:767,0
DA:769,0
DA:776,1
DA:783,1
DA:791,2
DA:792,2
DA:800,1
DA:801,1
DA:809,0
DA:817,0
DA:828,0
DA:832,0
DA:836,0
DA:843,0
DA:849,5
DA:850,5
DA:851,5
DA:852,5
DA:853,5
DA:854,5
DA:855,5
LF:156
LH:29
BRDA:194,1,0,5
BRDA:194,1,1,0
BRDA:200,2,0,0
BRDA:200,2,1,5
BRDA:228,3,0,0
BRDA:228,3,1,0
BRDA:228,4,0,0
BRDA:228,4,1,0
BRDA:229,5,0,0
BRDA:229,5,1,0
BRDA:229,6,0,0
BRDA:229,6,1,0
BRDA:230,7,0,0
BRDA:230,7,1,0
BRDA:233,8,0,0
BRDA:233,8,1,0
BRDA:244,9,0,0
BRDA:244,9,1,0
BRDA:287,10,0,0
BRDA:287,10,1,0
BRDA:287,11,0,0
BRDA:287,11,1,0
BRDA:288,12,0,0
BRDA:288,12,1,0
BRDA:288,13,0,0
BRDA:288,13,1,0
BRDA:290,14,0,0
BRDA:290,14,1,0
BRDA:309,15,0,0
BRDA:309,15,1,0
BRDA:321,16,0,0
BRDA:321,16,1,0
BRDA:328,17,0,0
BRDA:328,17,1,0
BRDA:358,18,0,0
BRDA:358,18,1,0
BRDA:358,19,0,0
BRDA:358,19,1,0
BRDA:359,20,0,0
BRDA:359,20,1,0
BRDA:359,21,0,0
BRDA:359,21,1,0
BRDA:361,22,0,0
BRDA:361,22,1,0
BRDA:378,23,0,0
BRDA:378,23,1,0
BRDA:409,24,0,0
BRDA:409,24,1,0
BRDA:410,25,0,0
BRDA:410,25,1,0
BRDA:410,26,0,0
BRDA:410,26,1,0
BRDA:413,27,0,0
BRDA:413,27,1,0
BRDA:451,28,0,0
BRDA:451,28,1,0
BRDA:459,29,0,0
BRDA:459,29,1,0
BRDA:466,30,0,0
BRDA:466,30,1,0
BRDA:491,31,0,0
BRDA:491,31,1,0
BRDA:496,32,0,0
BRDA:496,32,1,0
BRDA:498,33,0,0
BRDA:498,33,1,0
BRDA:500,34,0,0
BRDA:500,34,1,0
BRDA:502,35,0,0
BRDA:502,35,1,0
BRDA:504,36,0,0
BRDA:504,36,1,0
BRDA:523,37,0,0
BRDA:523,37,1,0
BRDA:525,38,0,0
BRDA:525,38,1,0
BRDA:526,39,0,0
BRDA:526,39,1,0
BRDA:557,40,0,0
BRDA:557,40,1,0
BRDA:637,41,0,0
BRDA:637,41,1,0
BRDA:705,42,0,1
BRDA:705,42,1,0
BRDA:718,43,0,0
BRDA:718,43,1,0
BRDA:727,44,0,0
BRDA:727,44,1,0
BRDA:735,45,0,0
BRDA:735,45,1,0
BRDA:743,46,0,0
BRDA:743,46,1,0
BRDA:750,47,0,1
BRDA:750,47,1,0
BRDA:751,48,0,1
BRDA:751,48,1,0
BRDA:762,49,0,0
BRDA:762,49,1,0
BRDA:765,50,0,0
BRDA:765,50,1,0
BRDA:775,51,0,1
BRDA:775,51,1,0
BRDA:782,52,0,1
BRDA:782,52,1,0
BRDA:790,53,0,2
BRDA:790,53,1,0
BRDA:799,54,0,1
BRDA:799,54,1,0
BRDA:817,55,0,0
BRDA:817,55,1,0
BRDA:827,56,0,0
BRDA:827,56,1,0
BRDA:831,57,0,0
BRDA:831,57,1,0
BRDA:835,58,0,0
BRDA:835,58,1,0
BRDA:842,59,0,0
BRDA:842,59,1,0
BRDA:858,60,0,0
BRDA:858,60,1,0
BRF:120
BRH:9
end_of_record
TN:
SF:C:\amttp\contracts\AMTTPDisputeResolver.sol
FN:135,constructor
FN:162,escrowTransaction
FN:208,challengeTransaction
FN:263,escrowTransactionERC20
FN:313,submitEvidence
FN:338,rule
FN:367,executeTransaction
FN:399,requestAppeal
FN:410,setEscrowPartialPct
FN:416,_executeRuling
FN:493,getChallengeCost
FN:500,getEscrow
FN:528,canExecute
FN:546,setChallengeWindow
FN:554,updateMetaEvidence
FN:563,emergencyWithdraw
FN:601,healthCheck
FN:621,getTokenBalance
FNF:18
FNH:6
FNDA:7,constructor
FNDA:7,escrowTransaction
FNDA:1,challengeTransaction
FNDA:0,escrowTransactionERC20
FNDA:0,submitEvidence
FNDA:0,rule
FNDA:1,executeTransaction
FNDA:0,requestAppeal
FNDA:0,setEscrowPartialPct
FNDA:0,_executeRuling
FNDA:1,getChallengeCost
FNDA:0,getEscrow
FNDA:0,canExecute
FNDA:0,setChallengeWindow
FNDA:0,updateMetaEvidence
FNDA:5,emergencyWithdraw
FNDA:0,healthCheck
FNDA:0,getTokenBalance
DA:139,7
DA:140,7
DA:143,7
DA:163,7
DA:164,7
DA:165,7
DA:167,7
DA:168,7
DA:170,7
DA:186,7
DA:188,7
DA:199,7
DA:200,7
DA:209,1
DA:211,1
DA:212,1
DA:215,1
DA:216,1
DA:219,1
DA:222,1
DA:228,1
DA:229,1
DA:232,1
DA:239,1
DA:242,1
DA:243,0
DA:264,0
DA:265,0
DA:266,0
DA:267,0
DA:269,0
DA:270,0
DA:273,0
DA:275,0
DA:291,0
DA:293,0
DA:303,0
DA:304,0
DA:314,0
DA:315,0
DA:316,0
DA:321,0
DA:339,0
DA:341,0
DA:342,0
DA:344,0
DA:345,0
DA:347,0
DA:348,0
DA:353,0
DA:356,0
DA:368,1
DA:370,1
DA:372,1
DA:378,1
DA:379,1
DA:381,1
DA:384,1
DA:386,1
DA:389,0
DA:391,0
DA:400,0
DA:401,0
DA:402,0
DA:404,0
DA:411,0
DA:412,0
DA:413,0
DA:417,0
DA:419,0
DA:421,0
DA:424,0
DA:425,0
DA:426,0
DA:427,0
DA:428,0
DA:429,0
DA:431,0
DA:433,0
DA:435,0
DA:436,0
DA:438,0
DA:442,0
DA:444,0
DA:445,0
DA:447,0
DA:451,0
DA:453,0
DA:455,0
DA:456,0
DA:458,0
DA:461,0
DA:462,0
DA:464,0
DA:465,0
DA:466,0
DA:467,0
DA:468,0
DA:470,0
DA:471,0
DA:476,0
DA:478,0
DA:479,0
DA:481,0
DA:494,1
DA:511,0
DA:512,0
DA:529,0
DA:531,0
DA:532,0
DA:534,0
DA:536,0
DA:547,0
DA:548,0
DA:555,0
DA:556,0
DA:564,5
DA:565,5
DA:566,4
DA:572,3
DA:573,3
DA:574,3
DA:576,3
DA:579,3
DA:582,3
DA:583,3
DA:585,0
DA:608,0
DA:622,0
LF:129
LH:44
BRDA:139,1,0,7
BRDA:139,1,1,0
BRDA:162,2,0,7
BRDA:162,2,1,0
BRDA:163,3,0,7
BRDA:163,3,1,0
BRDA:164,4,0,7
BRDA:164,4,1,0
BRDA:165,5,0,7
BRDA:165,5,1,0
BRDA:199,6,0,7
BRDA:199,6,1,0
BRDA:208,7,0,1
BRDA:208,7,1,0
BRDA:211,8,0,1
BRDA:211,8,1,0
BRDA:212,9,0,1
BRDA:212,9,1,0
BRDA:216,10,0,1
BRDA:216,10,1,0
BRDA:242,11,0,0
BRDA:242,11,1,1
BRDA:263,12,0,0
BRDA:263,12,1,0
BRDA:264,13,0,0
BRDA:264,13,1,0
BRDA:265,14,0,0
BRDA:265,14,1,0
BRDA:266,15,0,0
BRDA:266,15,1,0
BRDA:267,16,0,0
BRDA:267,16,1,0
BRDA:303,17,0,0
BRDA:303,17,1,0
BRDA:315,18,0,0
BRDA:315,18,1,0
BRDA:316,19,0,0
BRDA:316,19,1,0
BRDA:317,20,0,0
BRDA:317,20,1,0
BRDA:339,21,0,0
BRDA:339,21,1,0
BRDA:342,22,0,0
BRDA:342,22,1,0
BRDA:345,23,0,0
BRDA:345,23,1,0
BRDA:367,24,0,1
BRDA:367,24,1,0
BRDA:370,25,0,1
BRDA:370,25,1,0
BRDA:372,26,0,1
BRDA:372,26,1,0
BRDA:388,27,0,0
BRDA:388,27,1,0
BRDA:401,28,0,0
BRDA:401,28,1,0
BRDA:402,29,0,0
BRDA:402,29,1,0
BRDA:402,30,0,0
BRDA:402,30,1,0
BRDA:410,31,0,0
BRDA:410,31,1,0
BRDA:411,32,0,0
BRDA:411,32,1,0
BRDA:419,33,0,0
BRDA:419,33,1,0
BRDA:431,34,0,0
BRDA:431,34,1,0
BRDA:435,35,0,0
BRDA:435,35,1,0
BRDA:440,36,0,0
BRDA:440,36,1,0
BRDA:444,37,0,0
BRDA:444,37,1,0
BRDA:449,38,0,0
BRDA:449,38,1,0
BRDA:451,39,0,0
BRDA:451,39,1,0
BRDA:455,40,0,0
BRDA:455,40,1,0
BRDA:466,41,0,0
BRDA:466,41,1,0
BRDA:467,42,0,0
BRDA:467,42,1,0
BRDA:468,43,0,0
BRDA:468,43,1,0
BRDA:470,44,0,0
BRDA:470,44,1,0
BRDA:471,45,0,0
BRDA:471,45,1,0
BRDA:478,46,0,0
BRDA:478,46,1,0
BRDA:531,47,0,0
BRDA:531,47,1,0
BRDA:533,48,0,0
BRDA:533,48,1,0
BRDA:546,49,0,0
BRDA:546,49,1,0
BRDA:547,50,0,0
BRDA:547,50,1,0
BRDA:554,51,0,0
BRDA:554,51,1,0
BRDA:563,52,0,5
BRDA:563,52,1,0
BRDA:563,53,0,5
BRDA:563,53,1,0
BRDA:565,54,0,4
BRDA:565,54,1,1
BRDA:566,55,0,3
BRDA:566,55,1,1
BRDA:582,56,0,3
BRDA:582,56,1,0
BRF:112
BRH:21
end_of_record
TN:
SF:C:\amttp\contracts\AMTTPNFT.sol
FN:151,onlyOracle
FN:156,onlyApprover
FN:161,onlyRouterOrDirect
FN:166,swapExists
FN:176,constructor
FN:180,initialize
FN:201,setRouter
FN:206,setPolicyEngine
FN:212,setDisputeResolver
FN:216,setOracle
FN:220,addApprover
FN:226,removeApprover
FN:257,initiateNFTtoETHSwap
FN:304,depositETHForNFT
FN:316,completeNFTSwap
FN:337,refundNFTSwap
FN:373,initiateNFTtoNFTSwap
FN:403,depositNFTForSwap
FN:433,completeNFTtoNFTSwap
FN:452,approveSwap
FN:471,raiseDispute
FN:489,executeDisputeRuling
FN:515,rescueNFT
FN:523,_verifyNFTOracleSignature
FN:542,_determineStatus
FN:576,getNFTSwap
FN:580,getNFTtoNFTSwap
FN:584,getApprovers
FN:592,onERC721Received
FN:605,pause
FN:609,unpause
FN:613,_authorizeUpgrade
FNF:32
FNH:0
FNDA:0,onlyOracle
FNDA:0,onlyApprover
FNDA:0,onlyRouterOrDirect
FNDA:0,swapExists
FNDA:0,constructor
FNDA:0,initialize
FNDA:0,setRouter
FNDA:0,setPolicyEngine
FNDA:0,setDisputeResolver
FNDA:0,setOracle
FNDA:0,addApprover
FNDA:0,removeApprover
FNDA:0,initiateNFTtoETHSwap
FNDA:0,depositETHForNFT
FNDA:0,completeNFTSwap
FNDA:0,refundNFTSwap
FNDA:0,initiateNFTtoNFTSwap
FNDA:0,depositNFTForSwap
FNDA:0,completeNFTtoNFTSwap
FNDA:0,approveSwap
FNDA:0,raiseDispute
FNDA:0,executeDisputeRuling
FNDA:0,rescueNFT
FNDA:0,_verifyNFTOracleSignature
FNDA:0,_determineStatus
FNDA:0,getNFTSwap
FNDA:0,getNFTtoNFTSwap
FNDA:0,getApprovers
FNDA:0,onERC721Received
FNDA:0,pause
FNDA:0,unpause
FNDA:0,_authorizeUpgrade
DA:152,0
DA:153,0
DA:157,0
DA:158,0
DA:162,0
DA:163,0
DA:167,0
DA:168,0
DA:177,0
DA:181,0
DA:182,0
DA:183,0
DA:184,0
DA:186,0
DA:187,0
DA:188,0
DA:189,0
DA:190,0
DA:193,0
DA:194,0
DA:202,0
DA:203,0
DA:207,0
DA:208,0
DA:209,0
DA:213,0
DA:217,0
DA:221,0
DA:222,0
DA:223,0
DA:227,0
DA:228,0
DA:258,0
DA:259,0
DA:260,0
DA:261,0
DA:262,0
DA:265,0
DA:267,0
DA:268,0
DA:271,0
DA:273,0
DA:289,0
DA:291,0
DA:292,0
DA:294,0
DA:295,0
DA:298,0
DA:305,0
DA:306,0
DA:307,0
DA:308,0
DA:317,0
DA:318,0
DA:319,0
DA:320,0
DA:322,0
DA:325,0
DA:328,0
DA:329,0
DA:331,0
DA:338,0
DA:339,0
DA:340,0
DA:342,0
DA:345,0
DA:348,0
DA:349,0
DA:350,0
DA:353,0
DA:374,0
DA:375,0
DA:377,0
DA:379,0
DA:394,0
DA:396,0
DA:404,0
DA:405,0
DA:406,0
DA:408,0
DA:409,0
DA:411,0
DA:412,0
DA:413,0
DA:415,0
DA:417,0
DA:418,0
DA:419,0
DA:421,0
DA:425,0
DA:426,0
DA:434,0
DA:435,0
DA:436,0
DA:437,0
DA:439,0
DA:442,0
DA:443,0
DA:445,0
DA:453,0
DA:454,0
DA:455,0
DA:457,0
DA:458,0
DA:460,0
DA:462,0
DA:463,0
DA:472,0
DA:473,0
DA:474,0
DA:475,0
DA:477,0
DA:479,0
DA:486,0
DA:490,0
DA:492,0
DA:493,0
DA:495,0
DA:497,0
DA:498,0
DA:499,0
DA:502,0
DA:503,0
DA:504,0
DA:516,0
DA:533,0
DA:535,0
DA:536,0
DA:537,0
DA:539,0
DA:549,0
DA:550,0
DA:554,0
DA:555,0
DA:558,0
DA:560,0
DA:563,0
DA:564,0
DA:566,0
DA:569,0
DA:577,0
DA:581,0
DA:585,0
DA:598,0
DA:606,0
DA:610,0
LF:146
LH:0
BRDA:152,1,0,0
BRDA:152,1,1,0
BRDA:152,2,0,0
BRDA:152,2,1,0
BRDA:157,3,0,0
BRDA:157,3,1,0
BRDA:157,4,0,0
BRDA:157,4,1,0
BRDA:162,5,0,0
BRDA:162,5,1,0
BRDA:162,6,0,0
BRDA:162,6,1,0
BRDA:167,7,0,0
BRDA:167,7,1,0
BRDA:180,8,0,0
BRDA:180,8,1,0
BRDA:201,9,0,0
BRDA:201,9,1,0
BRDA:206,10,0,0
BRDA:206,10,1,0
BRDA:212,11,0,0
BRDA:212,11,1,0
BRDA:216,12,0,0
BRDA:216,12,1,0
BRDA:220,13,0,0
BRDA:220,13,1,0
BRDA:221,14,0,0
BRDA:221,14,1,0
BRDA:226,15,0,0
BRDA:226,15,1,0
BRDA:227,16,0,0
BRDA:227,16,1,0
BRDA:257,17,0,0
BRDA:257,17,1,0
BRDA:257,18,0,0
BRDA:257,18,1,0
BRDA:258,19,0,0
BRDA:258,19,1,0
BRDA:259,20,0,0
BRDA:259,20,1,0
BRDA:260,21,0,0
BRDA:260,21,1,0
BRDA:261,22,0,0
BRDA:261,22,1,0
BRDA:262,23,0,0
BRDA:262,23,1,0
BRDA:265,24,0,0
BRDA:265,24,1,0
BRDA:268,25,0,0
BRDA:268,25,1,0
BRDA:294,26,0,0
BRDA:294,26,1,0
BRDA:304,27,0,0
BRDA:304,27,1,0
BRDA:304,28,0,0
BRDA:304,28,1,0
BRDA:306,29,0,0
BRDA:306,29,1,0
BRDA:307,30,0,0
BRDA:307,30,1,0
BRDA:308,31,0,0
BRDA:308,31,1,0
BRDA:316,32,0,0
BRDA:316,32,1,0
BRDA:316,33,0,0
BRDA:316,33,1,0
BRDA:318,34,0,0
BRDA:318,34,1,0
BRDA:319,35,0,0
BRDA:319,35,1,0
BRDA:320,36,0,0
BRDA:320,36,1,0
BRDA:329,37,0,0
BRDA:329,37,1,0
BRDA:337,38,0,0
BRDA:337,38,1,0
BRDA:337,39,0,0
BRDA:337,39,1,0
BRDA:339,40,0,0
BRDA:339,40,1,0
BRDA:339,41,0,0
BRDA:339,41,1,0
BRDA:340,42,0,0
BRDA:340,42,1,0
BRDA:348,43,0,0
BRDA:348,43,1,0
BRDA:350,44,0,0
BRDA:350,44,1,0
BRDA:373,45,0,0
BRDA:373,45,1,0
BRDA:373,46,0,0
BRDA:373,46,1,0
BRDA:374,47,0,0
BRDA:374,47,1,0
BRDA:375,48,0,0
BRDA:375,48,1,0
BRDA:403,49,0,0
BRDA:403,49,1,0
BRDA:405,50,0,0
BRDA:405,50,1,0
BRDA:406,51,0,0
BRDA:406,51,1,0
BRDA:408,52,0,0
BRDA:408,52,1,0
BRDA:409,53,0,0
BRDA:409,53,1,0
BRDA:414,54,0,0
BRDA:414,54,1,0
BRDA:415,55,0,0
BRDA:415,55,1,0
BRDA:425,56,0,0
BRDA:425,56,1,0
BRDA:433,57,0,0
BRDA:433,57,1,0
BRDA:435,58,0,0
BRDA:435,58,1,0
BRDA:436,59,0,0
BRDA:436,59,1,0
BRDA:437,60,0,0
BRDA:437,60,1,0
BRDA:452,61,0,0
BRDA:452,61,1,0
BRDA:452,62,0,0
BRDA:452,62,1,0
BRDA:454,63,0,0
BRDA:454,63,1,0
BRDA:455,64,0,0
BRDA:455,64,1,0
BRDA:462,65,0,0
BRDA:462,65,1,0
BRDA:471,66,0,0
BRDA:471,66,1,0
BRDA:473,67,0,0
BRDA:473,67,1,0
BRDA:473,68,0,0
BRDA:473,68,1,0
BRDA:474,69,0,0
BRDA:474,69,1,0
BRDA:474,70,0,0
BRDA:474,70,1,0
BRDA:475,71,0,0
BRDA:475,71,1,0
BRDA:490,72,0,0
BRDA:490,72,1,0
BRDA:493,73,0,0
BRDA:493,73,1,0
BRDA:495,74,0,0
BRDA:495,74,1,0
BRDA:515,75,0,0
BRDA:515,75,1,0
BRDA:533,76,0,0
BRDA:533,76,1,0
BRDA:549,77,0,0
BRDA:549,77,1,0
BRDA:554,78,0,0
BRDA:554,78,1,0
BRDA:556,79,0,0
BRDA:556,79,1,0
BRDA:556,80,0,0
BRDA:556,80,1,0
BRDA:563,81,0,0
BRDA:563,81,1,0
BRDA:565,82,0,0
BRDA:565,82,1,0
BRDA:605,83,0,0
BRDA:605,83,1,0
BRDA:609,84,0,0
BRDA:609,84,1,0
BRDA:613,85,0,0
BRDA:613,85,1,0
BRF:170
BRH:0
end_of_record
TN:
SF:C:\amttp\contracts\AMTTPPolicyEngine.sol
FN:123,onlyAMTTP
FN:128,notPaused
FN:133,notFrozen
FN:139,constructor
FN:144,initialize
FN:165,setTransactionPolicy
FN:199,setRiskPolicy
FN:226,addVelocityLimit
FN:247,setComplianceRules
FN:278,validateTransaction
FN:361,_assessDQNRisk
FN:376,_updateUserActivity
FN:405,_checkVelocityLimits
FN:427,_getUserPolicyWithDefaults
FN:458,_getUserRiskPolicyWithDefaults
FN:479,_isBlockedCounterparty
FN:487,_recordSuccessfulTransaction
FN:493,_getRiskActionReason
FN:505,updateModelVersion
FN:518,setMinimumModelScore
FN:525,setEmergencyPause
FN:530,freezeAccount
FN:535,unfreezeAccount
FN:540,addTrustedCounterparty
FN:545,removeTrustedCounterparty
FN:552,getUserPolicy
FN:556,getUserRiskPolicy
FN:560,getUserActivity
FN:564,getModelPerformance
FN:568,isTransactionAllowed
FN:598,setDisputeResolver
FN:607,setEscrowThreshold
FN:617,shouldRouteToKleros
FN:626,getDisputeResolver
FN:643,routeToKlerosEscrow
FN:667,_authorizeUpgrade
FNF:36
FNH:15
FNDA:8,onlyAMTTP
FNDA:0,notPaused
FNDA:0,notFrozen
FNDA:1,constructor
FNDA:43,initialize
FNDA:7,setTransactionPolicy
FNDA:7,setRiskPolicy
FNDA:1,addVelocityLimit
FNDA:1,setComplianceRules
FNDA:0,validateTransaction
FNDA:0,_assessDQNRisk
FNDA:0,_updateUserActivity
FNDA:0,_checkVelocityLimits
FNDA:1,_getUserPolicyWithDefaults
FNDA:1,_getUserRiskPolicyWithDefaults
FNDA:0,_isBlockedCounterparty
FNDA:0,_recordSuccessfulTransaction
FNDA:0,_getRiskActionReason
FNDA:2,updateModelVersion
FNDA:0,setMinimumModelScore
FNDA:1,setEmergencyPause
FNDA:1,freezeAccount
FNDA:0,unfreezeAccount
FNDA:0,addTrustedCounterparty
FNDA:0,removeTrustedCounterparty
FNDA:1,getUserPolicy
FNDA:1,getUserRiskPolicy
FNDA:0,getUserActivity
FNDA:2,getModelPerformance
FNDA:0,isTransactionAllowed
FNDA:0,setDisputeResolver
FNDA:0,setEscrowThreshold
FNDA:0,shouldRouteToKleros
FNDA:0,getDisputeResolver
FNDA:0,routeToKlerosEscrow
FNDA:0,_authorizeUpgrade
DA:124,8
DA:125,0
DA:129,0
DA:130,0
DA:134,0
DA:135,0
DA:140,1
DA:145,43
DA:146,43
DA:147,43
DA:149,43
DA:150,43
DA:151,43
DA:152,43
DA:153,43
DA:154,43
DA:157,43
DA:175,7
DA:176,7
DA:177,6
DA:179,6
DA:193,6
DA:205,7
DA:206,7
DA:208,6
DA:220,6
DA:232,1
DA:234,1
DA:241,1
DA:255,1
DA:257,1
DA:258,1
DA:259,1
DA:260,1
DA:261,1
DA:263,1
DA:281,0
DA:284,0
DA:287,0
DA:288,0
DA:289,0
DA:292,0
DA:293,0
DA:297,0
DA:298,0
DA:302,0
DA:303,0
DA:307,0
DA:308,0
DA:312,0
DA:316,0
DA:317,0
DA:318,0
DA:320,0
DA:325,0
DA:326,0
DA:327,0
DA:331,0
DA:332,0
DA:336,0
DA:338,0
DA:342,0
DA:343,0
DA:347,0
DA:348,0
DA:349,0
DA:350,0
DA:351,0
DA:354,0
DA:355,0
DA:362,0
DA:363,0
DA:365,0
DA:367,0
DA:369,0
DA:377,0
DA:380,0
DA:381,0
DA:382,0
DA:383,0
DA:386,0
DA:387,0
DA:390,0
DA:391,0
DA:395,0
DA:396,0
DA:397,0
DA:398,0
DA:399,0
DA:406,0
DA:407,0
DA:409,0
DA:410,0
DA:412,0
DA:413,0
DA:415,0
DA:421,0
DA:428,1
DA:430,1
DA:432,0
DA:447,1
DA:459,1
DA:461,1
DA:463,0
DA:476,1
DA:480,0
DA:481,0
DA:482,0
DA:484,0
DA:488,0
DA:489,0
DA:494,0
DA:495,0
DA:496,0
DA:497,0
DA:506,2
DA:507,2
DA:509,1
DA:510,1
DA:512,1
DA:519,0
DA:520,0
DA:526,1
DA:527,1
DA:531,1
DA:532,1
DA:536,0
DA:537,0
DA:541,0
DA:542,0
DA:546,0
DA:547,0
DA:553,1
DA:557,1
DA:561,0
DA:565,2
DA:574,0
DA:575,0
DA:577,0
DA:579,0
DA:580,0
DA:582,0
DA:583,0
DA:585,0
DA:587,0
DA:599,0
DA:600,0
DA:608,0
DA:609,0
DA:618,0
DA:619,0
DA:620,0
DA:627,0
DA:644,0
DA:645,0
DA:646,0
DA:649,0
DA:659,0
DA:661,0
DA:663,0
LF:160
LH:49
BRDA:124,1,0,0
BRDA:124,1,1,8
BRDA:129,2,0,0
BRDA:129,2,1,0
BRDA:134,3,0,0
BRDA:134,3,1,0
BRDA:144,4,0,43
BRDA:144,4,1,0
BRDA:175,5,0,7
BRDA:175,5,1,0
BRDA:175,6,0,7
BRDA:175,6,1,0
BRDA:176,7,0,6
BRDA:176,7,1,1
BRDA:177,8,0,6
BRDA:177,8,1,0
BRDA:205,9,0,7
BRDA:205,9,1,0
BRDA:205,10,0,7
BRDA:205,10,1,0
BRDA:206,11,0,6
BRDA:206,11,1,1
BRDA:232,12,0,1
BRDA:232,12,1,0
BRDA:232,13,0,1
BRDA:232,13,1,0
BRDA:255,14,0,1
BRDA:255,14,1,0
BRDA:255,15,0,1
BRDA:255,15,1,0
BRDA:278,16,0,0
BRDA:278,16,1,8
BRDA:278,17,0,0
BRDA:278,17,1,0
BRDA:278,18,0,0
BRDA:278,18,1,0
BRDA:284,19,0,0
BRDA:284,19,1,0
BRDA:292,20,0,0
BRDA:292,20,1,0
BRDA:297,21,0,0
BRDA:297,21,1,0
BRDA:302,22,0,0
BRDA:302,22,1,0
BRDA:307,23,0,0
BRDA:307,23,1,0
BRDA:316,24,0,0
BRDA:316,24,1,0
BRDA:325,25,0,0
BRDA:325,25,1,0
BRDA:331,26,0,0
BRDA:331,26,1,0
BRDA:336,27,0,0
BRDA:336,27,1,0
BRDA:342,28,0,0
BRDA:342,28,1,0
BRDA:347,29,0,0
BRDA:347,29,1,0
BRDA:362,30,0,0
BRDA:362,30,1,0
BRDA:364,31,0,0
BRDA:364,31,1,0
BRDA:366,32,0,0
BRDA:366,32,1,0
BRDA:380,33,0,0
BRDA:380,33,1,0
BRDA:386,34,0,0
BRDA:386,34,1,0
BRDA:390,35,0,0
BRDA:390,35,1,0
BRDA:410,36,0,0
BRDA:410,36,1,0
BRDA:412,37,0,0
BRDA:412,37,1,0
BRDA:413,38,0,0
BRDA:413,38,1,0
BRDA:413,39,0,0
BRDA:413,39,1,0
BRDA:430,40,0,0
BRDA:430,40,1,1
BRDA:461,41,0,0
BRDA:461,41,1,1
BRDA:482,42,0,0
BRDA:482,42,1,0
BRDA:488,43,0,0
BRDA:488,43,1,0
BRDA:494,44,0,0
BRDA:494,44,1,0
BRDA:495,45,0,0
BRDA:495,45,1,0
BRDA:496,46,0,0
BRDA:496,46,1,0
BRDA:506,47,0,2
BRDA:506,47,1,0
BRDA:506,48,0,2
BRDA:506,48,1,0
BRDA:507,49,0,1
BRDA:507,49,1,1
BRDA:518,50,0,0
BRDA:518,50,1,0
BRDA:519,51,0,0
BRDA:519,51,1,0
BRDA:525,52,0,1
BRDA:525,52,1,0
BRDA:530,53,0,1
BRDA:530,53,1,0
BRDA:535,54,0,0
BRDA:535,54,1,0
BRDA:541,55,0,0
BRDA:541,55,1,0
BRDA:541,56,0,0
BRDA:541,56,1,0
BRDA:546,57,0,0
BRDA:546,57,1,0
BRDA:546,58,0,0
BRDA:546,58,1,0
BRDA:574,59,0,0
BRDA:574,59,1,0
BRDA:575,60,0,0
BRDA:575,60,1,0
BRDA:579,61,0,0
BRDA:579,61,1,0
BRDA:580,62,0,0
BRDA:580,62,1,0
BRDA:585,63,0,0
BRDA:585,63,1,0
BRDA:598,64,0,0
BRDA:598,64,1,0
BRDA:599,65,0,0
BRDA:599,65,1,0
BRDA:607,66,0,0
BRDA:607,66,1,0
BRDA:608,67,0,0
BRDA:608,67,1,0
BRDA:618,68,0,0
BRDA:618,68,1,0
BRDA:619,69,0,0
BRDA:619,69,1,0
BRDA:643,70,0,0
BRDA:643,70,1,0
BRDA:644,71,0,0
BRDA:644,71,1,0
BRDA:645,72,0,0
BRDA:645,72,1,0
BRDA:646,73,0,0
BRDA:646,73,1,0
BRDA:659,74,0,0
BRDA:659,74,1,0
BRDA:667,75,0,0
BRDA:667,75,1,0
BRF:150
BRH:24
end_of_record
TN:
SF:C:\amttp\contracts\AMTTPPolicyManager.sol
FN:51,constructor
FN:55,initialize
FN:66,setPolicyEngine
FN:75,setUserPolicy
FN:92,setTrustedUser
FN:100,validateTransaction
FN:136,isTransactionAllowed
FN:149,getUserPolicy
FN:160,_authorizeUpgrade
FNF:9
FNH:7
FNDA:1,constructor
FNDA:23,initialize
FNDA:23,setPolicyEngine
FNDA:3,setUserPolicy
FNDA:1,setTrustedUser
FNDA:4,validateTransaction
FNDA:0,isTransactionAllowed
FNDA:1,getUserPolicy
FNDA:0,_authorizeUpgrade
DA:52,1
DA:56,23
DA:57,23
DA:59,23
DA:60,23
DA:67,23
DA:68,23
DA:69,23
DA:80,3
DA:81,3
DA:83,3
DA:84,3
DA:86,3
DA:93,1
DA:94,1
DA:108,4
DA:109,4
DA:110,2
DA:114,2
DA:115,2
DA:118,2
DA:119,0
DA:121,0
DA:122,0
DA:124,0
DA:127,0
DA:129,2
DA:142,0
DA:143,0
DA:154,1
DA:155,1
DA:156,1
DA:157,1
LF:33
LH:26
BRDA:55,1,0,23
BRDA:55,1,1,0
BRDA:66,2,0,23
BRDA:66,2,1,0
BRDA:80,3,0,3
BRDA:80,3,1,0
BRDA:80,4,0,3
BRDA:80,4,1,0
BRDA:81,5,0,3
BRDA:81,5,1,0
BRDA:92,6,0,1
BRDA:92,6,1,0
BRDA:109,7,0,2
BRDA:109,7,1,2
BRDA:115,8,0,1
BRDA:115,8,1,1
BRDA:118,9,0,0
BRDA:118,9,1,2
BRDA:120,10,0,0
BRDA:120,10,1,2
BRDA:121,11,0,0
BRDA:121,11,1,0
BRDA:126,12,0,0
BRDA:126,12,1,2
BRDA:156,13,0,0
BRDA:156,13,1,1
BRDA:160,14,0,0
BRDA:160,14,1,0
BRF:28
BRH:14
end_of_record
TN:
SF:C:\amttp\contracts\AMTTPRouter.sol
FN:173,constructor
FN:183,initialize
FN:205,setContracts
FN:229,swapETH
FN:259,swapERC20
FN:296,swapNFTforETH
FN:330,swapNFTforNFT
FN:358,completeSwap
FN:376,refundSwap
FN:390,approveSwap
FN:408,raiseDispute
FN:426,syncRiskToChain
FN:439,getChainRiskScore
FN:451,getRiskThreshold
FN:459,getUserPolicy
FN:476,getProtocolStats
FN:495,getContractAddresses
FN:515,_recordSwap
FN:527,_authorizeUpgrade
FNF:19
FNH:0
FNDA:0,constructor
FNDA:0,initialize
FNDA:0,setContracts
FNDA:0,swapETH
FNDA:0,swapERC20
FNDA:0,swapNFTforETH
FNDA:0,swapNFTforNFT
FNDA:0,completeSwap
FNDA:0,refundSwap
FNDA:0,approveSwap
FNDA:0,raiseDispute
FNDA:0,syncRiskToChain
FNDA:0,getChainRiskScore
FNDA:0,getRiskThreshold
FNDA:0,getUserPolicy
FNDA:0,getProtocolStats
FNDA:0,getContractAddresses
FNDA:0,_recordSwap
FNDA:0,_authorizeUpgrade
DA:174,0
DA:184,0
DA:185,0
DA:186,0
DA:188,0
DA:189,0
DA:190,0
DA:191,0
DA:192,0
DA:206,0
DA:207,0
DA:208,0
DA:209,0
DA:210,0
DA:212,0
DA:230,0
DA:232,0
DA:241,0
DA:242,0
DA:244,0
DA:260,0
DA:262,0
DA:273,0
DA:274,0
DA:276,0
DA:297,0
DA:299,0
DA:311,0
DA:312,0
DA:314,0
DA:331,0
DA:333,0
DA:345,0
DA:346,0
DA:348,0
DA:359,0
DA:360,0
DA:362,0
DA:363,0
DA:365,0
DA:367,0
DA:370,0
DA:377,0
DA:378,0
DA:380,0
DA:381,0
DA:383,0
DA:391,0
DA:392,0
DA:394,0
DA:395,0
DA:397,0
DA:409,0
DA:410,0
DA:412,0
DA:413,0
DA:415,0
DA:432,0
DA:433,0
DA:440,0
DA:441,0
DA:452,0
DA:453,0
DA:465,0
DA:466,0
DA:483,0
DA:502,0
DA:516,0
DA:517,0
DA:518,0
DA:520,0
LF:71
LH:0
BRDA:183,1,0,0
BRDA:183,1,1,0
BRDA:205,2,0,0
BRDA:205,2,1,0
BRDA:206,3,0,0
BRDA:206,3,1,0
BRDA:207,4,0,0
BRDA:207,4,1,0
BRDA:208,5,0,0
BRDA:208,5,1,0
BRDA:209,6,0,0
BRDA:209,6,1,0
BRDA:210,7,0,0
BRDA:210,7,1,0
BRDA:229,8,0,0
BRDA:229,8,1,0
BRDA:230,9,0,0
BRDA:230,9,1,0
BRDA:259,10,0,0
BRDA:259,10,1,0
BRDA:260,11,0,0
BRDA:260,11,1,0
BRDA:296,12,0,0
BRDA:296,12,1,0
BRDA:297,13,0,0
BRDA:297,13,1,0
BRDA:330,14,0,0
BRDA:330,14,1,0
BRDA:331,15,0,0
BRDA:331,15,1,0
BRDA:358,16,0,0
BRDA:358,16,1,0
BRDA:360,17,0,0
BRDA:360,17,1,0
BRDA:362,18,0,0
BRDA:362,18,1,0
BRDA:362,19,0,0
BRDA:362,19,1,0
BRDA:364,20,0,0
BRDA:364,20,1,0
BRDA:366,21,0,0
BRDA:366,21,1,0
BRDA:376,22,0,0
BRDA:376,22,1,0
BRDA:378,23,0,0
BRDA:378,23,1,0
BRDA:380,24,0,0
BRDA:380,24,1,0
BRDA:380,25,0,0
BRDA:380,25,1,0
BRDA:382,26,0,0
BRDA:382,26,1,0
BRDA:382,27,0,0
BRDA:382,27,1,0
BRDA:392,28,0,0
BRDA:392,28,1,0
BRDA:394,29,0,0
BRDA:394,29,1,0
BRDA:394,30,0,0
BRDA:394,30,1,0
BRDA:410,31,0,0
BRDA:410,31,1,0
BRDA:412,32,0,0
BRDA:412,32,1,0
BRDA:412,33,0,0
BRDA:412,33,1,0
BRDA:432,34,0,0
BRDA:432,34,1,0
BRDA:440,35,0,0
BRDA:440,35,1,0
BRDA:452,36,0,0
BRDA:452,36,1,0
BRDA:465,37,0,0
BRDA:465,37,1,0
BRDA:527,38,0,0
BRDA:527,38,1,0
BRF:76
BRH:0
end_of_record
TN:
SF:C:\amttp\contracts\AMTTPSafeModule.sol
FN:114,onlySafeOperator
FN:119,onlyRegisteredSafe
FN:125,constructor
FN:139,registerSafe
FN:176,updateSafeConfig
FN:186,checkTransaction
FN:247,checkAfterExecution
FN:262,execute
FN:279,executeQueuedTransaction
FN:305,approveQueuedTransaction
FN:326,rejectQueuedTransaction
FN:338,getQueuedTransactions
FN:344,addToWhitelist
FN:349,removeFromWhitelist
FN:354,addToBlacklist
FN:359,removeFromBlacklist
FN:366,isOperator
FN:375,getAuditLogs
FN:389,setPolicyEngine
FN:395,setMLOracle
FN:400,pause
FN:404,unpause
FN:410,_queueTransaction
FN:439,_checkDailyVolume
FN:456,_getRiskAssessment
FN:495,_logAudit
FNF:26
FNH:0
FNDA:0,onlySafeOperator
FNDA:0,onlyRegisteredSafe
FNDA:0,constructor
FNDA:0,registerSafe
FNDA:0,updateSafeConfig
FNDA:0,checkTransaction
FNDA:0,checkAfterExecution
FNDA:0,execute
FNDA:0,executeQueuedTransaction
FNDA:0,approveQueuedTransaction
FNDA:0,rejectQueuedTransaction
FNDA:0,getQueuedTransactions
FNDA:0,addToWhitelist
FNDA:0,removeFromWhitelist
FNDA:0,addToBlacklist
FNDA:0,removeFromBlacklist
FNDA:0,isOperator
FNDA:0,getAuditLogs
FNDA:0,setPolicyEngine
FNDA:0,setMLOracle
FNDA:0,pause
FNDA:0,unpause
FNDA:0,_queueTransaction
FNDA:0,_checkDailyVolume
FNDA:0,_getRiskAssessment
FNDA:0,_logAudit
DA:115,0
DA:116,0
DA:120,0
DA:121,0
DA:126,0
DA:127,0
DA:128,0
DA:144,0
DA:145,0
DA:146,0
DA:149,0
DA:155,0
DA:156,0
DA:167,0
DA:177,0
DA:178,0
DA:199,0
DA:201,0
DA:202,0
DA:206,0
DA:209,0
DA:212,0
DA:213,0
DA:214,0
DA:218,0
DA:219,0
DA:220,0
DA:224,0
DA:225,0
DA:227,0
DA:229,0
DA:231,0
DA:232,0
DA:233,0
DA:236,0
DA:237,0
DA:240,0
DA:249,0
DA:263,0
DA:264,0
DA:266,0
DA:267,0
DA:269,0
DA:271,0
DA:273,0
DA:280,0
DA:281,0
DA:282,0
DA:284,0
DA:285,0
DA:287,0
DA:289,0
DA:296,0
DA:297,0
DA:306,0
DA:307,0
DA:308,0
DA:309,0
DA:311,0
DA:312,0
DA:314,0
DA:317,0
DA:318,0
DA:319,0
DA:327,0
DA:328,0
DA:329,0
DA:331,0
DA:332,0
DA:339,0
DA:345,0
DA:346,0
DA:350,0
DA:351,0
DA:355,0
DA:356,0
DA:360,0
DA:361,0
DA:367,0
DA:368,0
DA:369,0
DA:372,0
DA:376,0
DA:377,0
DA:378,0
DA:380,0
DA:381,0
DA:384,0
DA:390,0
DA:391,0
DA:392,0
DA:396,0
DA:397,0
DA:401,0
DA:405,0
DA:420,0
DA:434,0
DA:436,0
DA:440,0
DA:441,0
DA:443,0
DA:444,0
DA:445,0
DA:448,0
DA:449,0
DA:450,0
DA:453,0
DA:466,0
DA:467,0
DA:471,0
DA:472,0
DA:475,0
DA:476,0
DA:477,0
DA:479,0
DA:480,0
DA:484,0
DA:485,0
DA:486,0
DA:492,0
DA:502,0
DA:503,0
DA:511,0
LF:123
LH:0
BRDA:115,1,0,0
BRDA:115,1,1,0
BRDA:120,2,0,0
BRDA:120,2,1,0
BRDA:126,3,0,0
BRDA:126,3,1,0
BRDA:144,4,0,0
BRDA:144,4,1,0
BRDA:145,5,0,0
BRDA:145,5,1,0
BRDA:146,6,0,0
BRDA:146,6,1,0
BRDA:149,7,0,0
BRDA:149,7,1,0
BRDA:150,8,0,0
BRDA:150,8,1,0
BRDA:176,9,0,0
BRDA:176,9,1,0
BRDA:176,10,0,0
BRDA:176,10,1,0
BRDA:201,11,0,0
BRDA:201,11,1,0
BRDA:201,12,0,0
BRDA:201,12,1,0
BRDA:206,13,0,0
BRDA:206,13,1,0
BRDA:213,14,0,0
BRDA:213,14,1,0
BRDA:214,15,0,0
BRDA:214,15,1,0
BRDA:218,16,0,0
BRDA:218,16,1,0
BRDA:224,17,0,0
BRDA:224,17,1,0
BRDA:229,18,0,0
BRDA:229,18,1,0
BRDA:234,19,0,0
BRDA:234,19,1,0
BRDA:262,20,0,0
BRDA:262,20,1,0
BRDA:267,21,0,0
BRDA:267,21,1,0
BRDA:279,22,0,0
BRDA:279,22,1,0
BRDA:281,23,0,0
BRDA:281,23,1,0
BRDA:282,24,0,0
BRDA:282,24,1,0
BRDA:285,25,0,0
BRDA:285,25,1,0
BRDA:307,26,0,0
BRDA:307,26,1,0
BRDA:308,27,0,0
BRDA:308,27,1,0
BRDA:309,28,0,0
BRDA:309,28,1,0
BRDA:318,29,0,0
BRDA:318,29,1,0
BRDA:328,30,0,0
BRDA:328,30,1,0
BRDA:329,31,0,0
BRDA:329,31,1,0
BRDA:344,32,0,0
BRDA:344,32,1,0
BRDA:349,33,0,0
BRDA:349,33,1,0
BRDA:354,34,0,0
BRDA:354,34,1,0
BRDA:359,35,0,0
BRDA:359,35,1,0
BRDA:369,36,0,0
BRDA:369,36,1,0
BRDA:377,37,0,0
BRDA:377,37,1,0
BRDA:389,38,0,0
BRDA:389,38,1,0
BRDA:390,39,0,0
BRDA:390,39,1,0
BRDA:395,40,0,0
BRDA:395,40,1,0
BRDA:400,41,0,0
BRDA:400,41,1,0
BRDA:404,42,0,0
BRDA:404,42,1,0
BRDA:443,43,0,0
BRDA:443,43,1,0
BRDA:449,44,0,0
BRDA:449,44,1,0
BRDA:450,45,0,0
BRDA:450,45,1,0
BRDA:475,46,0,0
BRDA:475,46,1,0
BRDA:478,47,0,0
BRDA:478,47,1,0
BRDA:484,48,0,0
BRDA:484,48,1,0
BRF:96
BRH:0
end_of_record
TN:
SF:C:\amttp\contracts\AMTTPStreamlined.sol
FN:77,onlyOracle
FN:82,validTransaction
FN:88,constructor
FN:96,initialize
FN:111,setPolicyManager
FN:120,setOracle
FN:128,updateKYCStatus
FN:140,secureTransfer
FN:173,submitRiskScore
FN:213,_approveTransaction
FN:230,_rejectTransaction
FN:238,_escrowTransaction
FN:251,releaseEscrow
FN:272,_updateUserProfile
FN:294,getTransaction
FN:301,getUserProfile
FN:308,canTransfer
FN:319,pause
FN:323,unpause
FN:327,_authorizeUpgrade
FNF:20
FNH:13
FNDA:2,onlyOracle
FNDA:2,validTransaction
FNDA:1,constructor
FNDA:8,initialize
FNDA:8,setPolicyManager
FNDA:8,setOracle
FNDA:0,updateKYCStatus
FNDA:3,secureTransfer
FNDA:2,submitRiskScore
FNDA:1,_approveTransaction
FNDA:1,_rejectTransaction
FNDA:0,_escrowTransaction
FNDA:0,releaseEscrow
FNDA:2,_updateUserProfile
FNDA:2,getTransaction
FNDA:0,getUserProfile
FNDA:2,canTransfer
FNDA:0,pause
FNDA:0,unpause
FNDA:0,_authorizeUpgrade
DA:78,2
DA:79,2
DA:83,2
DA:84,2
DA:89,1
DA:97,8
DA:98,8
DA:99,8
DA:100,8
DA:101,8
DA:103,8
DA:104,8
DA:105,8
DA:112,8
DA:113,8
DA:114,8
DA:121,8
DA:122,8
DA:129,0
DA:130,0
DA:141,3
DA:142,3
DA:143,3
DA:145,3
DA:147,3
DA:157,3
DA:160,3
DA:161,0
DA:164,3
DA:174,2
DA:176,2
DA:177,2
DA:178,2
DA:180,2
DA:183,2
DA:184,2
DA:191,2
DA:192,1
DA:194,0
DA:196,1
DA:200,0
DA:201,0
DA:203,0
DA:205,0
DA:214,1
DA:215,1
DA:218,1
DA:221,1
DA:222,1
DA:224,1
DA:231,1
DA:232,1
DA:239,0
DA:240,0
DA:243,0
DA:245,0
DA:252,0
DA:254,0
DA:256,0
DA:257,0
DA:258,0
DA:259,0
DA:260,0
DA:261,0
DA:263,0
DA:264,0
DA:265,0
DA:273,2
DA:274,2
DA:275,2
DA:276,2
DA:277,2
DA:280,2
DA:281,2
DA:283,0
DA:285,0
DA:288,2
DA:295,2
DA:302,0
DA:309,2
DA:310,0
DA:314,2
DA:315,2
DA:320,0
DA:324,0
LF:85
LH:56
BRDA:78,1,0,2
BRDA:78,1,1,0
BRDA:83,2,0,2
BRDA:83,2,1,0
BRDA:96,3,0,8
BRDA:96,3,1,0
BRDA:111,4,0,8
BRDA:111,4,1,0
BRDA:120,5,0,8
BRDA:120,5,1,0
BRDA:128,6,0,0
BRDA:128,6,1,0
BRDA:140,7,0,3
BRDA:140,7,1,0
BRDA:140,8,0,3
BRDA:140,8,1,0
BRDA:141,9,0,3
BRDA:141,9,1,0
BRDA:142,10,0,3
BRDA:142,10,1,0
BRDA:143,11,0,3
BRDA:143,11,1,0
BRDA:160,12,0,0
BRDA:160,12,1,3
BRDA:173,13,0,2
BRDA:173,13,1,0
BRDA:173,14,0,2
BRDA:173,14,1,0
BRDA:174,15,0,2
BRDA:174,15,1,0
BRDA:183,16,0,2
BRDA:183,16,1,0
BRDA:191,17,0,1
BRDA:191,17,1,1
BRDA:193,18,0,0
BRDA:193,18,1,1
BRDA:200,19,0,0
BRDA:200,19,1,0
BRDA:202,20,0,0
BRDA:202,20,1,0
BRDA:251,21,0,0
BRDA:251,21,1,0
BRDA:251,22,0,0
BRDA:251,22,1,0
BRDA:252,23,0,0
BRDA:252,23,1,0
BRDA:256,24,0,0
BRDA:256,24,1,0
BRDA:280,25,0,2
BRDA:280,25,1,0
BRDA:282,26,0,0
BRDA:282,26,1,0
BRDA:309,27,0,0
BRDA:309,27,1,2
BRDA:309,28,0,0
BRDA:309,28,1,0
BRDA:319,29,0,0
BRDA:319,29,1,0
BRDA:323,30,0,0
BRDA:323,30,1,0
BRDA:327,31,0,0
BRDA:327,31,1,0
BRF:62
BRH:20
end_of_record
TN:
SF:C:\amttp\contracts\interfaces\IAMTTP.sol
FNF:0
FNH:0
LF:0
LH:0
BRF:0
BRH:0
end_of_record
TN:
SF:C:\amttp\contracts\interfaces\IBiconomy.sol
FNF:0
FNH:0
LF:0
LH:0
BRF:0
BRH:0
end_of_record
TN:
SF:C:\amttp\contracts\interfaces\IKleros.sol
FNF:0
FNH:0
LF:0
LH:0
BRF:0
BRH:0
end_of_record
TN:
SF:C:\amttp\contracts\interfaces\ILayerZero.sol
FNF:0
FNH:0
LF:0
LH:0
BRF:0
BRH:0
end_of_record
TN:
SF:C:\amttp\contracts\interfaces\ISafe.sol
FNF:0
FNH:0
LF:0
LH:0
BRF:0
BRH:0
end_of_record
TN:
SF:C:\amttp\contracts\mocks\MockArbitrator.sol
FN:31,createDispute
FN:53,arbitrationCost
FN:62,currentRuling
FN:78,giveRuling
FN:82,_giveRuling
FN:99,autoApprove
FN:106,reject
FN:113,withdraw
FNF:8
FNH:2
FNDA:1,createDispute
FNDA:2,arbitrationCost
FNDA:0,currentRuling
FNDA:0,giveRuling
FNDA:0,_giveRuling
FNDA:0,autoApprove
FNDA:0,reject
FNDA:0,withdraw
DA:35,1
DA:37,1
DA:38,1
DA:45,1
DA:47,1
DA:56,2
DA:65,0
DA:79,0
DA:83,0
DA:84,0
DA:85,0
DA:87,0
DA:88,0
DA:91,0
DA:93,0
DA:100,0
DA:107,0
DA:114,0
LF:18
LH:6
BRDA:35,1,0,1
BRDA:35,1,1,0
BRDA:84,2,0,0
BRDA:84,2,1,0
BRDA:85,3,0,0
BRDA:85,3,1,0
BRF:6
BRH:1
end_of_record
TN:
SF:C:\amttp\contracts\mocks\MockERC20.sol
FN:7,constructor
FN:9,mint
FNF:2
FNH:2
FNDA:11,constructor
FNDA:22,mint
DA:10,22
LF:1
LH:1
BRF:0
BRH:0
end_of_record
TN:
SF:C:\amttp\contracts\mocks\MockERC721.sol
FN:10,constructor
FN:12,mint
FNF:2
FNH:2
FNDA:11,constructor
FNDA:22,mint
DA:13,22
DA:14,22
DA:15,22
LF:3
LH:3
BRF:0
BRH:0
end_of_record
TN:
SF:C:\amttp\contracts\mocks\MockLayerZeroEndpoint.sol
FN:55,constructor
FN:61,send
FN:109,estimateFees
FN:132,deliverMessage
FN:163,simulateReceive
FN:192,setMockFee
FN:201,linkEndpoint
FN:208,getPendingMessagesCount
FN:214,getInboundNonce
FN:223,getOutboundNonce
FN:232,retryPayload
FN:243,hasStoredPayload
FN:254,getSendLibraryAddress
FN:264,getReceiveLibraryAddress
FN:274,isSendingPayload
FN:278,isReceivingPayload
FN:282,getChainId
FN:288,setConfig
FN:301,setSendVersion
FN:305,setReceiveVersion
FN:309,forceResumeReceive
FNF:21
FNH:1
FNDA:5,constructor
FNDA:0,send
FNDA:0,estimateFees
FNDA:0,deliverMessage
FNDA:0,simulateReceive
FNDA:0,setMockFee
FNDA:0,linkEndpoint
FNDA:0,getPendingMessagesCount
FNDA:0,getInboundNonce
FNDA:0,getOutboundNonce
FNDA:0,retryPayload
FNDA:0,hasStoredPayload
FNDA:0,getSendLibraryAddress
FNDA:0,getReceiveLibraryAddress
FNDA:0,isSendingPayload
FNDA:0,isReceivingPayload
FNDA:0,getChainId
FNDA:0,setConfig
FNDA:0,setSendVersion
FNDA:0,setReceiveVersion
FNDA:0,forceResumeReceive
DA:56,5
DA:69,0
DA:72,0
DA:73,0
DA:76,0
DA:77,0
DA:78,0
DA:81,0
DA:85,0
DA:94,0
DA:97,0
DA:98,0
DA:99,0
DA:103,0
DA:104,0
DA:117,0
DA:118,0
DA:119,0
DA:120,0
DA:121,0
DA:123,0
DA:133,0
DA:134,0
DA:135,0
DA:137,0
DA:140,0
DA:147,0
DA:169,0
DA:170,0
DA:172,0
DA:179,0
DA:193,0
DA:202,0
DA:209,0
DA:220,0
DA:229,0
DA:238,0
DA:239,0
DA:240,0
DA:249,0
DA:250,0
DA:251,0
DA:260,0
DA:261,0
DA:270,0
DA:271,0
DA:275,0
DA:279,0
DA:283,0
DA:295,0
DA:296,0
DA:297,0
DA:298,0
DA:302,0
DA:306,0
DA:310,0
DA:311,0
LF:57
LH:1
BRDA:69,1,0,0
BRDA:69,1,1,0
BRDA:77,2,0,0
BRDA:77,2,1,0
BRDA:79,3,0,0
BRDA:79,3,1,0
BRDA:97,4,0,0
BRDA:97,4,1,0
BRDA:99,5,0,0
BRDA:99,5,1,0
BRDA:133,6,0,0
BRDA:133,6,1,0
BRDA:135,7,0,0
BRDA:135,7,1,0
BRF:14
BRH:0
end_of_record
