{
"contracts\\AMTTPBiconomyModule.sol":{"l":{"139":0,"140":0,"142":0,"143":0,"144":0,"158":0,"159":0,"162":0,"168":0,"169":0,"179":0,"189":0,"190":0,"192":0,"193":0,"209":0,"211":0,"212":0,"215":0,"216":0,"217":0,"221":0,"224":0,"225":0,"226":0,"227":0,"228":0,"229":0,"235":0,"236":0,"240":0,"241":0,"243":0,"245":0,"246":0,"251":0,"253":0,"265":0,"266":0,"269":0,"270":0,"272":0,"273":0,"275":0,"276":0,"278":0,"279":0,"284":0,"285":0,"288":0,"305":0,"306":0,"307":0,"308":0,"310":0,"322":0,"324":0,"331":0,"333":0,"334":0,"341":0,"348":0,"349":0,"361":0,"362":0,"369":0,"375":0,"376":0,"380":0,"384":0,"388":0,"389":0,"393":0,"397":0,"407":0,"408":0,"410":0,"411":0,"413":0,"414":0,"423":0,"424":0,"426":0,"427":0,"428":0,"434":0,"435":0,"438":0,"439":0,"443":0,"444":0,"446":0,"447":0,"450":0,"454":0,"455":0,"456":0,"459":0,"460":0,"461":0,"465":0,"466":0,"467":0,"470":0,"471":0,"472":0,"482":0,"485":0,"486":0,"495":0,"496":0,"505":0,"506":0,"507":0,"508":0,"509":0,"513":0,"514":0,"523":0,"524":0,"525":0,"527":0,"528":0,"529":0,"530":0,"534":0,"535":0,"544":0,"558":0,"561":0,"562":0,"564":0,"565":0,"568":0,"572":0,"573":0,"581":0,"583":0,"592":0,"595":0,"596":0,"599":0,"600":0,"604":0,"605":0,"607":0,"609":0,"612":0,"621":0,"623":0,"624":0,"626":0,"628":0,"629":0,"630":0,"638":0,"639":0,"641":0,"646":0,"647":0,"649":0},"path":"C:\\amttp\\contracts\\AMTTPBiconomyModule.sol","s":{"1":0,"2":0,"3":0,"4":0,"5":0,"6":0,"7":0,"8":0,"9":0,"10":0,"11":0,"12":0,"13":0,"14":0,"15":0,"16":0,"17":0,"18":0,"19":0,"20":0,"21":0,"22":0,"23":0,"24":0,"25":0,"26":0,"27":0,"28":0,"29":0,"30":0,"31":0,"32":0,"33":0,"34":0,"35":0,"36":0,"37":0,"38":0,"39":0,"40":0,"41":0,"42":0,"43":0,"44":0,"45":0,"46":0,"47":0,"48":0,"49":0,"50":0,"51":0,"52":0,"53":0,"54":0,"55":0,"56":0,"57":0,"58":0,"59":0,"60":0,"61":0,"62":0,"63":0,"64":0,"65":0,"66":0,"67":0,"68":0,"69":0,"70":0,"71":0,"72":0,"73":0,"74":0,"75":0,"76":0,"77":0,"78":0,"79":0,"80":0,"81":0,"82":0,"83":0,"84":0,"85":0,"86":0,"87":0,"88":0,"89":0,"90":0,"91":0,"92":0,"93":0,"94":0,"95":0,"96":0,"97":0,"98":0,"99":0,"100":0,"101":0,"102":0,"103":0,"104":0,"105":0,"106":0,"107":0,"108":0,"109":0,"110":0,"111":0,"112":0,"113":0,"114":0,"115":0,"116":0,"117":0,"118":0,"119":0},"b":{"1":[0,0],"2":[0,0],"3":[0,0],"4":[0,0],"5":[0,0],"6":[0,0],"7":[0,0],"8":[0,0],"9":[0,0],"10":[0,0],"11":[0,0],"12":[0,0],"13":[0,0],"14":[0,0],"15":[0,0],"16":[0,0],"17":[0,0],"18":[0,0],"19":[0,0],"20":[0,0],"21":[0,0],"22":[0,0],"23":[0,0],"24":[0,0],"25":[0,0],"26":[0,0],"27":[0,0],"28":[0,0],"29":[0,0],"30":[0,0],"31":[0,0],"32":[0,0],"33":[0,0],"34":[0,0],"35":[0,0],"36":[0,0],"37":[0,0],"38":[0,0],"39":[0,0],"40":[0,0],"41":[0,0],"42":[0,0],"43":[0,0],"44":[0,0],"45":[0,0],"46":[0,0],"47":[0,0],"48":[0,0],"49":[0,0],"50":[0,0],"51":[0,0],"52":[0,0],"53":[0,0],"54":[0,0],"55":[0,0],"56":[0,0],"57":[0,0],"58":[0,0],"59":[0,0]},"f":{"1":0,"2":0,"3":0,"4":0,"5":0,"6":0,"7":0,"8":0,"9":0,"10":0,"11":0,"12":0,"13":0,"14":0,"15":0,"16":0,"17":0,"18":0,"19":0,"20":0,"21":0,"22":0,"23":0,"24":0,"25":0,"26":0,"27":0},"fnMap":{"1":{"name":"constructor","line":134,"loc":{"start":{"line":134,"column":4},"end":{"line":145,"column":4}}},"2":{"name":"registerAccount","line":154,"loc":{"start":{"line":154,"column":4},"end":{"line":180,"column":4}}},"3":{"name":"updateAccountConfig","line":185,"loc":{"start":{"line":185,"column":4},"end":{"line":194,"column":4}}},"4":{"name":"validateUserOp","line":205,"loc":{"start":{"line":205,"column":4},"end":{"line":254,"column":4}}},"5":{"name":"validateBatch","line":259,"loc":{"start":{"line":259,"column":4},"end":{"line":289,"column":4}}},"6":{"name":"createSessionKey","line":296,"loc":{"start":{"line":296,"column":4},"end":{"line":325,"column":4}}},"7":{"name":"revokeSessionKey","line":330,"loc":{"start":{"line":330,"column":4},"end":{"line":335,"column":4}}},"8":{"name":"getSessionKeys","line":340,"loc":{"start":{"line":340,"column":4},"end":{"line":342,"column":4}}},"9":{"name":"isSessionKeyValid","line":347,"loc":{"start":{"line":347,"column":4},"end":{"line":353,"column":4}}},"10":{"name":"approvePaymaster","line":360,"loc":{"start":{"line":360,"column":4},"end":{"line":363,"column":4}}},"11":{"name":"isPaymasterApproved","line":368,"loc":{"start":{"line":368,"column":4},"end":{"line":370,"column":4}}},"12":{"name":"setPolicyEngine","line":374,"loc":{"start":{"line":374,"column":4},"end":{"line":377,"column":4}}},"13":{"name":"setMLOracle","line":379,"loc":{"start":{"line":379,"column":4},"end":{"line":381,"column":4}}},"14":{"name":"setRiskCacheTTL","line":383,"loc":{"start":{"line":383,"column":4},"end":{"line":385,"column":4}}},"15":{"name":"setTrustedForwarder","line":387,"loc":{"start":{"line":387,"column":4},"end":{"line":390,"column":4}}},"16":{"name":"pause","line":392,"loc":{"start":{"line":392,"column":4},"end":{"line":394,"column":4}}},"17":{"name":"unpause","line":396,"loc":{"start":{"line":396,"column":4},"end":{"line":398,"column":4}}},"18":{"name":"getSpendingInfo","line":402,"loc":{"start":{"line":402,"column":4},"end":{"line":416,"column":4}}},"19":{"name":"getAccountRisk","line":418,"loc":{"start":{"line":418,"column":4},"end":{"line":429,"column":4}}},"20":{"name":"_checkSpendingLimits","line":433,"loc":{"start":{"line":433,"column":4},"end":{"line":451,"column":4}}},"21":{"name":"_updateSpending","line":453,"loc":{"start":{"line":453,"column":4},"end":{"line":473,"column":4}}},"22":{"name":"_validateSessionKey","line":475,"loc":{"start":{"line":475,"column":4},"end":{"line":550,"column":4}}},"23":{"name":"_performRiskAssessment","line":552,"loc":{"start":{"line":552,"column":4},"end":{"line":589,"column":4}}},"24":{"name":"_calculateSimpleRisk","line":591,"loc":{"start":{"line":591,"column":4},"end":{"line":613,"column":4}}},"25":{"name":"_decodeCallData","line":615,"loc":{"start":{"line":615,"column":4},"end":{"line":633,"column":4}}},"26":{"name":"_extractSessionKey","line":635,"loc":{"start":{"line":635,"column":4},"end":{"line":642,"column":4}}},"27":{"name":"_isAccountOwner","line":644,"loc":{"start":{"line":644,"column":4},"end":{"line":651,"column":4}}}},"statementMap":{"1":{"start":{"line":139,"column":8},"end":{"line":139,"column":64}},"2":{"start":{"line":140,"column":8},"end":{"line":140,"column":68}},"3":{"start":{"line":158,"column":8},"end":{"line":158,"column":66}},"4":{"start":{"line":159,"column":8},"end":{"line":159,"column":56}},"5":{"start":{"line":162,"column":8},"end":{"line":162,"column":5879}},"6":{"start":{"line":179,"column":8},"end":{"line":179,"column":64}},"7":{"start":{"line":189,"column":8},"end":{"line":189,"column":61}},"8":{"start":{"line":190,"column":8},"end":{"line":190,"column":95}},"9":{"start":{"line":193,"column":8},"end":{"line":193,"column":42}},"10":{"start":{"line":209,"column":8},"end":{"line":209,"column":39}},"11":{"start":{"line":211,"column":8},"end":{"line":211,"column":7677}},"12":{"start":{"line":212,"column":12},"end":{"line":212,"column":20}},"13":{"start":{"line":215,"column":8},"end":{"line":215,"column":61}},"14":{"start":{"line":216,"column":8},"end":{"line":216,"column":7865}},"15":{"start":{"line":217,"column":12},"end":{"line":217,"column":20}},"16":{"start":{"line":221,"column":8},"end":{"line":221,"column":93}},"17":{"start":{"line":224,"column":8},"end":{"line":224,"column":8169}},"18":{"start":{"line":225,"column":12},"end":{"line":225,"column":69}},"19":{"start":{"line":226,"column":12},"end":{"line":226,"column":8289}},"20":{"start":{"line":227,"column":16},"end":{"line":227,"column":110}},"21":{"start":{"line":228,"column":16},"end":{"line":228,"column":8455}},"22":{"start":{"line":229,"column":20},"end":{"line":229,"column":28}},"23":{"start":{"line":235,"column":8},"end":{"line":235,"column":8597}},"24":{"start":{"line":236,"column":12},"end":{"line":236,"column":20}},"25":{"start":{"line":240,"column":8},"end":{"line":240,"column":8726}},"26":{"start":{"line":241,"column":12},"end":{"line":241,"column":101}},"27":{"start":{"line":243,"column":12},"end":{"line":243,"column":98}},"28":{"start":{"line":245,"column":12},"end":{"line":245,"column":9010}},"29":{"start":{"line":246,"column":16},"end":{"line":246,"column":24}},"30":{"start":{"line":251,"column":8},"end":{"line":251,"column":38}},"31":{"start":{"line":253,"column":8},"end":{"line":253,"column":16}},"32":{"start":{"line":265,"column":8},"end":{"line":265,"column":9516}},"33":{"start":{"line":269,"column":8},"end":{"line":269,"column":30}},"34":{"start":{"line":272,"column":8},"end":{"line":272,"column":9706}},"35":{"start":{"line":275,"column":12},"end":{"line":275,"column":109}},"36":{"start":{"line":278,"column":12},"end":{"line":278,"column":9997}},"37":{"start":{"line":279,"column":16},"end":{"line":279,"column":46}},"38":{"start":{"line":284,"column":8},"end":{"line":284,"column":10141}},"39":{"start":{"line":285,"column":12},"end":{"line":285,"column":42}},"40":{"start":{"line":288,"column":8},"end":{"line":288,"column":54}},"41":{"start":{"line":305,"column":8},"end":{"line":305,"column":61}},"42":{"start":{"line":306,"column":8},"end":{"line":306,"column":81}},"43":{"start":{"line":307,"column":8},"end":{"line":307,"column":95}},"44":{"start":{"line":308,"column":8},"end":{"line":308,"column":64}},"45":{"start":{"line":322,"column":8},"end":{"line":322,"column":51}},"46":{"start":{"line":324,"column":8},"end":{"line":324,"column":63}},"47":{"start":{"line":331,"column":8},"end":{"line":331,"column":95}},"48":{"start":{"line":334,"column":8},"end":{"line":334,"column":51}},"49":{"start":{"line":341,"column":8},"end":{"line":341,"column":42}},"50":{"start":{"line":348,"column":8},"end":{"line":348,"column":63}},"51":{"start":{"line":349,"column":8},"end":{"line":349,"column":12592}},"52":{"start":{"line":362,"column":8},"end":{"line":362,"column":51}},"53":{"start":{"line":369,"column":8},"end":{"line":369,"column":44}},"54":{"start":{"line":375,"column":8},"end":{"line":375,"column":62}},"55":{"start":{"line":389,"column":8},"end":{"line":389,"column":49}},"56":{"start":{"line":393,"column":8},"end":{"line":393,"column":15}},"57":{"start":{"line":397,"column":8},"end":{"line":397,"column":17}},"58":{"start":{"line":407,"column":8},"end":{"line":407,"column":66}},"59":{"start":{"line":408,"column":8},"end":{"line":408,"column":61}},"60":{"start":{"line":413,"column":8},"end":{"line":413,"column":14602}},"61":{"start":{"line":423,"column":8},"end":{"line":423,"column":61}},"62":{"start":{"line":424,"column":8},"end":{"line":424,"column":61}},"63":{"start":{"line":434,"column":8},"end":{"line":434,"column":61}},"64":{"start":{"line":435,"column":8},"end":{"line":435,"column":66}},"65":{"start":{"line":438,"column":8},"end":{"line":438,"column":15546}},"66":{"start":{"line":439,"column":12},"end":{"line":439,"column":24}},"67":{"start":{"line":443,"column":8},"end":{"line":443,"column":53}},"68":{"start":{"line":444,"column":8},"end":{"line":444,"column":88}},"69":{"start":{"line":446,"column":8},"end":{"line":446,"column":15854}},"70":{"start":{"line":447,"column":12},"end":{"line":447,"column":24}},"71":{"start":{"line":450,"column":8},"end":{"line":450,"column":19}},"72":{"start":{"line":454,"column":8},"end":{"line":454,"column":67}},"73":{"start":{"line":455,"column":8},"end":{"line":455,"column":53}},"74":{"start":{"line":456,"column":8},"end":{"line":456,"column":55}},"75":{"start":{"line":459,"column":8},"end":{"line":459,"column":16329}},"76":{"start":{"line":465,"column":8},"end":{"line":465,"column":16522}},"77":{"start":{"line":482,"column":8},"end":{"line":482,"column":63}},"78":{"start":{"line":485,"column":8},"end":{"line":485,"column":17168}},"79":{"start":{"line":486,"column":12},"end":{"line":486,"column":17275}},"80":{"start":{"line":495,"column":8},"end":{"line":495,"column":17535}},"81":{"start":{"line":496,"column":12},"end":{"line":496,"column":17603}},"82":{"start":{"line":505,"column":8},"end":{"line":505,"column":58}},"83":{"start":{"line":506,"column":8},"end":{"line":506,"column":17957}},"84":{"start":{"line":507,"column":12},"end":{"line":507,"column":18031}},"85":{"start":{"line":513,"column":8},"end":{"line":513,"column":18173}},"86":{"start":{"line":514,"column":12},"end":{"line":514,"column":18214}},"87":{"start":{"line":523,"column":8},"end":{"line":523,"column":18497}},"88":{"start":{"line":524,"column":12},"end":{"line":524,"column":42}},"89":{"start":{"line":525,"column":12},"end":{"line":525,"column":40}},"90":{"start":{"line":527,"column":12},"end":{"line":527,"column":18674}},"91":{"start":{"line":528,"column":16},"end":{"line":528,"column":18754}},"92":{"start":{"line":534,"column":12},"end":{"line":534,"column":18926}},"93":{"start":{"line":535,"column":16},"end":{"line":535,"column":18973}},"94":{"start":{"line":544,"column":8},"end":{"line":544,"column":19232}},"95":{"start":{"line":558,"column":8},"end":{"line":558,"column":61}},"96":{"start":{"line":561,"column":8},"end":{"line":561,"column":56}},"97":{"start":{"line":562,"column":8},"end":{"line":562,"column":25}},"98":{"start":{"line":564,"column":8},"end":{"line":564,"column":19825}},"99":{"start":{"line":572,"column":8},"end":{"line":572,"column":20169}},"100":{"start":{"line":573,"column":12},"end":{"line":573,"column":20213}},"101":{"start":{"line":581,"column":8},"end":{"line":581,"column":54}},"102":{"start":{"line":583,"column":8},"end":{"line":583,"column":20502}},"103":{"start":{"line":592,"column":8},"end":{"line":592,"column":26}},"104":{"start":{"line":595,"column":8},"end":{"line":595,"column":24}},"105":{"start":{"line":599,"column":8},"end":{"line":599,"column":21058}},"106":{"start":{"line":604,"column":8},"end":{"line":604,"column":21163}},"107":{"start":{"line":606,"column":15},"end":{"line":606,"column":21229}},"108":{"start":{"line":608,"column":15},"end":{"line":608,"column":21294}},"109":{"start":{"line":612,"column":8},"end":{"line":612,"column":19}},"110":{"start":{"line":621,"column":8},"end":{"line":621,"column":21628}},"111":{"start":{"line":626,"column":12},"end":{"line":626,"column":21841}},"112":{"start":{"line":628,"column":16},"end":{"line":628,"column":71}},"113":{"start":{"line":629,"column":16},"end":{"line":629,"column":72}},"114":{"start":{"line":638,"column":8},"end":{"line":638,"column":22373}},"115":{"start":{"line":639,"column":12},"end":{"line":639,"column":53}},"116":{"start":{"line":641,"column":8},"end":{"line":641,"column":25}},"117":{"start":{"line":646,"column":8},"end":{"line":646,"column":22682}},"118":{"start":{"line":647,"column":12},"end":{"line":647,"column":28}},"119":{"start":{"line":649,"column":12},"end":{"line":649,"column":24}}},"branchMap":{"1":{"line":139,"type":"if","locations":[{"start":{"line":139,"column":8},"end":{"line":139,"column":8}},{"start":{"line":139,"column":8},"end":{"line":139,"column":8}}]},"2":{"line":140,"type":"if","locations":[{"start":{"line":140,"column":8},"end":{"line":140,"column":8}},{"start":{"line":140,"column":8},"end":{"line":140,"column":8}}]},"3":{"line":158,"type":"if","locations":[{"start":{"line":158,"column":8},"end":{"line":158,"column":8}},{"start":{"line":158,"column":8},"end":{"line":158,"column":8}}]},"4":{"line":159,"type":"if","locations":[{"start":{"line":159,"column":8},"end":{"line":159,"column":8}},{"start":{"line":159,"column":8},"end":{"line":159,"column":8}}]},"5":{"line":162,"type":"if","locations":[{"start":{"line":162,"column":8},"end":{"line":162,"column":8}},{"start":{"line":162,"column":8},"end":{"line":162,"column":8}}]},"6":{"line":163,"type":"cond-expr","locations":[{"start":{"line":163,"column":12},"end":{"line":163,"column":32}},{"start":{"line":164,"column":12},"end":{"line":164,"column":64}}]},"7":{"line":189,"type":"if","locations":[{"start":{"line":189,"column":8},"end":{"line":189,"column":8}},{"start":{"line":189,"column":8},"end":{"line":189,"column":8}}]},"8":{"line":190,"type":"if","locations":[{"start":{"line":190,"column":8},"end":{"line":190,"column":8}},{"start":{"line":190,"column":8},"end":{"line":190,"column":8}}]},"9":{"line":190,"type":"cond-expr","locations":[{"start":{"line":190,"column":16},"end":{"line":190,"column":36}},{"start":{"line":190,"column":41},"end":{"line":190,"column":76}}]},"10":{"line":211,"type":"if","locations":[{"start":{"line":211,"column":8},"end":{"line":211,"column":8}},{"start":{"line":211,"column":8},"end":{"line":211,"column":8}}]},"11":{"line":216,"type":"if","locations":[{"start":{"line":216,"column":8},"end":{"line":216,"column":8}},{"start":{"line":216,"column":8},"end":{"line":216,"column":8}}]},"12":{"line":224,"type":"if","locations":[{"start":{"line":224,"column":8},"end":{"line":224,"column":8}},{"start":{"line":224,"column":8},"end":{"line":224,"column":8}}]},"13":{"line":226,"type":"if","locations":[{"start":{"line":226,"column":12},"end":{"line":226,"column":12}},{"start":{"line":226,"column":12},"end":{"line":226,"column":12}}]},"14":{"line":228,"type":"if","locations":[{"start":{"line":228,"column":16},"end":{"line":228,"column":16}},{"start":{"line":228,"column":16},"end":{"line":228,"column":16}}]},"15":{"line":235,"type":"if","locations":[{"start":{"line":235,"column":8},"end":{"line":235,"column":8}},{"start":{"line":235,"column":8},"end":{"line":235,"column":8}}]},"16":{"line":240,"type":"if","locations":[{"start":{"line":240,"column":8},"end":{"line":240,"column":8}},{"start":{"line":240,"column":8},"end":{"line":240,"column":8}}]},"17":{"line":245,"type":"if","locations":[{"start":{"line":245,"column":12},"end":{"line":245,"column":12}},{"start":{"line":245,"column":12},"end":{"line":245,"column":12}}]},"18":{"line":265,"type":"if","locations":[{"start":{"line":265,"column":8},"end":{"line":265,"column":8}},{"start":{"line":265,"column":8},"end":{"line":265,"column":8}}]},"19":{"line":278,"type":"if","locations":[{"start":{"line":278,"column":12},"end":{"line":278,"column":12}},{"start":{"line":278,"column":12},"end":{"line":278,"column":12}}]},"20":{"line":284,"type":"if","locations":[{"start":{"line":284,"column":8},"end":{"line":284,"column":8}},{"start":{"line":284,"column":8},"end":{"line":284,"column":8}}]},"21":{"line":305,"type":"if","locations":[{"start":{"line":305,"column":8},"end":{"line":305,"column":8}},{"start":{"line":305,"column":8},"end":{"line":305,"column":8}}]},"22":{"line":306,"type":"if","locations":[{"start":{"line":306,"column":8},"end":{"line":306,"column":8}},{"start":{"line":306,"column":8},"end":{"line":306,"column":8}}]},"23":{"line":307,"type":"if","locations":[{"start":{"line":307,"column":8},"end":{"line":307,"column":8}},{"start":{"line":307,"column":8},"end":{"line":307,"column":8}}]},"24":{"line":307,"type":"cond-expr","locations":[{"start":{"line":307,"column":16},"end":{"line":307,"column":36}},{"start":{"line":307,"column":41},"end":{"line":307,"column":76}}]},"25":{"line":308,"type":"if","locations":[{"start":{"line":308,"column":8},"end":{"line":308,"column":8}},{"start":{"line":308,"column":8},"end":{"line":308,"column":8}}]},"26":{"line":331,"type":"if","locations":[{"start":{"line":331,"column":8},"end":{"line":331,"column":8}},{"start":{"line":331,"column":8},"end":{"line":331,"column":8}}]},"27":{"line":331,"type":"cond-expr","locations":[{"start":{"line":331,"column":16},"end":{"line":331,"column":36}},{"start":{"line":331,"column":41},"end":{"line":331,"column":76}}]},"28":{"line":360,"type":"if","locations":[{"start":{"line":360,"column":73},"end":{"line":360,"column":73}},{"start":{"line":360,"column":73},"end":{"line":360,"column":73}}]},"29":{"line":374,"type":"if","locations":[{"start":{"line":374,"column":61},"end":{"line":374,"column":61}},{"start":{"line":374,"column":61},"end":{"line":374,"column":61}}]},"30":{"line":375,"type":"if","locations":[{"start":{"line":375,"column":8},"end":{"line":375,"column":8}},{"start":{"line":375,"column":8},"end":{"line":375,"column":8}}]},"31":{"line":379,"type":"if","locations":[{"start":{"line":379,"column":53},"end":{"line":379,"column":53}},{"start":{"line":379,"column":53},"end":{"line":379,"column":53}}]},"32":{"line":383,"type":"if","locations":[{"start":{"line":383,"column":52},"end":{"line":383,"column":52}},{"start":{"line":383,"column":52},"end":{"line":383,"column":52}}]},"33":{"line":387,"type":"if","locations":[{"start":{"line":387,"column":75},"end":{"line":387,"column":75}},{"start":{"line":387,"column":75},"end":{"line":387,"column":75}}]},"34":{"line":392,"type":"if","locations":[{"start":{"line":392,"column":30},"end":{"line":392,"column":30}},{"start":{"line":392,"column":30},"end":{"line":392,"column":30}}]},"35":{"line":396,"type":"if","locations":[{"start":{"line":396,"column":32},"end":{"line":396,"column":32}},{"start":{"line":396,"column":32},"end":{"line":396,"column":32}}]},"36":{"line":413,"type":"if","locations":[{"start":{"line":413,"column":8},"end":{"line":413,"column":8}},{"start":{"line":413,"column":8},"end":{"line":413,"column":8}}]},"37":{"line":438,"type":"if","locations":[{"start":{"line":438,"column":8},"end":{"line":438,"column":8}},{"start":{"line":438,"column":8},"end":{"line":438,"column":8}}]},"38":{"line":444,"type":"if","locations":[{"start":{"line":444,"column":66},"end":{"line":444,"column":83}},{"start":{"line":444,"column":87},"end":{"line":444,"column":87}}]},"39":{"line":446,"type":"if","locations":[{"start":{"line":446,"column":8},"end":{"line":446,"column":8}},{"start":{"line":446,"column":8},"end":{"line":446,"column":8}}]},"40":{"line":459,"type":"if","locations":[{"start":{"line":459,"column":8},"end":{"line":459,"column":8}},{"start":{"line":459,"column":8},"end":{"line":459,"column":8}}]},"41":{"line":465,"type":"if","locations":[{"start":{"line":465,"column":8},"end":{"line":465,"column":8}},{"start":{"line":465,"column":8},"end":{"line":465,"column":8}}]},"42":{"line":485,"type":"if","locations":[{"start":{"line":485,"column":8},"end":{"line":485,"column":8}},{"start":{"line":485,"column":8},"end":{"line":485,"column":8}}]},"43":{"line":485,"type":"cond-expr","locations":[{"start":{"line":485,"column":12},"end":{"line":485,"column":21}},{"start":{"line":485,"column":26},"end":{"line":485,"column":56}}]},"44":{"line":485,"type":"cond-expr","locations":[{"start":{"line":485,"column":12},"end":{"line":485,"column":56}},{"start":{"line":485,"column":61},"end":{"line":485,"column":91}}]},"45":{"line":495,"type":"if","locations":[{"start":{"line":495,"column":8},"end":{"line":495,"column":8}},{"start":{"line":495,"column":8},"end":{"line":495,"column":8}}]},"46":{"line":507,"type":"if","locations":[{"start":{"line":507,"column":12},"end":{"line":507,"column":12}},{"start":{"line":507,"column":12},"end":{"line":507,"column":12}}]},"47":{"line":513,"type":"if","locations":[{"start":{"line":513,"column":8},"end":{"line":513,"column":8}},{"start":{"line":513,"column":8},"end":{"line":513,"column":8}}]},"48":{"line":523,"type":"if","locations":[{"start":{"line":523,"column":8},"end":{"line":523,"column":8}},{"start":{"line":523,"column":8},"end":{"line":523,"column":8}}]},"49":{"line":528,"type":"if","locations":[{"start":{"line":528,"column":16},"end":{"line":528,"column":16}},{"start":{"line":528,"column":16},"end":{"line":528,"column":16}}]},"50":{"line":534,"type":"if","locations":[{"start":{"line":534,"column":12},"end":{"line":534,"column":12}},{"start":{"line":534,"column":12},"end":{"line":534,"column":12}}]},"51":{"line":564,"type":"if","locations":[{"start":{"line":564,"column":8},"end":{"line":564,"column":8}},{"start":{"line":564,"column":8},"end":{"line":564,"column":8}}]},"52":{"line":572,"type":"if","locations":[{"start":{"line":572,"column":8},"end":{"line":572,"column":8}},{"start":{"line":572,"column":8},"end":{"line":572,"column":8}}]},"53":{"line":599,"type":"if","locations":[{"start":{"line":599,"column":8},"end":{"line":599,"column":8}},{"start":{"line":599,"column":8},"end":{"line":599,"column":8}}]},"54":{"line":604,"type":"if","locations":[{"start":{"line":604,"column":8},"end":{"line":604,"column":8}},{"start":{"line":604,"column":8},"end":{"line":604,"column":8}}]},"55":{"line":606,"type":"if","locations":[{"start":{"line":606,"column":15},"end":{"line":606,"column":15}},{"start":{"line":606,"column":15},"end":{"line":606,"column":15}}]},"56":{"line":608,"type":"if","locations":[{"start":{"line":608,"column":15},"end":{"line":608,"column":15}},{"start":{"line":608,"column":15},"end":{"line":608,"column":15}}]},"57":{"line":621,"type":"if","locations":[{"start":{"line":621,"column":8},"end":{"line":621,"column":8}},{"start":{"line":621,"column":8},"end":{"line":621,"column":8}}]},"58":{"line":626,"type":"if","locations":[{"start":{"line":626,"column":12},"end":{"line":626,"column":12}},{"start":{"line":626,"column":12},"end":{"line":626,"column":12}}]},"59":{"line":638,"type":"if","locations":[{"start":{"line":638,"column":8},"end":{"line":638,"column":8}},{"start":{"line":638,"column":8},"end":{"line":638,"column":8}}]}}},
"contracts\\AMTTPCore.sol":{"l":{"175":0,"176":0,"180":0,"181":0,"185":0,"186":0,"195":1,"199":46,"200":46,"201":46,"202":46,"204":46,"205":46,"206":46,"207":46,"208":46,"211":46,"212":46,"220":35,"221":35,"222":35,"226":0,"227":0,"231":0,"235":0,"236":0,"240":0,"244":13,"245":13,"246":13,"247":13,"251":1,"252":1,"253":1,"257":0,"271":0,"279":0,"283":0,"284":0,"307":4,"308":4,"309":4,"310":4,"313":4,"316":0,"319":0,"320":0,"323":0,"326":0,"341":0,"343":0,"344":0,"346":0,"347":0,"350":0,"367":2,"368":2,"369":2,"370":2,"373":2,"375":0,"376":0,"378":0,"380":0,"395":0,"397":0,"399":0,"411":0,"412":0,"413":0,"414":0,"416":0,"418":0,"420":0,"428":0,"429":0,"430":0,"432":0,"434":0,"436":0,"448":0,"449":0,"450":0,"452":0,"455":0,"456":0,"459":0,"461":0,"462":0,"470":0,"471":0,"473":0,"475":0,"477":0,"478":0,"490":0,"491":0,"492":0,"493":0,"495":0,"497":0,"504":0,"511":0,"513":0,"514":0,"516":0,"517":0,"518":0,"519":0,"521":0,"522":0,"523":0,"539":6,"541":6,"542":6,"543":6,"545":6,"556":0,"557":0,"561":0,"562":0,"565":0,"567":0,"571":0,"572":0,"574":0,"578":0,"579":0,"582":0,"586":0,"588":0,"589":0,"592":0,"593":0,"594":0,"595":0,"597":0,"598":0,"603":0,"604":0,"605":0,"606":0,"609":0,"610":0,"611":0,"614":0,"615":0,"620":0,"621":0,"622":0,"624":0,"633":0,"637":0,"648":0,"663":0,"667":0},"path":"C:\\amttp\\contracts\\AMTTPCore.sol","s":{"1":0,"2":0,"3":0,"4":1,"5":46,"6":46,"7":46,"8":46,"9":46,"10":35,"11":0,"12":0,"13":13,"14":13,"15":13,"16":1,"17":1,"18":0,"19":0,"20":4,"21":4,"22":4,"23":4,"24":4,"25":0,"26":0,"27":0,"28":0,"29":0,"30":0,"31":0,"32":0,"33":0,"34":2,"35":2,"36":2,"37":2,"38":2,"39":0,"40":0,"41":0,"42":0,"43":0,"44":0,"45":0,"46":0,"47":0,"48":0,"49":0,"50":0,"51":0,"52":0,"53":0,"54":0,"55":0,"56":0,"57":0,"58":0,"59":0,"60":0,"61":0,"62":0,"63":0,"64":0,"65":0,"66":0,"67":0,"68":0,"69":0,"70":0,"71":0,"72":0,"73":0,"74":0,"75":0,"76":0,"77":0,"78":0,"79":6,"80":0,"81":6,"82":6,"83":6,"84":6,"85":0,"86":0,"87":0,"88":0,"89":0,"90":0,"91":0,"92":0,"93":0,"94":0,"95":0,"96":0,"97":0,"98":0,"99":0,"100":0,"101":0,"102":0,"103":0,"104":0,"105":0,"106":0,"107":0,"108":0,"109":0,"110":0,"111":0,"112":0,"113":0,"114":0,"115":0,"116":0,"117":0},"b":{"1":[0,0],"2":[0,0],"3":[0,0],"4":[46,0],"5":[35,0],"6":[0,0],"7":[0,0],"8":[0,0],"9":[0,0],"10":[0,0],"11":[13,0],"12":[13,0],"13":[1,0],"14":[1,0],"15":[0,0],"16":[0,0],"17":[0,0],"18":[4,0],"19":[4,0],"20":[0,4],"21":[0,4],"22":[0,4],"23":[0,4],"24":[4,0],"25":[0,0],"26":[0,0],"27":[2,0],"28":[2,0],"29":[0,2],"30":[0,2],"31":[0,2],"32":[0,2],"33":[2,0],"34":[0,0],"35":[0,0],"36":[0,0],"37":[0,0],"38":[0,0],"39":[0,0],"40":[0,0],"41":[0,0],"42":[0,0],"43":[0,0],"44":[0,0],"45":[0,0],"46":[0,0],"47":[0,0],"48":[0,0],"49":[0,0],"50":[0,0],"51":[0,0],"52":[0,0],"53":[0,0],"54":[0,0],"55":[0,0],"56":[0,0],"57":[0,0],"58":[0,0],"59":[0,6],"60":[0,0],"61":[0,0],"62":[0,0],"63":[0,0],"64":[0,0],"65":[0,0],"66":[0,0],"67":[0,0],"68":[0,0],"69":[0,0],"70":[0,0],"71":[0,0],"72":[0,0],"73":[0,0],"74":[0,0],"75":[0,0],"76":[0,0],"77":[0,0]},"f":{"1":0,"2":0,"3":0,"4":1,"5":46,"6":35,"7":0,"8":0,"9":0,"10":0,"11":13,"12":1,"13":0,"14":0,"15":0,"16":4,"17":2,"18":0,"19":0,"20":0,"21":0,"22":0,"23":0,"24":6,"25":0,"26":0,"27":0,"28":0,"29":0,"30":0,"31":0,"32":0,"33":0,"34":0},"fnMap":{"1":{"name":"onlyOracle","line":174,"loc":{"start":{"line":174,"column":4},"end":{"line":177,"column":4}}},"2":{"name":"onlyApprover","line":179,"loc":{"start":{"line":179,"column":4},"end":{"line":182,"column":4}}},"3":{"name":"swapExists","line":184,"loc":{"start":{"line":184,"column":4},"end":{"line":187,"column":4}}},"4":{"name":"constructor","line":194,"loc":{"start":{"line":194,"column":4},"end":{"line":196,"column":4}}},"5":{"name":"initialize","line":198,"loc":{"start":{"line":198,"column":4},"end":{"line":213,"column":4}}},"6":{"name":"setPolicyEngine","line":219,"loc":{"start":{"line":219,"column":4},"end":{"line":223,"column":4}}},"7":{"name":"setDisputeResolver","line":225,"loc":{"start":{"line":225,"column":4},"end":{"line":228,"column":4}}},"8":{"name":"setOracle","line":230,"loc":{"start":{"line":230,"column":4},"end":{"line":232,"column":4}}},"9":{"name":"setGlobalRiskThreshold","line":234,"loc":{"start":{"line":234,"column":4},"end":{"line":237,"column":4}}},"10":{"name":"setActiveModelVersion","line":239,"loc":{"start":{"line":239,"column":4},"end":{"line":241,"column":4}}},"11":{"name":"addApprover","line":243,"loc":{"start":{"line":243,"column":4},"end":{"line":248,"column":4}}},"12":{"name":"removeApprover","line":250,"loc":{"start":{"line":250,"column":4},"end":{"line":254,"column":4}}},"13":{"name":"setApprovalThreshold","line":256,"loc":{"start":{"line":256,"column":4},"end":{"line":258,"column":4}}},"14":{"name":"setUserPolicy","line":270,"loc":{"start":{"line":264,"column":4},"end":{"line":280,"column":4}}},"15":{"name":"setKYCStatus","line":282,"loc":{"start":{"line":282,"column":4},"end":{"line":285,"column":4}}},"16":{"name":"initiateSwap","line":306,"loc":{"start":{"line":299,"column":4},"end":{"line":351,"column":4}}},"17":{"name":"initiateSwapERC20","line":366,"loc":{"start":{"line":357,"column":4},"end":{"line":400,"column":4}}},"18":{"name":"completeSwap","line":410,"loc":{"start":{"line":410,"column":4},"end":{"line":421,"column":4}}},"19":{"name":"refundSwap","line":427,"loc":{"start":{"line":427,"column":4},"end":{"line":437,"column":4}}},"20":{"name":"approveSwap","line":447,"loc":{"start":{"line":447,"column":4},"end":{"line":464,"column":4}}},"21":{"name":"rejectSwap","line":469,"loc":{"start":{"line":469,"column":4},"end":{"line":479,"column":4}}},"22":{"name":"raiseDispute","line":489,"loc":{"start":{"line":489,"column":4},"end":{"line":505,"column":4}}},"23":{"name":"executeDisputeRuling","line":510,"loc":{"start":{"line":510,"column":4},"end":{"line":525,"column":4}}},"24":{"name":"_verifyOracleSignature","line":531,"loc":{"start":{"line":531,"column":4},"end":{"line":546,"column":4}}},"25":{"name":"_determineStatus","line":548,"loc":{"start":{"line":548,"column":4},"end":{"line":583,"column":4}}},"26":{"name":"_checkUserLimits","line":585,"loc":{"start":{"line":585,"column":4},"end":{"line":600,"column":4}}},"27":{"name":"_updateDailySpending","line":602,"loc":{"start":{"line":602,"column":4},"end":{"line":617,"column":4}}},"28":{"name":"_transferFunds","line":619,"loc":{"start":{"line":619,"column":4},"end":{"line":626,"column":4}}},"29":{"name":"getSwap","line":632,"loc":{"start":{"line":632,"column":4},"end":{"line":634,"column":4}}},"30":{"name":"getApprovers","line":636,"loc":{"start":{"line":636,"column":4},"end":{"line":638,"column":4}}},"31":{"name":"getContractStatus","line":640,"loc":{"start":{"line":640,"column":4},"end":{"line":656,"column":4}}},"32":{"name":"pause","line":662,"loc":{"start":{"line":662,"column":4},"end":{"line":664,"column":4}}},"33":{"name":"unpause","line":666,"loc":{"start":{"line":666,"column":4},"end":{"line":668,"column":4}}},"34":{"name":"_authorizeUpgrade","line":670,"loc":{"start":{"line":670,"column":4},"end":{"line":670,"column":87}}}},"statementMap":{"1":{"start":{"line":175,"column":8},"end":{"line":175,"column":77}},"2":{"start":{"line":180,"column":8},"end":{"line":180,"column":82}},"3":{"start":{"line":185,"column":8},"end":{"line":185,"column":68}},"4":{"start":{"line":195,"column":8},"end":{"line":195,"column":29}},"5":{"start":{"line":199,"column":8},"end":{"line":199,"column":23}},"6":{"start":{"line":200,"column":8},"end":{"line":200,"column":31}},"7":{"start":{"line":201,"column":8},"end":{"line":201,"column":31}},"8":{"start":{"line":202,"column":8},"end":{"line":202,"column":24}},"9":{"start":{"line":211,"column":8},"end":{"line":211,"column":33}},"10":{"start":{"line":222,"column":8},"end":{"line":222,"column":47}},"11":{"start":{"line":227,"column":8},"end":{"line":227,"column":53}},"12":{"start":{"line":235,"column":8},"end":{"line":235,"column":61}},"13":{"start":{"line":244,"column":8},"end":{"line":244,"column":58}},"14":{"start":{"line":245,"column":8},"end":{"line":245,"column":32}},"15":{"start":{"line":247,"column":8},"end":{"line":247,"column":37}},"16":{"start":{"line":251,"column":8},"end":{"line":251,"column":53}},"17":{"start":{"line":253,"column":8},"end":{"line":253,"column":39}},"18":{"start":{"line":279,"column":8},"end":{"line":279,"column":36}},"19":{"start":{"line":284,"column":8},"end":{"line":284,"column":36}},"20":{"start":{"line":307,"column":8},"end":{"line":307,"column":46}},"21":{"start":{"line":308,"column":8},"end":{"line":308,"column":56}},"22":{"start":{"line":309,"column":8},"end":{"line":309,"column":65}},"23":{"start":{"line":310,"column":8},"end":{"line":310,"column":61}},"24":{"start":{"line":313,"column":8},"end":{"line":313,"column":130}},"25":{"start":{"line":316,"column":8},"end":{"line":316,"column":46}},"26":{"start":{"line":320,"column":8},"end":{"line":320,"column":66}},"27":{"start":{"line":323,"column":8},"end":{"line":323,"column":102}},"28":{"start":{"line":341,"column":8},"end":{"line":341,"column":50}},"29":{"start":{"line":343,"column":8},"end":{"line":343,"column":76}},"30":{"start":{"line":344,"column":8},"end":{"line":344,"column":70}},"31":{"start":{"line":346,"column":8},"end":{"line":346,"column":13522}},"32":{"start":{"line":347,"column":12},"end":{"line":347,"column":60}},"33":{"start":{"line":350,"column":8},"end":{"line":350,"column":21}},"34":{"start":{"line":367,"column":8},"end":{"line":367,"column":44}},"35":{"start":{"line":368,"column":8},"end":{"line":368,"column":56}},"36":{"start":{"line":369,"column":8},"end":{"line":369,"column":54}},"37":{"start":{"line":370,"column":8},"end":{"line":370,"column":65}},"38":{"start":{"line":373,"column":8},"end":{"line":373,"column":127}},"39":{"start":{"line":376,"column":8},"end":{"line":376,"column":66}},"40":{"start":{"line":378,"column":8},"end":{"line":378,"column":99}},"41":{"start":{"line":395,"column":8},"end":{"line":395,"column":72}},"42":{"start":{"line":397,"column":8},"end":{"line":397,"column":73}},"43":{"start":{"line":399,"column":8},"end":{"line":399,"column":21}},"44":{"start":{"line":411,"column":8},"end":{"line":411,"column":41}},"45":{"start":{"line":412,"column":8},"end":{"line":412,"column":72}},"46":{"start":{"line":413,"column":8},"end":{"line":413,"column":66}},"47":{"start":{"line":414,"column":8},"end":{"line":414,"column":92}},"48":{"start":{"line":418,"column":8},"end":{"line":418,"column":75}},"49":{"start":{"line":420,"column":8},"end":{"line":420,"column":47}},"50":{"start":{"line":428,"column":8},"end":{"line":428,"column":41}},"51":{"start":{"line":429,"column":8},"end":{"line":429,"column":110}},"52":{"start":{"line":430,"column":8},"end":{"line":430,"column":68}},"53":{"start":{"line":434,"column":8},"end":{"line":434,"column":74}},"54":{"start":{"line":436,"column":8},"end":{"line":436,"column":45}},"55":{"start":{"line":448,"column":8},"end":{"line":448,"column":41}},"56":{"start":{"line":449,"column":8},"end":{"line":449,"column":70}},"57":{"start":{"line":450,"column":8},"end":{"line":450,"column":67}},"58":{"start":{"line":459,"column":8},"end":{"line":459,"column":45}},"59":{"start":{"line":461,"column":8},"end":{"line":461,"column":18002}},"60":{"start":{"line":470,"column":8},"end":{"line":470,"column":41}},"61":{"start":{"line":471,"column":8},"end":{"line":471,"column":70}},"62":{"start":{"line":475,"column":8},"end":{"line":475,"column":74}},"63":{"start":{"line":477,"column":8},"end":{"line":477,"column":56}},"64":{"start":{"line":478,"column":8},"end":{"line":478,"column":45}},"65":{"start":{"line":490,"column":8},"end":{"line":490,"column":41}},"66":{"start":{"line":491,"column":8},"end":{"line":491,"column":111}},"67":{"start":{"line":492,"column":8},"end":{"line":492,"column":90}},"68":{"start":{"line":493,"column":8},"end":{"line":493,"column":82}},"69":{"start":{"line":497,"column":8},"end":{"line":497,"column":19540}},"70":{"start":{"line":504,"column":8},"end":{"line":504,"column":44}},"71":{"start":{"line":511,"column":8},"end":{"line":511,"column":80}},"72":{"start":{"line":513,"column":8},"end":{"line":513,"column":41}},"73":{"start":{"line":514,"column":8},"end":{"line":514,"column":72}},"74":{"start":{"line":516,"column":8},"end":{"line":516,"column":20184}},"75":{"start":{"line":518,"column":12},"end":{"line":518,"column":79}},"76":{"start":{"line":519,"column":12},"end":{"line":519,"column":51}},"77":{"start":{"line":522,"column":12},"end":{"line":522,"column":78}},"78":{"start":{"line":523,"column":12},"end":{"line":523,"column":49}},"79":{"start":{"line":539,"column":8},"end":{"line":539,"column":45}},"80":{"start":{"line":539,"column":34},"end":{"line":539,"column":45}},"81":{"start":{"line":541,"column":8},"end":{"line":541,"column":100}},"82":{"start":{"line":542,"column":8},"end":{"line":542,"column":68}},"83":{"start":{"line":543,"column":8},"end":{"line":543,"column":57}},"84":{"start":{"line":545,"column":8},"end":{"line":545,"column":31}},"85":{"start":{"line":556,"column":8},"end":{"line":556,"column":21683}},"86":{"start":{"line":557,"column":12},"end":{"line":557,"column":21767}},"87":{"start":{"line":561,"column":12},"end":{"line":561,"column":21967}},"88":{"start":{"line":562,"column":16},"end":{"line":562,"column":41}},"89":{"start":{"line":563,"column":19},"end":{"line":563,"column":22086}},"90":{"start":{"line":565,"column":16},"end":{"line":565,"column":41}},"91":{"start":{"line":567,"column":12},"end":{"line":567,"column":38}},"92":{"start":{"line":571,"column":8},"end":{"line":571,"column":22386}},"93":{"start":{"line":572,"column":12},"end":{"line":572,"column":37}},"94":{"start":{"line":573,"column":15},"end":{"line":573,"column":22478}},"95":{"start":{"line":574,"column":12},"end":{"line":574,"column":37}},"96":{"start":{"line":578,"column":8},"end":{"line":578,"column":22627}},"97":{"start":{"line":579,"column":12},"end":{"line":579,"column":38}},"98":{"start":{"line":582,"column":8},"end":{"line":582,"column":34}},"99":{"start":{"line":586,"column":8},"end":{"line":586,"column":54}},"100":{"start":{"line":588,"column":8},"end":{"line":588,"column":22927}},"101":{"start":{"line":589,"column":12},"end":{"line":589,"column":76}},"102":{"start":{"line":592,"column":8},"end":{"line":592,"column":23068}},"103":{"start":{"line":593,"column":12},"end":{"line":593,"column":30}},"104":{"start":{"line":597,"column":12},"end":{"line":597,"column":85}},"105":{"start":{"line":598,"column":12},"end":{"line":598,"column":78}},"106":{"start":{"line":603,"column":8},"end":{"line":603,"column":54}},"107":{"start":{"line":604,"column":8},"end":{"line":604,"column":25}},"108":{"start":{"line":609,"column":8},"end":{"line":609,"column":23691}},"109":{"start":{"line":620,"column":8},"end":{"line":620,"column":24044}},"110":{"start":{"line":621,"column":12},"end":{"line":621,"column":54}},"111":{"start":{"line":622,"column":12},"end":{"line":622,"column":49}},"112":{"start":{"line":624,"column":12},"end":{"line":624,"column":49}},"113":{"start":{"line":633,"column":8},"end":{"line":633,"column":28}},"114":{"start":{"line":637,"column":8},"end":{"line":637,"column":24}},"115":{"start":{"line":648,"column":8},"end":{"line":648,"column":24983}},"116":{"start":{"line":663,"column":8},"end":{"line":663,"column":15}},"117":{"start":{"line":667,"column":8},"end":{"line":667,"column":17}}},"branchMap":{"1":{"line":175,"type":"if","locations":[{"start":{"line":175,"column":8},"end":{"line":175,"column":8}},{"start":{"line":175,"column":8},"end":{"line":175,"column":8}}]},"2":{"line":180,"type":"if","locations":[{"start":{"line":180,"column":8},"end":{"line":180,"column":8}},{"start":{"line":180,"column":8},"end":{"line":180,"column":8}}]},"3":{"line":185,"type":"if","locations":[{"start":{"line":185,"column":8},"end":{"line":185,"column":8}},{"start":{"line":185,"column":8},"end":{"line":185,"column":8}}]},"4":{"line":198,"type":"if","locations":[{"start":{"line":198,"column":48},"end":{"line":198,"column":48}},{"start":{"line":198,"column":48},"end":{"line":198,"column":48}}]},"5":{"line":219,"type":"if","locations":[{"start":{"line":219,"column":61},"end":{"line":219,"column":61}},{"start":{"line":219,"column":61},"end":{"line":219,"column":61}}]},"6":{"line":225,"type":"if","locations":[{"start":{"line":225,"column":67},"end":{"line":225,"column":67}},{"start":{"line":225,"column":67},"end":{"line":225,"column":67}}]},"7":{"line":230,"type":"if","locations":[{"start":{"line":230,"column":49},"end":{"line":230,"column":49}},{"start":{"line":230,"column":49},"end":{"line":230,"column":49}}]},"8":{"line":234,"type":"if","locations":[{"start":{"line":234,"column":65},"end":{"line":234,"column":65}},{"start":{"line":234,"column":65},"end":{"line":234,"column":65}}]},"9":{"line":235,"type":"if","locations":[{"start":{"line":235,"column":8},"end":{"line":235,"column":8}},{"start":{"line":235,"column":8},"end":{"line":235,"column":8}}]},"10":{"line":239,"type":"if","locations":[{"start":{"line":239,"column":70},"end":{"line":239,"column":70}},{"start":{"line":239,"column":70},"end":{"line":239,"column":70}}]},"11":{"line":243,"type":"if","locations":[{"start":{"line":243,"column":53},"end":{"line":243,"column":53}},{"start":{"line":243,"column":53},"end":{"line":243,"column":53}}]},"12":{"line":244,"type":"if","locations":[{"start":{"line":244,"column":8},"end":{"line":244,"column":8}},{"start":{"line":244,"column":8},"end":{"line":244,"column":8}}]},"13":{"line":250,"type":"if","locations":[{"start":{"line":250,"column":56},"end":{"line":250,"column":56}},{"start":{"line":250,"column":56},"end":{"line":250,"column":56}}]},"14":{"line":251,"type":"if","locations":[{"start":{"line":251,"column":8},"end":{"line":251,"column":8}},{"start":{"line":251,"column":8},"end":{"line":251,"column":8}}]},"15":{"line":256,"type":"if","locations":[{"start":{"line":256,"column":63},"end":{"line":256,"column":63}},{"start":{"line":256,"column":63},"end":{"line":256,"column":63}}]},"16":{"line":270,"type":"if","locations":[{"start":{"line":270,"column":15},"end":{"line":270,"column":15}},{"start":{"line":270,"column":15},"end":{"line":270,"column":15}}]},"17":{"line":282,"type":"if","locations":[{"start":{"line":282,"column":64},"end":{"line":282,"column":64}},{"start":{"line":282,"column":64},"end":{"line":282,"column":64}}]},"18":{"line":306,"type":"if","locations":[{"start":{"line":306,"column":23},"end":{"line":306,"column":23}},{"start":{"line":306,"column":23},"end":{"line":306,"column":23}}]},"19":{"line":306,"type":"if","locations":[{"start":{"line":306,"column":36},"end":{"line":306,"column":36}},{"start":{"line":306,"column":36},"end":{"line":306,"column":36}}]},"20":{"line":307,"type":"if","locations":[{"start":{"line":307,"column":8},"end":{"line":307,"column":8}},{"start":{"line":307,"column":8},"end":{"line":307,"column":8}}]},"21":{"line":308,"type":"if","locations":[{"start":{"line":308,"column":8},"end":{"line":308,"column":8}},{"start":{"line":308,"column":8},"end":{"line":308,"column":8}}]},"22":{"line":309,"type":"if","locations":[{"start":{"line":309,"column":8},"end":{"line":309,"column":8}},{"start":{"line":309,"column":8},"end":{"line":309,"column":8}}]},"23":{"line":310,"type":"if","locations":[{"start":{"line":310,"column":8},"end":{"line":310,"column":8}},{"start":{"line":310,"column":8},"end":{"line":310,"column":8}}]},"24":{"line":313,"type":"if","locations":[{"start":{"line":313,"column":8},"end":{"line":313,"column":8}},{"start":{"line":313,"column":8},"end":{"line":313,"column":8}}]},"25":{"line":320,"type":"if","locations":[{"start":{"line":320,"column":8},"end":{"line":320,"column":8}},{"start":{"line":320,"column":8},"end":{"line":320,"column":8}}]},"26":{"line":346,"type":"if","locations":[{"start":{"line":346,"column":8},"end":{"line":346,"column":8}},{"start":{"line":346,"column":8},"end":{"line":346,"column":8}}]},"27":{"line":366,"type":"if","locations":[{"start":{"line":366,"column":15},"end":{"line":366,"column":15}},{"start":{"line":366,"column":15},"end":{"line":366,"column":15}}]},"28":{"line":366,"type":"if","locations":[{"start":{"line":366,"column":28},"end":{"line":366,"column":28}},{"start":{"line":366,"column":28},"end":{"line":366,"column":28}}]},"29":{"line":367,"type":"if","locations":[{"start":{"line":367,"column":8},"end":{"line":367,"column":8}},{"start":{"line":367,"column":8},"end":{"line":367,"column":8}}]},"30":{"line":368,"type":"if","locations":[{"start":{"line":368,"column":8},"end":{"line":368,"column":8}},{"start":{"line":368,"column":8},"end":{"line":368,"column":8}}]},"31":{"line":369,"type":"if","locations":[{"start":{"line":369,"column":8},"end":{"line":369,"column":8}},{"start":{"line":369,"column":8},"end":{"line":369,"column":8}}]},"32":{"line":370,"type":"if","locations":[{"start":{"line":370,"column":8},"end":{"line":370,"column":8}},{"start":{"line":370,"column":8},"end":{"line":370,"column":8}}]},"33":{"line":373,"type":"if","locations":[{"start":{"line":373,"column":8},"end":{"line":373,"column":8}},{"start":{"line":373,"column":8},"end":{"line":373,"column":8}}]},"34":{"line":376,"type":"if","locations":[{"start":{"line":376,"column":8},"end":{"line":376,"column":8}},{"start":{"line":376,"column":8},"end":{"line":376,"column":8}}]},"35":{"line":410,"type":"if","locations":[{"start":{"line":410,"column":69},"end":{"line":410,"column":69}},{"start":{"line":410,"column":69},"end":{"line":410,"column":69}}]},"36":{"line":410,"type":"if","locations":[{"start":{"line":410,"column":82},"end":{"line":410,"column":82}},{"start":{"line":410,"column":82},"end":{"line":410,"column":82}}]},"37":{"line":412,"type":"if","locations":[{"start":{"line":412,"column":8},"end":{"line":412,"column":8}},{"start":{"line":412,"column":8},"end":{"line":412,"column":8}}]},"38":{"line":413,"type":"if","locations":[{"start":{"line":413,"column":8},"end":{"line":413,"column":8}},{"start":{"line":413,"column":8},"end":{"line":413,"column":8}}]},"39":{"line":414,"type":"if","locations":[{"start":{"line":414,"column":8},"end":{"line":414,"column":8}},{"start":{"line":414,"column":8},"end":{"line":414,"column":8}}]},"40":{"line":427,"type":"if","locations":[{"start":{"line":427,"column":49},"end":{"line":427,"column":49}},{"start":{"line":427,"column":49},"end":{"line":427,"column":49}}]},"41":{"line":427,"type":"if","locations":[{"start":{"line":427,"column":62},"end":{"line":427,"column":62}},{"start":{"line":427,"column":62},"end":{"line":427,"column":62}}]},"42":{"line":429,"type":"if","locations":[{"start":{"line":429,"column":8},"end":{"line":429,"column":8}},{"start":{"line":429,"column":8},"end":{"line":429,"column":8}}]},"43":{"line":430,"type":"if","locations":[{"start":{"line":430,"column":8},"end":{"line":430,"column":8}},{"start":{"line":430,"column":8},"end":{"line":430,"column":8}}]},"44":{"line":447,"type":"if","locations":[{"start":{"line":447,"column":50},"end":{"line":447,"column":50}},{"start":{"line":447,"column":50},"end":{"line":447,"column":50}}]},"45":{"line":447,"type":"if","locations":[{"start":{"line":447,"column":63},"end":{"line":447,"column":63}},{"start":{"line":447,"column":63},"end":{"line":447,"column":63}}]},"46":{"line":449,"type":"if","locations":[{"start":{"line":449,"column":8},"end":{"line":449,"column":8}},{"start":{"line":449,"column":8},"end":{"line":449,"column":8}}]},"47":{"line":450,"type":"if","locations":[{"start":{"line":450,"column":8},"end":{"line":450,"column":8}},{"start":{"line":450,"column":8},"end":{"line":450,"column":8}}]},"48":{"line":461,"type":"if","locations":[{"start":{"line":461,"column":8},"end":{"line":461,"column":8}},{"start":{"line":461,"column":8},"end":{"line":461,"column":8}}]},"49":{"line":469,"type":"if","locations":[{"start":{"line":469,"column":73},"end":{"line":469,"column":73}},{"start":{"line":469,"column":73},"end":{"line":469,"column":73}}]},"50":{"line":469,"type":"if","locations":[{"start":{"line":469,"column":86},"end":{"line":469,"column":86}},{"start":{"line":469,"column":86},"end":{"line":469,"column":86}}]},"51":{"line":471,"type":"if","locations":[{"start":{"line":471,"column":8},"end":{"line":471,"column":8}},{"start":{"line":471,"column":8},"end":{"line":471,"column":8}}]},"52":{"line":489,"type":"if","locations":[{"start":{"line":489,"column":85},"end":{"line":489,"column":85}},{"start":{"line":489,"column":85},"end":{"line":489,"column":85}}]},"53":{"line":491,"type":"if","locations":[{"start":{"line":491,"column":8},"end":{"line":491,"column":8}},{"start":{"line":491,"column":8},"end":{"line":491,"column":8}}]},"54":{"line":492,"type":"if","locations":[{"start":{"line":492,"column":8},"end":{"line":492,"column":8}},{"start":{"line":492,"column":8},"end":{"line":492,"column":8}}]},"55":{"line":493,"type":"if","locations":[{"start":{"line":493,"column":8},"end":{"line":493,"column":8}},{"start":{"line":493,"column":8},"end":{"line":493,"column":8}}]},"56":{"line":511,"type":"if","locations":[{"start":{"line":511,"column":8},"end":{"line":511,"column":8}},{"start":{"line":511,"column":8},"end":{"line":511,"column":8}}]},"57":{"line":514,"type":"if","locations":[{"start":{"line":514,"column":8},"end":{"line":514,"column":8}},{"start":{"line":514,"column":8},"end":{"line":514,"column":8}}]},"58":{"line":516,"type":"if","locations":[{"start":{"line":516,"column":8},"end":{"line":516,"column":8}},{"start":{"line":516,"column":8},"end":{"line":516,"column":8}}]},"59":{"line":539,"type":"if","locations":[{"start":{"line":539,"column":8},"end":{"line":539,"column":8}},{"start":{"line":539,"column":8},"end":{"line":539,"column":8}}]},"60":{"line":556,"type":"if","locations":[{"start":{"line":556,"column":8},"end":{"line":556,"column":8}},{"start":{"line":556,"column":8},"end":{"line":556,"column":8}}]},"61":{"line":561,"type":"if","locations":[{"start":{"line":561,"column":12},"end":{"line":561,"column":12}},{"start":{"line":561,"column":12},"end":{"line":561,"column":12}}]},"62":{"line":563,"type":"if","locations":[{"start":{"line":563,"column":19},"end":{"line":563,"column":19}},{"start":{"line":563,"column":19},"end":{"line":563,"column":19}}]},"63":{"line":563,"type":"cond-expr","locations":[{"start":{"line":563,"column":23},"end":{"line":563,"column":70}},{"start":{"line":564,"column":23},"end":{"line":564,"column":70}}]},"64":{"line":571,"type":"if","locations":[{"start":{"line":571,"column":8},"end":{"line":571,"column":8}},{"start":{"line":571,"column":8},"end":{"line":571,"column":8}}]},"65":{"line":573,"type":"if","locations":[{"start":{"line":573,"column":15},"end":{"line":573,"column":15}},{"start":{"line":573,"column":15},"end":{"line":573,"column":15}}]},"66":{"line":578,"type":"if","locations":[{"start":{"line":578,"column":8},"end":{"line":578,"column":8}},{"start":{"line":578,"column":8},"end":{"line":578,"column":8}}]},"67":{"line":588,"type":"if","locations":[{"start":{"line":588,"column":8},"end":{"line":588,"column":8}},{"start":{"line":588,"column":8},"end":{"line":588,"column":8}}]},"68":{"line":589,"type":"if","locations":[{"start":{"line":589,"column":12},"end":{"line":589,"column":12}},{"start":{"line":589,"column":12},"end":{"line":589,"column":12}}]},"69":{"line":592,"type":"if","locations":[{"start":{"line":592,"column":8},"end":{"line":592,"column":8}},{"start":{"line":592,"column":8},"end":{"line":592,"column":8}}]},"70":{"line":597,"type":"if","locations":[{"start":{"line":597,"column":64},"end":{"line":597,"column":80}},{"start":{"line":597,"column":84},"end":{"line":597,"column":84}}]},"71":{"line":598,"type":"if","locations":[{"start":{"line":598,"column":12},"end":{"line":598,"column":12}},{"start":{"line":598,"column":12},"end":{"line":598,"column":12}}]},"72":{"line":609,"type":"if","locations":[{"start":{"line":609,"column":8},"end":{"line":609,"column":8}},{"start":{"line":609,"column":8},"end":{"line":609,"column":8}}]},"73":{"line":620,"type":"if","locations":[{"start":{"line":620,"column":8},"end":{"line":620,"column":8}},{"start":{"line":620,"column":8},"end":{"line":620,"column":8}}]},"74":{"line":622,"type":"if","locations":[{"start":{"line":622,"column":12},"end":{"line":622,"column":12}},{"start":{"line":622,"column":12},"end":{"line":622,"column":12}}]},"75":{"line":662,"type":"if","locations":[{"start":{"line":662,"column":30},"end":{"line":662,"column":30}},{"start":{"line":662,"column":30},"end":{"line":662,"column":30}}]},"76":{"line":666,"type":"if","locations":[{"start":{"line":666,"column":32},"end":{"line":666,"column":32}},{"start":{"line":666,"column":32},"end":{"line":666,"column":32}}]},"77":{"line":670,"type":"if","locations":[{"start":{"line":670,"column":76},"end":{"line":670,"column":76}},{"start":{"line":670,"column":76},"end":{"line":670,"column":76}}]}}},
"contracts\\AMTTPCoreSecure.sol":{"l":{"299":1,"300":1,"304":0,"305":0,"309":0,"310":0,"319":2,"323":7,"324":7,"325":7,"326":7,"329":7,"330":7,"331":7,"332":7,"334":7,"335":7,"336":7,"337":7,"340":7,"341":7,"343":7,"344":7,"355":0,"356":0,"357":0,"364":0,"365":0,"372":1,"373":1,"374":1,"385":0,"386":0,"387":0,"388":0,"389":0,"390":0,"391":0,"403":4,"404":4,"406":4,"407":4,"409":4,"411":4,"412":4,"421":1,"422":1,"424":1,"427":1,"428":2,"429":1,"430":1,"431":1,"435":1,"436":1,"439":1,"447":1,"449":1,"450":1,"463":0,"465":0,"466":0,"467":0,"470":0,"476":0,"485":0,"486":0,"487":0,"488":0,"491":0,"493":0,"496":0,"497":0,"498":0,"499":0,"500":0,"502":0,"505":0,"512":0,"513":0,"514":0,"515":0,"516":0,"518":0,"519":0,"520":0,"522":0,"523":0,"530":0,"531":0,"532":0,"533":0,"534":0,"536":0,"537":0,"539":0,"540":0,"547":0,"548":0,"550":0,"552":0,"560":0,"561":0,"565":0,"569":7,"570":7,"571":7,"572":7,"576":0,"577":0,"578":0,"582":0,"594":0,"595":0,"603":0,"606":0,"607":0,"608":0,"609":0,"613":0,"614":0,"615":0,"616":0,"620":0,"632":0,"633":0,"634":0,"638":0,"655":0,"656":0,"657":0,"665":0,"666":0,"667":0,"677":0,"678":0,"681":0,"682":0,"684":0,"686":0,"693":0,"695":0,"697":0,"699":0,"702":0,"717":1,"725":1,"729":0,"730":0,"754":0,"755":0,"756":0,"757":0,"760":0,"761":0,"762":0,"763":0,"766":0,"769":0,"775":0,"778":0,"780":0,"781":0,"784":0,"786":0,"801":0,"803":0,"804":0,"806":0,"807":0,"810":0,"830":0,"831":0,"832":0,"833":0,"834":0,"837":0,"838":0,"839":0,"840":0,"843":0,"846":0,"852":0,"854":0,"855":0,"857":0,"859":0,"874":0,"876":0,"878":0,"886":0,"887":0,"888":0,"889":0,"891":0,"893":0,"895":0,"899":0,"900":0,"901":0,"903":0,"905":0,"907":0,"915":0,"916":0,"917":0,"920":0,"922":0,"924":0,"925":0,"928":0,"930":0,"931":0,"936":0,"937":0,"939":0,"941":0,"943":0,"944":0,"956":0,"958":0,"959":0,"960":0,"963":0,"964":0,"965":0,"967":0,"969":0,"970":0,"973":0,"975":0,"976":0,"994":0,"995":0,"1002":0,"1003":0,"1011":0,"1020":0,"1021":0,"1022":0,"1023":0,"1025":0,"1027":0,"1034":0,"1038":0,"1040":0,"1041":0,"1043":0,"1044":0,"1045":0,"1046":0,"1048":0,"1049":0,"1050":0,"1072":0,"1073":0,"1077":0,"1085":0,"1086":0,"1088":0,"1089":0,"1092":0,"1095":0,"1096":0,"1097":0,"1098":0,"1099":0,"1102":0,"1104":0,"1105":0,"1106":0,"1109":0,"1112":0,"1122":0,"1123":0,"1127":0,"1128":0,"1131":0,"1133":0,"1136":0,"1137":0,"1139":0,"1142":0,"1143":0,"1146":0,"1150":0,"1152":0,"1153":0,"1156":0,"1157":0,"1158":0,"1159":0,"1161":0,"1162":0,"1167":0,"1168":0,"1169":0,"1170":0,"1173":0,"1174":0,"1175":0,"1178":0,"1179":0,"1184":0,"1185":0,"1186":0,"1189":0,"1198":0,"1202":0,"1206":0,"1210":0,"1214":0,"1226":0,"1260":0,"1261":0,"1262":0,"1266":0,"1284":1,"1288":1,"1296":0},"path":"C:\\amttp\\contracts\\AMTTPCoreSecure.sol","s":{"1":1,"2":0,"3":0,"4":2,"5":7,"6":7,"7":7,"8":7,"9":7,"10":0,"11":0,"12":1,"13":0,"14":0,"15":0,"16":0,"17":0,"18":0,"19":4,"20":4,"21":4,"22":1,"23":1,"24":1,"25":2,"26":1,"27":1,"28":1,"29":0,"30":0,"31":0,"32":0,"33":0,"34":0,"35":0,"36":0,"37":0,"38":0,"39":0,"40":0,"41":0,"42":0,"43":0,"44":0,"45":0,"46":0,"47":0,"48":0,"49":0,"50":0,"51":0,"52":0,"53":0,"54":0,"55":0,"56":0,"57":7,"58":7,"59":7,"60":0,"61":0,"62":0,"63":0,"64":0,"65":0,"66":0,"67":0,"68":0,"69":0,"70":0,"71":0,"72":0,"73":0,"74":0,"75":0,"76":0,"77":0,"78":0,"79":0,"80":0,"81":0,"82":0,"83":0,"84":0,"85":0,"86":0,"87":1,"88":0,"89":0,"90":0,"91":0,"92":0,"93":0,"94":0,"95":0,"96":0,"97":0,"98":0,"99":0,"100":0,"101":0,"102":0,"103":0,"104":0,"105":0,"106":0,"107":0,"108":0,"109":0,"110":0,"111":0,"112":0,"113":0,"114":0,"115":0,"116":0,"117":0,"118":0,"119":0,"120":0,"121":0,"122":0,"123":0,"124":0,"125":0,"126":0,"127":0,"128":0,"129":0,"130":0,"131":0,"132":0,"133":0,"134":0,"135":0,"136":0,"137":0,"138":0,"139":0,"140":0,"141":0,"142":0,"143":0,"144":0,"145":0,"146":0,"147":0,"148":0,"149":0,"150":0,"151":0,"152":0,"153":0,"154":0,"155":0,"156":0,"157":0,"158":0,"159":0,"160":0,"161":0,"162":0,"163":0,"164":0,"165":0,"166":0,"167":0,"168":0,"169":0,"170":0,"171":0,"172":0,"173":0,"174":0,"175":0,"176":0,"177":0,"178":0,"179":0,"180":0,"181":0,"182":0,"183":0,"184":0,"185":0,"186":0,"187":0,"188":0,"189":0,"190":0,"191":0,"192":0,"193":0,"194":0,"195":0,"196":0,"197":0,"198":0,"199":0,"200":0,"201":0,"202":0,"203":0,"204":0,"205":0,"206":0,"207":0,"208":0,"209":0,"210":0,"211":0,"212":0,"213":0,"214":0,"215":0,"216":0,"217":0,"218":0,"219":0,"220":0,"221":0,"222":0,"223":0,"224":0,"225":0,"226":0,"227":0,"228":1,"229":1,"230":0},"b":{"1":[0,1],"2":[0,0],"3":[0,0],"4":[7,0],"5":[0,0],"6":[0,0],"7":[0,0],"8":[0,0],"9":[1,0],"10":[1,0],"11":[0,0],"12":[0,0],"13":[0,0],"14":[0,0],"15":[4,0],"16":[4,0],"17":[4,0],"18":[1,0],"19":[1,0],"20":[1,0],"21":[1,1],"22":[1,0],"23":[1,0],"24":[0,0],"25":[0,0],"26":[0,0],"27":[0,0],"28":[0,0],"29":[0,0],"30":[0,0],"31":[0,0],"32":[0,0],"33":[0,0],"34":[0,0],"35":[0,0],"36":[0,0],"37":[0,0],"38":[0,0],"39":[0,0],"40":[0,0],"41":[0,0],"42":[0,0],"43":[0,0],"44":[0,0],"45":[0,0],"46":[0,0],"47":[7,0],"48":[7,0],"49":[0,0],"50":[0,0],"51":[0,0],"52":[0,0],"53":[0,0],"54":[0,0],"55":[0,0],"56":[0,0],"57":[0,0],"58":[0,0],"59":[0,0],"60":[0,0],"61":[0,0],"62":[0,0],"63":[0,0],"64":[0,0],"65":[0,0],"66":[0,0],"67":[1,0],"68":[0,0],"69":[0,0],"70":[0,0],"71":[0,0],"72":[0,0],"73":[0,0],"74":[0,0],"75":[0,0],"76":[0,0],"77":[0,0],"78":[0,0],"79":[0,0],"80":[0,0],"81":[0,0],"82":[0,0],"83":[0,0],"84":[0,0],"85":[0,0],"86":[0,0],"87":[0,0],"88":[0,0],"89":[0,0],"90":[0,0],"91":[0,0],"92":[0,0],"93":[0,0],"94":[0,0],"95":[0,0],"96":[0,0],"97":[0,0],"98":[0,0],"99":[0,0],"100":[0,0],"101":[0,0],"102":[0,0],"103":[0,0],"104":[0,0],"105":[0,0],"106":[0,0],"107":[0,0],"108":[0,0],"109":[0,0],"110":[0,0],"111":[0,0],"112":[0,0],"113":[0,0],"114":[0,0],"115":[0,0],"116":[0,0],"117":[0,0],"118":[0,0],"119":[0,0],"120":[0,0],"121":[0,0],"122":[0,0],"123":[0,0],"124":[0,0],"125":[0,0],"126":[0,0],"127":[0,0],"128":[0,0],"129":[0,0],"130":[0,0],"131":[0,0],"132":[0,0],"133":[0,0],"134":[0,0],"135":[0,0],"136":[0,0],"137":[0,0],"138":[0,0],"139":[0,0],"140":[0,0],"141":[0,0],"142":[0,0],"143":[0,0],"144":[0,0],"145":[0,0],"146":[1,0],"147":[1,0],"148":[0,0]},"f":{"1":1,"2":0,"3":0,"4":2,"5":7,"6":0,"7":0,"8":1,"9":0,"10":4,"11":1,"12":1,"13":0,"14":0,"15":0,"16":0,"17":0,"18":0,"19":0,"20":7,"21":0,"22":0,"23":0,"24":0,"25":0,"26":0,"27":0,"28":0,"29":0,"30":1,"31":0,"32":0,"33":0,"34":0,"35":0,"36":0,"37":0,"38":0,"39":0,"40":0,"41":0,"42":0,"43":0,"44":0,"45":0,"46":0,"47":0,"48":0,"49":0,"50":0,"51":0,"52":0,"53":0,"54":1,"55":1,"56":0},"fnMap":{"1":{"name":"onlyOracle","line":298,"loc":{"start":{"line":298,"column":4},"end":{"line":301,"column":4}}},"2":{"name":"onlyApprover","line":303,"loc":{"start":{"line":303,"column":4},"end":{"line":306,"column":4}}},"3":{"name":"swapExists","line":308,"loc":{"start":{"line":308,"column":4},"end":{"line":311,"column":4}}},"4":{"name":"constructor","line":318,"loc":{"start":{"line":318,"column":4},"end":{"line":320,"column":4}}},"5":{"name":"initialize","line":322,"loc":{"start":{"line":322,"column":4},"end":{"line":345,"column":4}}},"6":{"name":"setGovernance","line":354,"loc":{"start":{"line":354,"column":4},"end":{"line":358,"column":4}}},"7":{"name":"setUpgradeApprover","line":363,"loc":{"start":{"line":363,"column":4},"end":{"line":366,"column":4}}},"8":{"name":"queueUpgrade","line":371,"loc":{"start":{"line":371,"column":4},"end":{"line":379,"column":4}}},"9":{"name":"executeUpgrade","line":384,"loc":{"start":{"line":384,"column":4},"end":{"line":392,"column":4}}},"10":{"name":"addOracle","line":402,"loc":{"start":{"line":402,"column":4},"end":{"line":414,"column":4}}},"11":{"name":"removeOracle","line":420,"loc":{"start":{"line":420,"column":4},"end":{"line":440,"column":4}}},"12":{"name":"setOracleThreshold","line":446,"loc":{"start":{"line":446,"column":4},"end":{"line":451,"column":4}}},"13":{"name":"queueTimelock","line":462,"loc":{"start":{"line":462,"column":4},"end":{"line":477,"column":4}}},"14":{"name":"executeSetOracle","line":484,"loc":{"start":{"line":484,"column":4},"end":{"line":506,"column":4}}},"15":{"name":"executeSetPolicyEngine","line":511,"loc":{"start":{"line":511,"column":4},"end":{"line":524,"column":4}}},"16":{"name":"executeSetDisputeResolver","line":529,"loc":{"start":{"line":529,"column":4},"end":{"line":541,"column":4}}},"17":{"name":"cancelTimelock","line":546,"loc":{"start":{"line":546,"column":4},"end":{"line":553,"column":4}}},"18":{"name":"setGlobalRiskThreshold","line":559,"loc":{"start":{"line":559,"column":4},"end":{"line":562,"column":4}}},"19":{"name":"setActiveModelVersion","line":564,"loc":{"start":{"line":564,"column":4},"end":{"line":566,"column":4}}},"20":{"name":"addApprover","line":568,"loc":{"start":{"line":568,"column":4},"end":{"line":573,"column":4}}},"21":{"name":"removeApprover","line":575,"loc":{"start":{"line":575,"column":4},"end":{"line":579,"column":4}}},"22":{"name":"setApprovalThreshold","line":581,"loc":{"start":{"line":581,"column":4},"end":{"line":583,"column":4}}},"23":{"name":"setDailyVolumeLimit","line":593,"loc":{"start":{"line":593,"column":4},"end":{"line":596,"column":4}}},"24":{"name":"_checkDailyVolume","line":602,"loc":{"start":{"line":602,"column":4},"end":{"line":621,"column":4}}},"25":{"name":"getDailyVolumeStatus","line":626,"loc":{"start":{"line":626,"column":4},"end":{"line":644,"column":4}}},"26":{"name":"setProtocolFee","line":654,"loc":{"start":{"line":654,"column":4},"end":{"line":658,"column":4}}},"27":{"name":"setFeeRecipient","line":664,"loc":{"start":{"line":664,"column":4},"end":{"line":668,"column":4}}},"28":{"name":"_collectFee","line":676,"loc":{"start":{"line":676,"column":4},"end":{"line":687,"column":4}}},"29":{"name":"withdrawFees","line":692,"loc":{"start":{"line":692,"column":4},"end":{"line":704,"column":4}}},"30":{"name":"setUserPolicy","line":716,"loc":{"start":{"line":710,"column":4},"end":{"line":726,"column":4}}},"31":{"name":"setKYCStatus","line":728,"loc":{"start":{"line":728,"column":4},"end":{"line":731,"column":4}}},"32":{"name":"initiateSwap","line":753,"loc":{"start":{"line":744,"column":4},"end":{"line":811,"column":4}}},"33":{"name":"initiateSwapERC20","line":827,"loc":{"start":{"line":816,"column":4},"end":{"line":879,"column":4}}},"34":{"name":"completeSwap","line":885,"loc":{"start":{"line":885,"column":4},"end":{"line":896,"column":4}}},"35":{"name":"refundSwap","line":898,"loc":{"start":{"line":898,"column":4},"end":{"line":908,"column":4}}},"36":{"name":"approveSwap","line":914,"loc":{"start":{"line":914,"column":4},"end":{"line":933,"column":4}}},"37":{"name":"rejectSwap","line":935,"loc":{"start":{"line":935,"column":4},"end":{"line":945,"column":4}}},"38":{"name":"batchApproveSwaps","line":955,"loc":{"start":{"line":955,"column":4},"end":{"line":979,"column":4}}},"39":{"name":"batchSetUserPolicies","line":993,"loc":{"start":{"line":988,"column":4},"end":{"line":1013,"column":4}}},"40":{"name":"raiseDispute","line":1019,"loc":{"start":{"line":1019,"column":4},"end":{"line":1035,"column":4}}},"41":{"name":"executeDisputeRuling","line":1037,"loc":{"start":{"line":1037,"column":4},"end":{"line":1052,"column":4}}},"42":{"name":"_verifyMultiOracleSignatures","line":1062,"loc":{"start":{"line":1062,"column":4},"end":{"line":1113,"column":4}}},"43":{"name":"_determineStatus","line":1115,"loc":{"start":{"line":1115,"column":4},"end":{"line":1147,"column":4}}},"44":{"name":"_checkUserLimits","line":1149,"loc":{"start":{"line":1149,"column":4},"end":{"line":1164,"column":4}}},"45":{"name":"_updateDailySpending","line":1166,"loc":{"start":{"line":1166,"column":4},"end":{"line":1181,"column":4}}},"46":{"name":"_transferFunds","line":1183,"loc":{"start":{"line":1183,"column":4},"end":{"line":1191,"column":4}}},"47":{"name":"getSwap","line":1197,"loc":{"start":{"line":1197,"column":4},"end":{"line":1199,"column":4}}},"48":{"name":"getApprovers","line":1201,"loc":{"start":{"line":1201,"column":4},"end":{"line":1203,"column":4}}},"49":{"name":"getOracles","line":1205,"loc":{"start":{"line":1205,"column":4},"end":{"line":1207,"column":4}}},"50":{"name":"getTimelockItem","line":1209,"loc":{"start":{"line":1209,"column":4},"end":{"line":1211,"column":4}}},"51":{"name":"isNonceUsed","line":1213,"loc":{"start":{"line":1213,"column":4},"end":{"line":1215,"column":4}}},"52":{"name":"getContractStatus","line":1217,"loc":{"start":{"line":1217,"column":4},"end":{"line":1235,"column":4}}},"53":{"name":"healthCheck","line":1249,"loc":{"start":{"line":1249,"column":4},"end":{"line":1277,"column":4}}},"54":{"name":"pause","line":1283,"loc":{"start":{"line":1283,"column":4},"end":{"line":1285,"column":4}}},"55":{"name":"unpause","line":1287,"loc":{"start":{"line":1287,"column":4},"end":{"line":1289,"column":4}}},"56":{"name":"_authorizeUpgrade","line":1295,"loc":{"start":{"line":1295,"column":4},"end":{"line":1297,"column":4}}}},"statementMap":{"1":{"start":{"line":299,"column":8},"end":{"line":299,"column":78}},"2":{"start":{"line":304,"column":8},"end":{"line":304,"column":82}},"3":{"start":{"line":309,"column":8},"end":{"line":309,"column":68}},"4":{"start":{"line":319,"column":8},"end":{"line":319,"column":29}},"5":{"start":{"line":323,"column":8},"end":{"line":323,"column":23}},"6":{"start":{"line":324,"column":8},"end":{"line":324,"column":31}},"7":{"start":{"line":325,"column":8},"end":{"line":325,"column":31}},"8":{"start":{"line":326,"column":8},"end":{"line":326,"column":24}},"9":{"start":{"line":340,"column":8},"end":{"line":340,"column":33}},"10":{"start":{"line":355,"column":8},"end":{"line":355,"column":63}},"11":{"start":{"line":364,"column":8},"end":{"line":364,"column":83}},"12":{"start":{"line":372,"column":8},"end":{"line":372,"column":73}},"13":{"start":{"line":385,"column":8},"end":{"line":385,"column":69}},"14":{"start":{"line":386,"column":8},"end":{"line":386,"column":60}},"15":{"start":{"line":387,"column":8},"end":{"line":387,"column":65}},"16":{"start":{"line":388,"column":8},"end":{"line":388,"column":75}},"17":{"start":{"line":389,"column":8},"end":{"line":389,"column":49}},"18":{"start":{"line":391,"column":8},"end":{"line":391,"column":40}},"19":{"start":{"line":403,"column":8},"end":{"line":403,"column":64}},"20":{"start":{"line":404,"column":8},"end":{"line":404,"column":52}},"21":{"start":{"line":409,"column":8},"end":{"line":409,"column":46}},"22":{"start":{"line":421,"column":8},"end":{"line":421,"column":47}},"23":{"start":{"line":422,"column":8},"end":{"line":422,"column":70}},"24":{"start":{"line":427,"column":8},"end":{"line":427,"column":16662}},"25":{"start":{"line":428,"column":12},"end":{"line":428,"column":16723}},"26":{"start":{"line":439,"column":8},"end":{"line":439,"column":35}},"27":{"start":{"line":447,"column":8},"end":{"line":447,"column":80}},"28":{"start":{"line":449,"column":8},"end":{"line":449,"column":64}},"29":{"start":{"line":465,"column":8},"end":{"line":465,"column":28}},"30":{"start":{"line":476,"column":8},"end":{"line":476,"column":65}},"31":{"start":{"line":485,"column":8},"end":{"line":485,"column":62}},"32":{"start":{"line":486,"column":8},"end":{"line":486,"column":62}},"33":{"start":{"line":487,"column":8},"end":{"line":487,"column":76}},"34":{"start":{"line":488,"column":8},"end":{"line":488,"column":50}},"35":{"start":{"line":491,"column":8},"end":{"line":491,"column":89}},"36":{"start":{"line":496,"column":8},"end":{"line":496,"column":19271}},"37":{"start":{"line":502,"column":12},"end":{"line":502,"column":56}},"38":{"start":{"line":505,"column":8},"end":{"line":505,"column":71}},"39":{"start":{"line":512,"column":8},"end":{"line":512,"column":62}},"40":{"start":{"line":513,"column":8},"end":{"line":513,"column":62}},"41":{"start":{"line":514,"column":8},"end":{"line":514,"column":76}},"42":{"start":{"line":515,"column":8},"end":{"line":515,"column":50}},"43":{"start":{"line":516,"column":8},"end":{"line":516,"column":93}},"44":{"start":{"line":522,"column":8},"end":{"line":522,"column":47}},"45":{"start":{"line":523,"column":8},"end":{"line":523,"column":77}},"46":{"start":{"line":530,"column":8},"end":{"line":530,"column":62}},"47":{"start":{"line":531,"column":8},"end":{"line":531,"column":62}},"48":{"start":{"line":532,"column":8},"end":{"line":532,"column":76}},"49":{"start":{"line":533,"column":8},"end":{"line":533,"column":50}},"50":{"start":{"line":534,"column":8},"end":{"line":534,"column":96}},"51":{"start":{"line":539,"column":8},"end":{"line":539,"column":53}},"52":{"start":{"line":540,"column":8},"end":{"line":540,"column":80}},"53":{"start":{"line":547,"column":8},"end":{"line":547,"column":74}},"54":{"start":{"line":548,"column":8},"end":{"line":548,"column":72}},"55":{"start":{"line":552,"column":8},"end":{"line":552,"column":43}},"56":{"start":{"line":560,"column":8},"end":{"line":560,"column":61}},"57":{"start":{"line":569,"column":8},"end":{"line":569,"column":58}},"58":{"start":{"line":570,"column":8},"end":{"line":570,"column":32}},"59":{"start":{"line":572,"column":8},"end":{"line":572,"column":37}},"60":{"start":{"line":576,"column":8},"end":{"line":576,"column":53}},"61":{"start":{"line":578,"column":8},"end":{"line":578,"column":39}},"62":{"start":{"line":594,"column":8},"end":{"line":594,"column":62}},"63":{"start":{"line":603,"column":8},"end":{"line":603,"column":53}},"64":{"start":{"line":606,"column":8},"end":{"line":606,"column":23793}},"65":{"start":{"line":607,"column":12},"end":{"line":607,"column":58}},"66":{"start":{"line":613,"column":8},"end":{"line":613,"column":24039}},"67":{"start":{"line":614,"column":12},"end":{"line":614,"column":24084}},"68":{"start":{"line":615,"column":16},"end":{"line":615,"column":84}},"69":{"start":{"line":632,"column":8},"end":{"line":632,"column":53}},"70":{"start":{"line":633,"column":8},"end":{"line":633,"column":83}},"71":{"start":{"line":634,"column":8},"end":{"line":634,"column":24773}},"72":{"start":{"line":638,"column":8},"end":{"line":638,"column":24948}},"73":{"start":{"line":655,"column":8},"end":{"line":655,"column":59}},"74":{"start":{"line":656,"column":8},"end":{"line":656,"column":56}},"75":{"start":{"line":665,"column":8},"end":{"line":665,"column":61}},"76":{"start":{"line":666,"column":8},"end":{"line":666,"column":58}},"77":{"start":{"line":677,"column":8},"end":{"line":677,"column":26358}},"78":{"start":{"line":678,"column":12},"end":{"line":678,"column":25}},"79":{"start":{"line":681,"column":8},"end":{"line":681,"column":55}},"80":{"start":{"line":684,"column":8},"end":{"line":684,"column":52}},"81":{"start":{"line":686,"column":8},"end":{"line":686,"column":27}},"82":{"start":{"line":693,"column":8},"end":{"line":693,"column":62}},"83":{"start":{"line":695,"column":8},"end":{"line":695,"column":26906}},"84":{"start":{"line":697,"column":12},"end":{"line":697,"column":45}},"85":{"start":{"line":699,"column":12},"end":{"line":699,"column":68}},"86":{"start":{"line":702,"column":12},"end":{"line":702,"column":60}},"87":{"start":{"line":725,"column":8},"end":{"line":725,"column":36}},"88":{"start":{"line":730,"column":8},"end":{"line":730,"column":36}},"89":{"start":{"line":754,"column":8},"end":{"line":754,"column":46}},"90":{"start":{"line":755,"column":8},"end":{"line":755,"column":56}},"91":{"start":{"line":756,"column":8},"end":{"line":756,"column":65}},"92":{"start":{"line":757,"column":8},"end":{"line":757,"column":61}},"93":{"start":{"line":760,"column":8},"end":{"line":760,"column":89}},"94":{"start":{"line":761,"column":8},"end":{"line":761,"column":60}},"95":{"start":{"line":763,"column":8},"end":{"line":763,"column":45}},"96":{"start":{"line":766,"column":8},"end":{"line":766,"column":96}},"97":{"start":{"line":769,"column":8},"end":{"line":769,"column":30145}},"98":{"start":{"line":775,"column":8},"end":{"line":775,"column":46}},"99":{"start":{"line":778,"column":8},"end":{"line":778,"column":35}},"100":{"start":{"line":781,"column":8},"end":{"line":781,"column":66}},"101":{"start":{"line":784,"column":8},"end":{"line":784,"column":102}},"102":{"start":{"line":801,"column":8},"end":{"line":801,"column":50}},"103":{"start":{"line":803,"column":8},"end":{"line":803,"column":76}},"104":{"start":{"line":804,"column":8},"end":{"line":804,"column":70}},"105":{"start":{"line":806,"column":8},"end":{"line":806,"column":31552}},"106":{"start":{"line":807,"column":12},"end":{"line":807,"column":60}},"107":{"start":{"line":810,"column":8},"end":{"line":810,"column":21}},"108":{"start":{"line":830,"column":8},"end":{"line":830,"column":60}},"109":{"start":{"line":831,"column":8},"end":{"line":831,"column":44}},"110":{"start":{"line":832,"column":8},"end":{"line":832,"column":56}},"111":{"start":{"line":833,"column":8},"end":{"line":833,"column":54}},"112":{"start":{"line":834,"column":8},"end":{"line":834,"column":65}},"113":{"start":{"line":837,"column":8},"end":{"line":837,"column":89}},"114":{"start":{"line":838,"column":8},"end":{"line":838,"column":60}},"115":{"start":{"line":840,"column":8},"end":{"line":840,"column":45}},"116":{"start":{"line":843,"column":8},"end":{"line":843,"column":96}},"117":{"start":{"line":846,"column":8},"end":{"line":846,"column":33339}},"118":{"start":{"line":852,"column":8},"end":{"line":852,"column":32}},"119":{"start":{"line":855,"column":8},"end":{"line":855,"column":66}},"120":{"start":{"line":857,"column":8},"end":{"line":857,"column":99}},"121":{"start":{"line":874,"column":8},"end":{"line":874,"column":72}},"122":{"start":{"line":876,"column":8},"end":{"line":876,"column":73}},"123":{"start":{"line":878,"column":8},"end":{"line":878,"column":21}},"124":{"start":{"line":886,"column":8},"end":{"line":886,"column":41}},"125":{"start":{"line":887,"column":8},"end":{"line":887,"column":72}},"126":{"start":{"line":888,"column":8},"end":{"line":888,"column":66}},"127":{"start":{"line":889,"column":8},"end":{"line":889,"column":92}},"128":{"start":{"line":893,"column":8},"end":{"line":893,"column":75}},"129":{"start":{"line":895,"column":8},"end":{"line":895,"column":47}},"130":{"start":{"line":899,"column":8},"end":{"line":899,"column":41}},"131":{"start":{"line":900,"column":8},"end":{"line":900,"column":110}},"132":{"start":{"line":901,"column":8},"end":{"line":901,"column":68}},"133":{"start":{"line":905,"column":8},"end":{"line":905,"column":74}},"134":{"start":{"line":907,"column":8},"end":{"line":907,"column":45}},"135":{"start":{"line":915,"column":8},"end":{"line":915,"column":41}},"136":{"start":{"line":916,"column":8},"end":{"line":916,"column":70}},"137":{"start":{"line":917,"column":8},"end":{"line":917,"column":67}},"138":{"start":{"line":920,"column":12},"end":{"line":920,"column":64}},"139":{"start":{"line":928,"column":8},"end":{"line":928,"column":45}},"140":{"start":{"line":930,"column":8},"end":{"line":930,"column":36931}},"141":{"start":{"line":936,"column":8},"end":{"line":936,"column":41}},"142":{"start":{"line":937,"column":8},"end":{"line":937,"column":70}},"143":{"start":{"line":941,"column":8},"end":{"line":941,"column":74}},"144":{"start":{"line":943,"column":8},"end":{"line":943,"column":56}},"145":{"start":{"line":944,"column":8},"end":{"line":944,"column":45}},"146":{"start":{"line":956,"column":8},"end":{"line":956,"column":54}},"147":{"start":{"line":958,"column":8},"end":{"line":958,"column":38063}},"148":{"start":{"line":959,"column":12},"end":{"line":959,"column":39}},"149":{"start":{"line":960,"column":12},"end":{"line":960,"column":45}},"150":{"start":{"line":963,"column":12},"end":{"line":963,"column":50}},"151":{"start":{"line":964,"column":12},"end":{"line":964,"column":59}},"152":{"start":{"line":965,"column":12},"end":{"line":965,"column":55}},"153":{"start":{"line":973,"column":12},"end":{"line":973,"column":49}},"154":{"start":{"line":975,"column":12},"end":{"line":975,"column":38695}},"155":{"start":{"line":994,"column":8},"end":{"line":994,"column":53}},"156":{"start":{"line":995,"column":8},"end":{"line":995,"column":39410}},"157":{"start":{"line":1002,"column":8},"end":{"line":1002,"column":39641}},"158":{"start":{"line":1011,"column":12},"end":{"line":1011,"column":44}},"159":{"start":{"line":1020,"column":8},"end":{"line":1020,"column":41}},"160":{"start":{"line":1021,"column":8},"end":{"line":1021,"column":111}},"161":{"start":{"line":1022,"column":8},"end":{"line":1022,"column":90}},"162":{"start":{"line":1023,"column":8},"end":{"line":1023,"column":82}},"163":{"start":{"line":1027,"column":8},"end":{"line":1027,"column":40851}},"164":{"start":{"line":1034,"column":8},"end":{"line":1034,"column":44}},"165":{"start":{"line":1038,"column":8},"end":{"line":1038,"column":80}},"166":{"start":{"line":1040,"column":8},"end":{"line":1040,"column":41}},"167":{"start":{"line":1041,"column":8},"end":{"line":1041,"column":72}},"168":{"start":{"line":1043,"column":8},"end":{"line":1043,"column":41410}},"169":{"start":{"line":1045,"column":12},"end":{"line":1045,"column":79}},"170":{"start":{"line":1046,"column":12},"end":{"line":1046,"column":51}},"171":{"start":{"line":1049,"column":12},"end":{"line":1049,"column":78}},"172":{"start":{"line":1050,"column":12},"end":{"line":1050,"column":49}},"173":{"start":{"line":1072,"column":8},"end":{"line":1072,"column":41}},"174":{"start":{"line":1072,"column":30},"end":{"line":1072,"column":41}},"175":{"start":{"line":1073,"column":8},"end":{"line":1073,"column":61}},"176":{"start":{"line":1073,"column":49},"end":{"line":1073,"column":61}},"177":{"start":{"line":1077,"column":8},"end":{"line":1077,"column":42831}},"178":{"start":{"line":1085,"column":8},"end":{"line":1085,"column":43}},"179":{"start":{"line":1086,"column":8},"end":{"line":1086,"column":35}},"180":{"start":{"line":1088,"column":8},"end":{"line":1088,"column":43274}},"181":{"start":{"line":1089,"column":12},"end":{"line":1089,"column":70}},"182":{"start":{"line":1092,"column":12},"end":{"line":1092,"column":43}},"183":{"start":{"line":1095,"column":12},"end":{"line":1095,"column":38}},"184":{"start":{"line":1096,"column":12},"end":{"line":1096,"column":43631}},"185":{"start":{"line":1097,"column":16},"end":{"line":1097,"column":43700}},"186":{"start":{"line":1102,"column":12},"end":{"line":1102,"column":39}},"187":{"start":{"line":1109,"column":12},"end":{"line":1109,"column":63}},"188":{"start":{"line":1109,"column":52},"end":{"
[...]
end":{"line":157,"column":63}},"17":{"start":{"line":160,"column":8},"end":{"line":160,"column":5407}},"18":{"start":{"line":161,"column":12},"end":{"line":161,"column":39}},"19":{"start":{"line":164,"column":8},"end":{"line":164,"column":19}},"20":{"start":{"line":174,"column":8},"end":{"line":174,"column":79}},"21":{"start":{"line":176,"column":8},"end":{"line":176,"column":52}},"22":{"start":{"line":177,"column":8},"end":{"line":177,"column":40}},"23":{"start":{"line":180,"column":8},"end":{"line":180,"column":56}},"24":{"start":{"line":183,"column":8},"end":{"line":183,"column":6112}},"25":{"start":{"line":184,"column":12},"end":{"line":184,"column":6201}},"26":{"start":{"line":191,"column":12},"end":{"line":191,"column":6442}},"27":{"start":{"line":192,"column":16},"end":{"line":192,"column":47}},"28":{"start":{"line":193,"column":19},"end":{"line":193,"column":6529}},"29":{"start":{"line":194,"column":16},"end":{"line":194,"column":39}},"30":{"start":{"line":196,"column":16},"end":{"line":196,"column":51}},"31":{"start":{"line":200,"column":12},"end":{"line":200,"column":6753}},"32":{"start":{"line":201,"column":16},"end":{"line":201,"column":52}},"33":{"start":{"line":202,"column":19},"end":{"line":202,"column":6853}},"34":{"start":{"line":203,"column":16},"end":{"line":203,"column":39}},"35":{"start":{"line":205,"column":16},"end":{"line":205,"column":51}},"36":{"start":{"line":214,"column":8},"end":{"line":214,"column":52}},"37":{"start":{"line":218,"column":8},"end":{"line":218,"column":46}},"38":{"start":{"line":221,"column":8},"end":{"line":221,"column":53}},"39":{"start":{"line":222,"column":8},"end":{"line":222,"column":52}},"40":{"start":{"line":224,"column":8},"end":{"line":224,"column":49}},"41":{"start":{"line":232,"column":8},"end":{"line":232,"column":76}},"42":{"start":{"line":239,"column":8},"end":{"line":239,"column":52}},"43":{"start":{"line":243,"column":8},"end":{"line":243,"column":53}},"44":{"start":{"line":245,"column":8},"end":{"line":245,"column":53}},"45":{"start":{"line":252,"column":8},"end":{"line":252,"column":62}},"46":{"start":{"line":254,"column":8},"end":{"line":254,"column":52}},"47":{"start":{"line":256,"column":8},"end":{"line":256,"column":8562}},"48":{"start":{"line":257,"column":12},"end":{"line":257,"column":55}},"49":{"start":{"line":259,"column":12},"end":{"line":259,"column":57}},"50":{"start":{"line":260,"column":12},"end":{"line":260,"column":56}},"51":{"start":{"line":261,"column":12},"end":{"line":261,"column":57}},"52":{"start":{"line":263,"column":12},"end":{"line":263,"column":57}},"53":{"start":{"line":265,"column":12},"end":{"line":265,"column":77}},"54":{"start":{"line":273,"column":8},"end":{"line":273,"column":56}},"55":{"start":{"line":280,"column":8},"end":{"line":280,"column":9475}},"56":{"start":{"line":282,"column":15},"end":{"line":282,"column":9573}},"57":{"start":{"line":288,"column":8},"end":{"line":288,"column":62}},"58":{"start":{"line":295,"column":8},"end":{"line":295,"column":33}},"59":{"start":{"line":302,"column":8},"end":{"line":302,"column":33}},"60":{"start":{"line":309,"column":8},"end":{"line":309,"column":10366}},"61":{"start":{"line":310,"column":12},"end":{"line":310,"column":44}},"62":{"start":{"line":314,"column":8},"end":{"line":314,"column":81}},"63":{"start":{"line":315,"column":8},"end":{"line":315,"column":51}},"64":{"start":{"line":320,"column":8},"end":{"line":320,"column":15}},"65":{"start":{"line":324,"column":8},"end":{"line":324,"column":17}}},"branchMap":{"1":{"line":78,"type":"if","locations":[{"start":{"line":78,"column":8},"end":{"line":78,"column":8}},{"start":{"line":78,"column":8},"end":{"line":78,"column":8}}]},"2":{"line":83,"type":"if","locations":[{"start":{"line":83,"column":8},"end":{"line":83,"column":8}},{"start":{"line":83,"column":8},"end":{"line":83,"column":8}}]},"3":{"line":96,"type":"if","locations":[{"start":{"line":96,"column":13},"end":{"line":96,"column":13}},{"start":{"line":96,"column":13},"end":{"line":96,"column":13}}]},"4":{"line":111,"type":"if","locations":[{"start":{"line":111,"column":63},"end":{"line":111,"column":63}},{"start":{"line":111,"column":63},"end":{"line":111,"column":63}}]},"5":{"line":120,"type":"if","locations":[{"start":{"line":120,"column":65},"end":{"line":120,"column":65}},{"start":{"line":120,"column":65},"end":{"line":120,"column":65}}]},"6":{"line":128,"type":"if","locations":[{"start":{"line":128,"column":67},"end":{"line":128,"column":67}},{"start":{"line":128,"column":67},"end":{"line":128,"column":67}}]},"7":{"line":140,"type":"if","locations":[{"start":{"line":140,"column":15},"end":{"line":140,"column":15}},{"start":{"line":140,"column":15},"end":{"line":140,"column":15}}]},"8":{"line":140,"type":"if","locations":[{"start":{"line":140,"column":28},"end":{"line":140,"column":28}},{"start":{"line":140,"column":28},"end":{"line":140,"column":28}}]},"9":{"line":141,"type":"if","locations":[{"start":{"line":141,"column":8},"end":{"line":141,"column":8}},{"start":{"line":141,"column":8},"end":{"line":141,"column":8}}]},"10":{"line":142,"type":"if","locations":[{"start":{"line":142,"column":8},"end":{"line":142,"column":8}},{"start":{"line":142,"column":8},"end":{"line":142,"column":8}}]},"11":{"line":143,"type":"if","locations":[{"start":{"line":143,"column":8},"end":{"line":143,"column":8}},{"start":{"line":143,"column":8},"end":{"line":143,"column":8}}]},"12":{"line":160,"type":"if","locations":[{"start":{"line":160,"column":8},"end":{"line":160,"column":8}},{"start":{"line":160,"column":8},"end":{"line":160,"column":8}}]},"13":{"line":173,"type":"if","locations":[{"start":{"line":173,"column":15},"end":{"line":173,"column":15}},{"start":{"line":173,"column":15},"end":{"line":173,"column":15}}]},"14":{"line":173,"type":"if","locations":[{"start":{"line":173,"column":26},"end":{"line":173,"column":26}},{"start":{"line":173,"column":26},"end":{"line":173,"column":26}}]},"15":{"line":174,"type":"if","locations":[{"start":{"line":174,"column":8},"end":{"line":174,"column":8}},{"start":{"line":174,"column":8},"end":{"line":174,"column":8}}]},"16":{"line":183,"type":"if","locations":[{"start":{"line":183,"column":8},"end":{"line":183,"column":8}},{"start":{"line":183,"column":8},"end":{"line":183,"column":8}}]},"17":{"line":191,"type":"if","locations":[{"start":{"line":191,"column":12},"end":{"line":191,"column":12}},{"start":{"line":191,"column":12},"end":{"line":191,"column":12}}]},"18":{"line":193,"type":"if","locations":[{"start":{"line":193,"column":19},"end":{"line":193,"column":19}},{"start":{"line":193,"column":19},"end":{"line":193,"column":19}}]},"19":{"line":200,"type":"if","locations":[{"start":{"line":200,"column":12},"end":{"line":200,"column":12}},{"start":{"line":200,"column":12},"end":{"line":200,"column":12}}]},"20":{"line":202,"type":"if","locations":[{"start":{"line":202,"column":19},"end":{"line":202,"column":19}},{"start":{"line":202,"column":19},"end":{"line":202,"column":19}}]},"21":{"line":251,"type":"if","locations":[{"start":{"line":251,"column":64},"end":{"line":251,"column":64}},{"start":{"line":251,"column":64},"end":{"line":251,"column":64}}]},"22":{"line":251,"type":"if","locations":[{"start":{"line":251,"column":75},"end":{"line":251,"column":75}},{"start":{"line":251,"column":75},"end":{"line":251,"column":75}}]},"23":{"line":252,"type":"if","locations":[{"start":{"line":252,"column":8},"end":{"line":252,"column":8}},{"start":{"line":252,"column":8},"end":{"line":252,"column":8}}]},"24":{"line":256,"type":"if","locations":[{"start":{"line":256,"column":8},"end":{"line":256,"column":8}},{"start":{"line":256,"column":8},"end":{"line":256,"column":8}}]},"25":{"line":280,"type":"if","locations":[{"start":{"line":280,"column":8},"end":{"line":280,"column":8}},{"start":{"line":280,"column":8},"end":{"line":280,"column":8}}]},"26":{"line":282,"type":"if","locations":[{"start":{"line":282,"column":15},"end":{"line":282,"column":15}},{"start":{"line":282,"column":15},"end":{"line":282,"column":15}}]},"27":{"line":309,"type":"if","locations":[{"start":{"line":309,"column":8},"end":{"line":309,"column":8}},{"start":{"line":309,"column":8},"end":{"line":309,"column":8}}]},"28":{"line":309,"type":"cond-expr","locations":[{"start":{"line":309,"column":12},"end":{"line":309,"column":35}},{"start":{"line":309,"column":40},"end":{"line":309,"column":75}}]},"29":{"line":319,"type":"if","locations":[{"start":{"line":319,"column":30},"end":{"line":319,"column":30}},{"start":{"line":319,"column":30},"end":{"line":319,"column":30}}]},"30":{"line":323,"type":"if","locations":[{"start":{"line":323,"column":32},"end":{"line":323,"column":32}},{"start":{"line":323,"column":32},"end":{"line":323,"column":32}}]},"31":{"line":327,"type":"if","locations":[{"start":{"line":327,"column":76},"end":{"line":327,"column":76}},{"start":{"line":327,"column":76},"end":{"line":327,"column":76}}]}}},
"contracts\\interfaces\\IAMTTP.sol":{"l":{},"path":"C:\\amttp\\contracts\\interfaces\\IAMTTP.sol","s":{},"b":{},"f":{},"fnMap":{},"statementMap":{},"branchMap":{}},
"contracts\\interfaces\\IBiconomy.sol":{"l":{},"path":"C:\\amttp\\contracts\\interfaces\\IBiconomy.sol","s":{},"b":{},"f":{},"fnMap":{},"statementMap":{},"branchMap":{}},
"contracts\\interfaces\\IKleros.sol":{"l":{},"path":"C:\\amttp\\contracts\\interfaces\\IKleros.sol","s":{},"b":{},"f":{},"fnMap":{},"statementMap":{},"branchMap":{}},
"contracts\\interfaces\\ILayerZero.sol":{"l":{},"path":"C:\\amttp\\contracts\\interfaces\\ILayerZero.sol","s":{},"b":{},"f":{},"fnMap":{},"statementMap":{},"branchMap":{}},
"contracts\\interfaces\\ISafe.sol":{"l":{},"path":"C:\\amttp\\contracts\\interfaces\\ISafe.sol","s":{},"b":{},"f":{},"fnMap":{},"statementMap":{},"branchMap":{}},
"contracts\\mocks\\MockArbitrator.sol":{"l":{"35":1,"37":1,"38":1,"45":1,"47":1,"56":2,"65":0,"79":0,"83":0,"84":0,"85":0,"87":0,"88":0,"91":0,"93":0,"100":0,"107":0,"114":0},"path":"C:\\amttp\\contracts\\mocks\\MockArbitrator.sol","s":{"1":1,"2":1,"3":1,"4":2,"5":0,"6":0,"7":0,"8":0,"9":0,"10":0,"11":0,"12":0,"13":0,"14":0},"b":{"1":[1,0],"2":[0,0],"3":[0,0]},"f":{"1":1,"2":2,"3":0,"4":0,"5":0,"6":0,"7":0,"8":0},"fnMap":{"1":{"name":"createDispute","line":31,"loc":{"start":{"line":31,"column":4},"end":{"line":48,"column":4}}},"2":{"name":"arbitrationCost","line":53,"loc":{"start":{"line":53,"column":4},"end":{"line":57,"column":4}}},"3":{"name":"currentRuling","line":62,"loc":{"start":{"line":62,"column":4},"end":{"line":66,"column":4}}},"4":{"name":"giveRuling","line":78,"loc":{"start":{"line":78,"column":4},"end":{"line":80,"column":4}}},"5":{"name":"_giveRuling","line":82,"loc":{"start":{"line":82,"column":4},"end":{"line":94,"column":4}}},"6":{"name":"autoApprove","line":99,"loc":{"start":{"line":99,"column":4},"end":{"line":101,"column":4}}},"7":{"name":"reject","line":106,"loc":{"start":{"line":106,"column":4},"end":{"line":108,"column":4}}},"8":{"name":"withdraw","line":113,"loc":{"start":{"line":113,"column":4},"end":{"line":115,"column":4}}}},"statementMap":{"1":{"start":{"line":35,"column":8},"end":{"line":35,"column":65}},"2":{"start":{"line":45,"column":8},"end":{"line":45,"column":60}},"3":{"start":{"line":47,"column":8},"end":{"line":47,"column":24}},"4":{"start":{"line":56,"column":8},"end":{"line":56,"column":31}},"5":{"start":{"line":65,"column":8},"end":{"line":65,"column":42}},"6":{"start":{"line":79,"column":8},"end":{"line":79,"column":39}},"7":{"start":{"line":83,"column":8},"end":{"line":83,"column":54}},"8":{"start":{"line":84,"column":8},"end":{"line":84,"column":53}},"9":{"start":{"line":85,"column":8},"end":{"line":85,"column":60}},"10":{"start":{"line":91,"column":8},"end":{"line":91,"column":64}},"11":{"start":{"line":93,"column":8},"end":{"line":93,"column":45}},"12":{"start":{"line":100,"column":8},"end":{"line":100,"column":33}},"13":{"start":{"line":107,"column":8},"end":{"line":107,"column":33}},"14":{"start":{"line":114,"column":8},"end":{"line":114,"column":58}}},"branchMap":{"1":{"line":35,"type":"if","locations":[{"start":{"line":35,"column":8},"end":{"line":35,"column":8}},{"start":{"line":35,"column":8},"end":{"line":35,"column":8}}]},"2":{"line":84,"type":"if","locations":[{"start":{"line":84,"column":8},"end":{"line":84,"column":8}},{"start":{"line":84,"column":8},"end":{"line":84,"column":8}}]},"3":{"line":85,"type":"if","locations":[{"start":{"line":85,"column":8},"end":{"line":85,"column":8}},{"start":{"line":85,"column":8},"end":{"line":85,"column":8}}]}}},
"contracts\\mocks\\MockERC20.sol":{"l":{"10":22},"path":"C:\\amttp\\contracts\\mocks\\MockERC20.sol","s":{"1":22},"b":{},"f":{"1":11,"2":22},"fnMap":{"1":{"name":"constructor","line":7,"loc":{"start":{"line":7,"column":4},"end":{"line":7,"column":83}}},"2":{"name":"mint","line":9,"loc":{"start":{"line":9,"column":4},"end":{"line":11,"column":4}}}},"statementMap":{"1":{"start":{"line":10,"column":8},"end":{"line":10,"column":24}}},"branchMap":{}},
"contracts\\mocks\\MockERC721.sol":{"l":{"13":22,"14":22,"15":22},"path":"C:\\amttp\\contracts\\mocks\\MockERC721.sol","s":{"1":22,"2":22},"b":{},"f":{"1":11,"2":22},"fnMap":{"1":{"name":"constructor","line":10,"loc":{"start":{"line":10,"column":4},"end":{"line":10,"column":84}}},"2":{"name":"mint","line":12,"loc":{"start":{"line":12,"column":4},"end":{"line":16,"column":4}}}},"statementMap":{"1":{"start":{"line":14,"column":8},"end":{"line":14,"column":21}},"2":{"start":{"line":15,"column":8},"end":{"line":15,"column":18}}},"branchMap":{}},
"contracts\\mocks\\MockLayerZeroEndpoint.sol":{"l":{"56":5,"69":0,"72":0,"73":0,"76":0,"77":0,"78":0,"81":0,"85":0,"94":0,"97":0,"98":0,"99":0,"103":0,"104":0,"117":0,"118":0,"119":0,"120":0,"121":0,"123":0,"133":0,"134":0,"135":0,"137":0,"140":0,"147":0,"169":0,"170":0,"172":0,"179":0,"193":0,"202":0,"209":0,"220":0,"229":0,"238":0,"239":0,"240":0,"249":0,"250":0,"251":0,"260":0,"261":0,"270":0,"271":0,"275":0,"279":0,"283":0,"295":0,"296":0,"297":0,"298":0,"302":0,"306":0,"310":0,"311":0},"path":"C:\\amttp\\contracts\\mocks\\MockLayerZeroEndpoint.sol","s":{"1":0,"2":0,"3":0,"4":0,"5":0,"6":0,"7":0,"8":0,"9":0,"10":0,"11":0,"12":0,"13":0,"14":0,"15":0,"16":0,"17":0,"18":0,"19":0,"20":0,"21":0,"22":0,"23":0,"24":0,"25":0,"26":0,"27":0,"28":0},"b":{"1":[0,0],"2":[0,0],"3":[0,0],"4":[0,0],"5":[0,0],"6":[0,0],"7":[0,0]},"f":{"1":5,"2":0,"3":0,"4":0,"5":0,"6":0,"7":0,"8":0,"9":0,"10":0,"11":0,"12":0,"13":0,"14":0,"15":0,"16":0,"17":0,"18":0,"19":0,"20":0,"21":0},"fnMap":{"1":{"name":"constructor","line":55,"loc":{"start":{"line":55,"column":4},"end":{"line":57,"column":4}}},"2":{"name":"send","line":61,"loc":{"start":{"line":61,"column":4},"end":{"line":105,"column":4}}},"3":{"name":"estimateFees","line":109,"loc":{"start":{"line":109,"column":4},"end":{"line":124,"column":4}}},"4":{"name":"deliverMessage","line":132,"loc":{"start":{"line":132,"column":4},"end":{"line":154,"column":4}}},"5":{"name":"simulateReceive","line":163,"loc":{"start":{"line":163,"column":4},"end":{"line":186,"column":4}}},"6":{"name":"setMockFee","line":192,"loc":{"start":{"line":192,"column":4},"end":{"line":194,"column":4}}},"7":{"name":"linkEndpoint","line":201,"loc":{"start":{"line":201,"column":4},"end":{"line":203,"column":4}}},"8":{"name":"getPendingMessagesCount","line":208,"loc":{"start":{"line":208,"column":4},"end":{"line":210,"column":4}}},"9":{"name":"getInboundNonce","line":214,"loc":{"start":{"line":214,"column":4},"end":{"line":221,"column":4}}},"10":{"name":"getOutboundNonce","line":223,"loc":{"start":{"line":223,"column":4},"end":{"line":230,"column":4}}},"11":{"name":"retryPayload","line":232,"loc":{"start":{"line":232,"column":4},"end":{"line":241,"column":4}}},"12":{"name":"hasStoredPayload","line":243,"loc":{"start":{"line":243,"column":4},"end":{"line":252,"column":4}}},"13":{"name":"getSendLibraryAddress","line":254,"loc":{"start":{"line":254,"column":4},"end":{"line":262,"column":4}}},"14":{"name":"getReceiveLibraryAddress","line":264,"loc":{"start":{"line":264,"column":4},"end":{"line":272,"column":4}}},"15":{"name":"isSendingPayload","line":274,"loc":{"start":{"line":274,"column":4},"end":{"line":276,"column":4}}},"16":{"name":"isReceivingPayload","line":278,"loc":{"start":{"line":278,"column":4},"end":{"line":280,"column":4}}},"17":{"name":"getChainId","line":282,"loc":{"start":{"line":282,"column":4},"end":{"line":284,"column":4}}},"18":{"name":"setConfig","line":288,"loc":{"start":{"line":288,"column":4},"end":{"line":299,"column":4}}},"19":{"name":"setSendVersion","line":301,"loc":{"start":{"line":301,"column":4},"end":{"line":303,"column":4}}},"20":{"name":"setReceiveVersion","line":305,"loc":{"start":{"line":305,"column":4},"end":{"line":307,"column":4}}},"21":{"name":"forceResumeReceive","line":309,"loc":{"start":{"line":309,"column":4},"end":{"line":312,"column":4}}}},"statementMap":{"1":{"start":{"line":69,"column":8},"end":{"line":69,"column":56}},"2":{"start":{"line":73,"column":8},"end":{"line":73,"column":69}},"3":{"start":{"line":76,"column":8},"end":{"line":76,"column":24}},"4":{"start":{"line":77,"column":8},"end":{"line":77,"column":2180}},"5":{"start":{"line":79,"column":15},"end":{"line":79,"column":2285}},"6":{"start":{"line":85,"column":8},"end":{"line":85,"column":2523}},"7":{"start":{"line":94,"column":8},"end":{"line":94,"column":79}},"8":{"start":{"line":97,"column":8},"end":{"line":97,"column":2931}},"9":{"start":{"line":98,"column":12},"end":{"line":98,"column":82}},"10":{"start":{"line":99,"column":12},"end":{"line":99,"column":44}},"11":{"start":{"line":123,"column":8},"end":{"line":123,"column":27}},"12":{"start":{"line":133,"column":8},"end":{"line":133,"column":79}},"13":{"start":{"line":134,"column":8},"end":{"line":134,"column":71}},"14":{"start":{"line":135,"column":8},"end":{"line":135,"column":55}},"15":{"start":{"line":140,"column":8},"end":{"line":140,"column":4362}},"16":{"start":{"line":147,"column":8},"end":{"line":147,"column":4568}},"17":{"start":{"line":170,"column":8},"end":{"line":170,"column":69}},"18":{"start":{"line":172,"column":8},"end":{"line":172,"column":5376}},"19":{"start":{"line":179,"column":8},"end":{"line":179,"column":5553}},"20":{"start":{"line":209,"column":8},"end":{"line":209,"column":37}},"21":{"start":{"line":220,"column":8},"end":{"line":220,"column":54}},"22":{"start":{"line":229,"column":8},"end":{"line":229,"column":55}},"23":{"start":{"line":251,"column":8},"end":{"line":251,"column":20}},"24":{"start":{"line":261,"column":8},"end":{"line":261,"column":28}},"25":{"start":{"line":271,"column":8},"end":{"line":271,"column":28}},"26":{"start":{"line":275,"column":8},"end":{"line":275,"column":20}},"27":{"start":{"line":279,"column":8},"end":{"line":279,"column":20}},"28":{"start":{"line":283,"column":8},"end":{"line":283,"column":22}}},"branchMap":{"1":{"line":69,"type":"if","locations":[{"start":{"line":69,"column":8},"end":{"line":69,"column":8}},{"start":{"line":69,"column":8},"end":{"line":69,"column":8}}]},"2":{"line":77,"type":"if","locations":[{"start":{"line":77,"column":8},"end":{"line":77,"column":8}},{"start":{"line":77,"column":8},"end":{"line":77,"column":8}}]},"3":{"line":79,"type":"if","locations":[{"start":{"line":79,"column":15},"end":{"line":79,"column":15}},{"start":{"line":79,"column":15},"end":{"line":79,"column":15}}]},"4":{"line":97,"type":"if","locations":[{"start":{"line":97,"column":8},"end":{"line":97,"column":8}},{"start":{"line":97,"column":8},"end":{"line":97,"column":8}}]},"5":{"line":99,"type":"if","locations":[{"start":{"line":99,"column":12},"end":{"line":99,"column":12}},{"start":{"line":99,"column":12},"end":{"line":99,"column":12}}]},"6":{"line":133,"type":"if","locations":[{"start":{"line":133,"column":8},"end":{"line":133,"column":8}},{"start":{"line":133,"column":8},"end":{"line":133,"column":8}}]},"7":{"line":135,"type":"if","locations":[{"start":{"line":135,"column":8},"end":{"line":135,"column":8}},{"start":{"line":135,"column":8},"end":{"line":135,"column":8}}]}}}}
